#
# There is insufficient memory for the Java Runtime Environment to continue.
# Native memory allocation (mmap) failed to map 126877696 bytes for Failed to commit area from 0x000000008dc00000 to 0x0000000095500000 of length 126877696.
# Possible reasons:
#   The system is out of physical RAM or swap space
#   The process is running with CompressedOops enabled, and the Java Heap may be blocking the growth of the native heap
# Possible solutions:
#   Reduce memory load on the system
#   Increase physical memory or swap space
#   Check if swap backing store is full
#   Decrease Java heap size (-Xmx/-Xms)
#   Decrease number of Java threads
#   Decrease Java thread stack sizes (-Xss)
#   Set larger code cache with -XX:ReservedCodeCacheSize=
#   JVM is running with Unscaled Compressed Oops mode in which the Java heap is
#     placed in the first 4GB address space. The Java Heap base address is the
#     maximum limit for the native heap growth. Please use -XX:HeapBaseMinAddress
#     to set the Java Heap base and to place the Java Heap above 4GB virtual address.
# This output file may be truncated or incomplete.
#
#  Out of Memory Error (./src/hotspot/os/windows/os_windows.cpp:3301), pid=74680, tid=75224
#
# JRE version: OpenJDK Runtime Environment (11.0.11+9) (build 11.0.11+9-b60-7590822)
# Java VM: OpenJDK 64-Bit Server VM (11.0.11+9-b60-7590822, mixed mode, tiered, compressed oops, g1 gc, windows-amd64)
# No core dump will be written. Minidumps are not enabled by default on client versions of Windows
#

---------------  S U M M A R Y ------------

Command Line: --add-opens=java.base/java.util=ALL-UNNAMED --add-opens=java.base/java.lang=ALL-UNNAMED --add-opens=java.base/java.lang.invoke=ALL-UNNAMED --add-opens=java.base/java.util=ALL-UNNAMED --add-opens=java.prefs/java.util.prefs=ALL-UNNAMED --add-opens=java.prefs/java.util.prefs=ALL-UNNAMED --add-opens=java.base/java.nio.charset=ALL-UNNAMED --add-opens=java.base/java.net=ALL-UNNAMED --add-opens=java.base/java.util.concurrent.atomic=ALL-UNNAMED -Xmx2048m -Dfile.encoding=UTF-8 -Duser.country=RU -Duser.language=ru -Duser.variant org.gradle.launcher.daemon.bootstrap.GradleDaemon 7.2

Host: 11th Gen Intel(R) Core(TM) i5-1135G7 @ 2.40GHz, 8 cores, 7G,  Windows 10 , 64 bit Build 19041 (10.0.19041.1706)
Time: Sun Jun 12 16:19:12 2022 Центральная Азия (зима) elapsed time: 31.013537 seconds (0d 0h 0m 31s)

---------------  T H R E A D  ---------------

Current thread (0x0000023b7c191000):  VMThread "VM Thread" [stack: 0x0000008c4eb00000,0x0000008c4ec00000] [id=75224]

Stack: [0x0000008c4eb00000,0x0000008c4ec00000]
[error occurred during error reporting (printing stack bounds), id 0xc0000005, EXCEPTION_ACCESS_VIOLATION (0xc0000005) at pc=0x0000023b650510e7]

Native frames: (J=compiled Java code, j=interpreted, Vv=VM code, C=native code)
V  [jvm.dll+0x5f214a]
V  [jvm.dll+0x726fb5]
V  [jvm.dll+0x7285cd]
V  [jvm.dll+0x728be5]
V  [jvm.dll+0x728b9b]
V  [jvm.dll+0x5f14e8]
V  [jvm.dll+0x5f1c78]
C  [ntdll.dll+0xa209f]
C  [ntdll.dll+0x51454]
C  [ntdll.dll+0xa0bce]
C  0x0000023b650510e7

VM_Operation (0x0000008c565f5a20): G1CollectForAllocation, mode: safepoint, requested by thread 0x0000023b7f02e800


---------------  P R O C E S S  ---------------

Threads class SMR info:
_java_thread_list=0x0000023b0bbb0a90, length=139, elements={
0x0000023b6153c800, 0x0000023b7c196000, 0x0000023b7c197800, 0x0000023b7cb3c800,
0x0000023b7cb40800, 0x0000023b7cb41800, 0x0000023b7cb43000, 0x0000023b7c1be000,
0x0000023b7c1c1800, 0x0000023b7ccaf000, 0x0000023b7f59a800, 0x0000023b7eec8000,
0x0000023b7e093800, 0x0000023b7e5d0800, 0x0000023b00561800, 0x0000023b7e62f000,
0x0000023b7f5cb000, 0x0000023b7e1eb800, 0x0000023b7e57a800, 0x0000023b7c1b9000,
0x0000023b7c1bf000, 0x0000023b7c1bd800, 0x0000023b7c1ba000, 0x0000023b7c1c0000,
0x0000023b7c1bb000, 0x0000023b7c1bb800, 0x0000023b7c1bc800, 0x0000023b00915800,
0x0000023b00916000, 0x0000023b00911000, 0x0000023b00913800, 0x0000023b00917000,
0x0000023b0091b000, 0x0000023b0091a000, 0x0000023b0091d800, 0x0000023b0091e800,
0x0000023b00918800, 0x0000023b0091f000, 0x0000023b00919800, 0x0000023b0091c800,
0x0000023b00920000, 0x0000023b7e4ee000, 0x0000023b7e4ef800, 0x0000023b7e4ec800,
0x0000023b7e4f0800, 0x0000023b7e4ee800, 0x0000023b7e4ed000, 0x0000023b7e4f2000,
0x0000023b7e4f7000, 0x0000023b7e4f6000, 0x0000023b7e4f3800, 0x0000023b7e4f3000,
0x0000023b7e4f1000, 0x0000023b7e4f7800, 0x0000023b7e4f8800, 0x0000023b7e4f9800,
0x0000023b7e4fa000, 0x0000023b7e4f4800, 0x0000023b7e4fb000, 0x0000023b7e4f5800,
0x0000023b00ad0000, 0x0000023b00ace800, 0x0000023b00acf000, 0x0000023b00aca000,
0x0000023b00ad0800, 0x0000023b00acc000, 0x0000023b00acb000, 0x0000023b00ad1800,
0x0000023b00ad2800, 0x0000023b00acc800, 0x0000023b00ad3000, 0x0000023b00acd800,
0x0000023b00ad9000, 0x0000023b00ad8000, 0x0000023b00ad4000, 0x0000023b00ad5000,
0x0000023b00ad5800, 0x0000023b00ad6800, 0x0000023b00ad7800, 0x0000023b00a46800,
0x0000023b00a47800, 0x0000023b00a44800, 0x0000023b00a42000, 0x0000023b00a48800,
0x0000023b00a42800, 0x0000023b00a46000, 0x0000023b00a49000, 0x0000023b00a45000,
0x0000023b00a43800, 0x0000023b00a4a000, 0x0000023b00a4b800, 0x0000023b00a4c800,
0x0000023b00a4d800, 0x0000023b00a4e000, 0x0000023b00a4f800, 0x0000023b00a4f000,
0x0000023b00a50800, 0x0000023b00a4b000, 0x0000023b7f022800, 0x0000023b7f023800,
0x0000023b7f021000, 0x0000023b7f021800, 0x0000023b7f026800, 0x0000023b7f027800,
0x0000023b7f029000, 0x0000023b7f028000, 0x0000023b7f025800, 0x0000023b7f02a000,
0x0000023b7f025000, 0x0000023b7f024000, 0x0000023b7f02b800, 0x0000023b7f02c000,
0x0000023b7f02e800, 0x0000023b7f02f800, 0x0000023b7f02a800, 0x0000023b7f02d000,
0x0000023b7f02e000, 0x0000023b00a78000, 0x0000023b00a74800, 0x0000023b00a74000,
0x0000023b00a72800, 0x0000023b00a79000, 0x0000023b00a76800, 0x0000023b00a75800,
0x0000023b00a7d000, 0x0000023b00a79800, 0x0000023b00a7a800, 0x0000023b00a7b000,
0x0000023b00a7c000, 0x0000023b00a77000, 0x0000023b00a7d800, 0x0000023b00a7e800,
0x0000023b00a7f800, 0x0000023b00a80000, 0x0000023b0091c000, 0x0000023b00c5d000,
0x0000023b00c5a800, 0x0000023b00c5c000, 0x0000023b00c58000
}

Java Threads: ( => current thread )
  0x0000023b6153c800 JavaThread "main" [_thread_blocked, id=74628, stack(0x0000008c4e500000,0x0000008c4e600000)]
  0x0000023b7c196000 JavaThread "Reference Handler" daemon [_thread_blocked, id=68648, stack(0x0000008c4ec00000,0x0000008c4ed00000)]
  0x0000023b7c197800 JavaThread "Finalizer" daemon [_thread_blocked, id=54440, stack(0x0000008c4ed00000,0x0000008c4ee00000)]
  0x0000023b7cb3c800 JavaThread "Signal Dispatcher" daemon [_thread_blocked, id=63288, stack(0x0000008c4ee00000,0x0000008c4ef00000)]
  0x0000023b7cb40800 JavaThread "Attach Listener" daemon [_thread_blocked, id=74008, stack(0x0000008c4ef00000,0x0000008c4f000000)]
  0x0000023b7cb41800 JavaThread "Service Thread" daemon [_thread_blocked, id=68900, stack(0x0000008c4f000000,0x0000008c4f100000)]
  0x0000023b7cb43000 JavaThread "C2 CompilerThread0" daemon [_thread_in_native, id=16464, stack(0x0000008c4f100000,0x0000008c4f200000)]
  0x0000023b7c1be000 JavaThread "C1 CompilerThread0" daemon [_thread_blocked, id=75148, stack(0x0000008c4f200000,0x0000008c4f300000)]
  0x0000023b7c1c1800 JavaThread "Sweeper thread" daemon [_thread_blocked, id=72928, stack(0x0000008c4f300000,0x0000008c4f400000)]
  0x0000023b7ccaf000 JavaThread "Common-Cleaner" daemon [_thread_blocked, id=65104, stack(0x0000008c4f400000,0x0000008c4f500000)]
  0x0000023b7f59a800 JavaThread "Daemon health stats" [_thread_blocked, id=69748, stack(0x0000008c4f900000,0x0000008c4fa00000)]
  0x0000023b7eec8000 JavaThread "Incoming local TCP Connector on port 60845" [_thread_in_native, id=77348, stack(0x0000008c4f600000,0x0000008c4f700000)]
  0x0000023b7e093800 JavaThread "Daemon periodic checks" [_thread_blocked, id=76712, stack(0x0000008c4fa00000,0x0000008c4fb00000)]
  0x0000023b7e5d0800 JavaThread "Daemon" [_thread_blocked, id=55852, stack(0x0000008c4fb00000,0x0000008c4fc00000)]
  0x0000023b00561800 JavaThread "Handler for socket connection from /127.0.0.1:60845 to /127.0.0.1:60846" [_thread_in_native, id=49056, stack(0x0000008c4fc00000,0x0000008c4fd00000)]
  0x0000023b7e62f000 JavaThread "Cancel handler" [_thread_blocked, id=76064, stack(0x0000008c4fd00000,0x0000008c4fe00000)]
  0x0000023b7f5cb000 JavaThread "Daemon worker" [_thread_blocked, id=77316, stack(0x0000008c4fe00000,0x0000008c4ff00000)]
  0x0000023b7e1eb800 JavaThread "Asynchronous log dispatcher for DefaultDaemonConnection: socket connection from /127.0.0.1:60845 to /127.0.0.1:60846" [_thread_blocked, id=74608, stack(0x0000008c4ff00000,0x0000008c50000000)]
  0x0000023b7e57a800 JavaThread "Stdin handler" [_thread_blocked, id=49208, stack(0x0000008c50000000,0x0000008c50100000)]
  0x0000023b7c1b9000 JavaThread "Daemon client event forwarder" [_thread_blocked, id=75584, stack(0x0000008c50100000,0x0000008c50200000)]
  0x0000023b7c1bf000 JavaThread "Cache worker for journal cache (C:\Users\ENVY\.gradle\caches\journal-1)" [_thread_blocked, id=76324, stack(0x0000008c50700000,0x0000008c50800000)]
  0x0000023b7c1bd800 JavaThread "File lock request listener" [_thread_in_native, id=73044, stack(0x0000008c50800000,0x0000008c50900000)]
  0x0000023b7c1ba000 JavaThread "Cache worker for file hash cache (C:\Users\ENVY\.gradle\caches\7.2\fileHashes)" [_thread_blocked, id=40408, stack(0x0000008c50900000,0x0000008c50a00000)]
  0x0000023b7c1c0000 JavaThread "Cache worker for file hash cache (C:\Users\ENVY\Desktop\LoveCalculator42-master\.gradle\7.2\fileHashes)" [_thread_blocked, id=72476, stack(0x0000008c50b00000,0x0000008c50c00000)]
  0x0000023b7c1bb000 JavaThread "File watcher server" daemon [_thread_blocked, id=66268, stack(0x0000008c50c00000,0x0000008c50d00000)]
  0x0000023b7c1bb800 JavaThread "File watcher consumer" daemon [_thread_blocked, id=74316, stack(0x0000008c50d00000,0x0000008c50e00000)]
  0x0000023b7c1bc800 JavaThread "Cache worker for checksums cache (C:\Users\ENVY\Desktop\LoveCalculator42-master\.gradle\checksums)" [_thread_blocked, id=76204, stack(0x0000008c50e00000,0x0000008c50f00000)]
  0x0000023b00915800 JavaThread "Cache worker for cache directory md-supplier (C:\Users\ENVY\.gradle\caches\7.2\md-supplier)" [_thread_blocked, id=77120, stack(0x0000008c50f00000,0x0000008c51000000)]
  0x0000023b00916000 JavaThread "Cache worker for cache directory md-rule (C:\Users\ENVY\.gradle\caches\7.2\md-rule)" [_thread_blocked, id=75488, stack(0x0000008c51000000,0x0000008c51100000)]
  0x0000023b00911000 JavaThread "Cache worker for execution history cache (C:\Users\ENVY\.gradle\caches\7.2\executionHistory)" [_thread_blocked, id=75740, stack(0x0000008c51100000,0x0000008c51200000)]
  0x0000023b00913800 JavaThread "jar transforms" [_thread_blocked, id=20416, stack(0x0000008c51200000,0x0000008c51300000)]
  0x0000023b00917000 JavaThread "Cache worker for file content cache (C:\Users\ENVY\.gradle\caches\7.2\fileContent)" [_thread_blocked, id=34868, stack(0x0000008c51300000,0x0000008c51400000)]
  0x0000023b0091b000 JavaThread "jar transforms Thread 2" [_thread_blocked, id=66288, stack(0x0000008c51400000,0x0000008c51500000)]
  0x0000023b0091a000 JavaThread "Cache worker for dependencies-accessors (C:\Users\ENVY\Desktop\LoveCalculator42-master\.gradle\7.2\dependencies-accessors)" [_thread_blocked, id=77060, stack(0x0000008c51500000,0x0000008c51600000)]
  0x0000023b0091d800 JavaThread "jar transforms Thread 3" [_thread_blocked, id=57812, stack(0x0000008c51600000,0x0000008c51700000)]
  0x0000023b0091e800 JavaThread "Cache worker for Build Output Cleanup Cache (C:\Users\ENVY\Desktop\LoveCalculator42-master\.gradle\buildOutputCleanup)" [_thread_blocked, id=70932, stack(0x0000008c51700000,0x0000008c51800000)]
  0x0000023b00918800 JavaThread "Unconstrained build operations" [_thread_blocked, id=63496, stack(0x0000008c51900000,0x0000008c51a00000)]
  0x0000023b0091f000 JavaThread "Unconstrained build operations Thread 2" [_thread_blocked, id=56644, stack(0x0000008c51a00000,0x0000008c51b00000)]
  0x0000023b00919800 JavaThread "Unconstrained build operations Thread 3" [_thread_blocked, id=59784, stack(0x0000008c51b00000,0x0000008c51c00000)]
  0x0000023b0091c800 JavaThread "Unconstrained build operations Thread 4" [_thread_blocked, id=65948, stack(0x0000008c51c00000,0x0000008c51d00000)]
  0x0000023b00920000 JavaThread "Unconstrained build operations Thread 5" [_thread_blocked, id=77472, stack(0x0000008c51d00000,0x0000008c51e00000)]
  0x0000023b7e4ee000 JavaThread "Unconstrained build operations Thread 6" [_thread_blocked, id=60460, stack(0x0000008c51e00000,0x0000008c51f00000)]
  0x0000023b7e4ef800 JavaThread "Unconstrained build operations Thread 7" [_thread_blocked, id=76808, stack(0x0000008c51f00000,0x0000008c52000000)]
  0x0000023b7e4ec800 JavaThread "Unconstrained build operations Thread 8" [_thread_blocked, id=41360, stack(0x0000008c52000000,0x0000008c52100000)]
  0x0000023b7e4f0800 JavaThread "Unconstrained build operations Thread 9" [_thread_blocked, id=75636, stack(0x0000008c52100000,0x0000008c52200000)]
  0x0000023b7e4ee800 JavaThread "Unconstrained build operations Thread 10" [_thread_blocked, id=75508, stack(0x0000008c52200000,0x0000008c52300000)]
  0x0000023b7e4ed000 JavaThread "Unconstrained build operations Thread 11" [_thread_blocked, id=77448, stack(0x0000008c52300000,0x0000008c52400000)]
  0x0000023b7e4f2000 JavaThread "Unconstrained build operations Thread 12" [_thread_blocked, id=69064, stack(0x0000008c52400000,0x0000008c52500000)]
  0x0000023b7e4f7000 JavaThread "Unconstrained build operations Thread 13" [_thread_blocked, id=73820, stack(0x0000008c52500000,0x0000008c52600000)]
  0x0000023b7e4f6000 JavaThread "Unconstrained build operations Thread 14" [_thread_blocked, id=77808, stack(0x0000008c52600000,0x0000008c52700000)]
  0x0000023b7e4f3800 JavaThread "Unconstrained build operations Thread 15" [_thread_blocked, id=73480, stack(0x0000008c52700000,0x0000008c52800000)]
  0x0000023b7e4f3000 JavaThread "Unconstrained build operations Thread 16" [_thread_blocked, id=77280, stack(0x0000008c52800000,0x0000008c52900000)]
  0x0000023b7e4f1000 JavaThread "Unconstrained build operations Thread 17" [_thread_blocked, id=75964, stack(0x0000008c52900000,0x0000008c52a00000)]
  0x0000023b7e4f7800 JavaThread "Unconstrained build operations Thread 18" [_thread_blocked, id=73160, stack(0x0000008c52a00000,0x0000008c52b00000)]
  0x0000023b7e4f8800 JavaThread "Unconstrained build operations Thread 19" [_thread_blocked, id=68832, stack(0x0000008c52b00000,0x0000008c52c00000)]
  0x0000023b7e4f9800 JavaThread "Unconstrained build operations Thread 20" [_thread_blocked, id=72752, stack(0x0000008c52c00000,0x0000008c52d00000)]
  0x0000023b7e4fa000 JavaThread "Unconstrained build operations Thread 21" [_thread_blocked, id=66256, stack(0x0000008c52d00000,0x0000008c52e00000)]
  0x0000023b7e4f4800 JavaThread "Unconstrained build operations Thread 22" [_thread_blocked, id=77412, stack(0x0000008c52e00000,0x0000008c52f00000)]
  0x0000023b7e4fb000 JavaThread "Unconstrained build operations Thread 23" [_thread_blocked, id=74912, stack(0x0000008c52f00000,0x0000008c53000000)]
  0x0000023b7e4f5800 JavaThread "Unconstrained build operations Thread 24" [_thread_blocked, id=71128, stack(0x0000008c53000000,0x0000008c53100000)]
  0x0000023b00ad0000 JavaThread "Unconstrained build operations Thread 25" [_thread_blocked, id=66364, stack(0x0000008c53100000,0x0000008c53200000)]
  0x0000023b00ace800 JavaThread "Unconstrained build operations Thread 26" [_thread_blocked, id=77428, stack(0x0000008c53200000,0x0000008c53300000)]
  0x0000023b00acf000 JavaThread "Unconstrained build operations Thread 27" [_thread_blocked, id=74980, stack(0x0000008c53300000,0x0000008c53400000)]
  0x0000023b00aca000 JavaThread "Unconstrained build operations Thread 28" [_thread_blocked, id=71152, stack(0x0000008c53400000,0x0000008c53500000)]
  0x0000023b00ad0800 JavaThread "Unconstrained build operations Thread 29" [_thread_blocked, id=59400, stack(0x0000008c53500000,0x0000008c53600000)]
  0x0000023b00acc000 JavaThread "Unconstrained build operations Thread 30" [_thread_blocked, id=76632, stack(0x0000008c53600000,0x0000008c53700000)]
  0x0000023b00acb000 JavaThread "Unconstrained build operations Thread 31" [_thread_blocked, id=76824, stack(0x0000008c53700000,0x0000008c53800000)]
  0x0000023b00ad1800 JavaThread "Unconstrained build operations Thread 32" [_thread_blocked, id=69404, stack(0x0000008c53800000,0x0000008c53900000)]
  0x0000023b00ad2800 JavaThread "Unconstrained build operations Thread 33" [_thread_blocked, id=76420, stack(0x0000008c53900000,0x0000008c53a00000)]
  0x0000023b00acc800 JavaThread "Unconstrained build operations Thread 34" [_thread_blocked, id=52900, stack(0x0000008c53a00000,0x0000008c53b00000)]
  0x0000023b00ad3000 JavaThread "Unconstrained build operations Thread 35" [_thread_blocked, id=74908, stack(0x0000008c53b00000,0x0000008c53c00000)]
  0x0000023b00acd800 JavaThread "Unconstrained build operations Thread 36" [_thread_blocked, id=74948, stack(0x0000008c53c00000,0x0000008c53d00000)]
  0x0000023b00ad9000 JavaThread "Unconstrained build operations Thread 37" [_thread_blocked, id=23852, stack(0x0000008c53d00000,0x0000008c53e00000)]
  0x0000023b00ad8000 JavaThread "Unconstrained build operations Thread 38" [_thread_blocked, id=75504, stack(0x0000008c53e00000,0x0000008c53f00000)]
  0x0000023b00ad4000 JavaThread "Unconstrained build operations Thread 39" [_thread_blocked, id=65380, stack(0x0000008c53f00000,0x0000008c54000000)]
  0x0000023b00ad5000 JavaThread "Unconstrained build operations Thread 40" [_thread_blocked, id=50100, stack(0x0000008c54000000,0x0000008c54100000)]
  0x0000023b00ad5800 JavaThread "Unconstrained build operations Thread 41" [_thread_blocked, id=75536, stack(0x0000008c54100000,0x0000008c54200000)]
  0x0000023b00ad6800 JavaThread "Unconstrained build operations Thread 42" [_thread_blocked, id=35204, stack(0x0000008c54200000,0x0000008c54300000)]
  0x0000023b00ad7800 JavaThread "Unconstrained build operations Thread 43" [_thread_blocked, id=75720, stack(0x0000008c54300000,0x0000008c54400000)]
  0x0000023b00a46800 JavaThread "Unconstrained build operations Thread 44" [_thread_blocked, id=51272, stack(0x0000008c54400000,0x0000008c54500000)]
  0x0000023b00a47800 JavaThread "Unconstrained build operations Thread 45" [_thread_blocked, id=77460, stack(0x0000008c54500000,0x0000008c54600000)]
  0x0000023b00a44800 JavaThread "Unconstrained build operations Thread 46" [_thread_blocked, id=76508, stack(0x0000008c54600000,0x0000008c54700000)]
  0x0000023b00a42000 JavaThread "Unconstrained build operations Thread 47" [_thread_blocked, id=69480, stack(0x0000008c54700000,0x0000008c54800000)]
  0x0000023b00a48800 JavaThread "Unconstrained build operations Thread 48" [_thread_blocked, id=71548, stack(0x0000008c54800000,0x0000008c54900000)]
  0x0000023b00a42800 JavaThread "Unconstrained build operations Thread 49" [_thread_blocked, id=24884, stack(0x0000008c54900000,0x0000008c54a00000)]
  0x0000023b00a46000 JavaThread "Unconstrained build operations Thread 50" [_thread_blocked, id=71864, stack(0x0000008c54a00000,0x0000008c54b00000)]
  0x0000023b00a49000 JavaThread "Unconstrained build operations Thread 51" [_thread_blocked, id=9716, stack(0x0000008c54b00000,0x0000008c54c00000)]
  0x0000023b00a45000 JavaThread "Unconstrained build operations Thread 52" [_thread_blocked, id=71244, stack(0x0000008c54c00000,0x0000008c54d00000)]
  0x0000023b00a43800 JavaThread "Unconstrained build operations Thread 53" [_thread_blocked, id=75100, stack(0x0000008c54d00000,0x0000008c54e00000)]
  0x0000023b00a4a000 JavaThread "Unconstrained build operations Thread 54" [_thread_blocked, id=76500, stack(0x0000008c54e00000,0x0000008c54f00000)]
  0x0000023b00a4b800 JavaThread "Unconstrained build operations Thread 55" [_thread_blocked, id=69072, stack(0x0000008c54f00000,0x0000008c55000000)]
  0x0000023b00a4c800 JavaThread "Unconstrained build operations Thread 56" [_thread_blocked, id=71520, stack(0x0000008c55000000,0x0000008c55100000)]
  0x0000023b00a4d800 JavaThread "Unconstrained build operations Thread 57" [_thread_blocked, id=75048, stack(0x0000008c55100000,0x0000008c55200000)]
  0x0000023b00a4e000 JavaThread "Unconstrained build operations Thread 58" [_thread_blocked, id=72584, stack(0x0000008c55200000,0x0000008c55300000)]
  0x0000023b00a4f800 JavaThread "Unconstrained build operations Thread 59" [_thread_blocked, id=76752, stack(0x0000008c55300000,0x0000008c55400000)]
  0x0000023b00a4f000 JavaThread "Unconstrained build operations Thread 60" [_thread_blocked, id=73348, stack(0x0000008c55400000,0x0000008c55500000)]
  0x0000023b00a50800 JavaThread "Unconstrained build operations Thread 61" [_thread_blocked, id=56280, stack(0x0000008c55500000,0x0000008c55600000)]
  0x0000023b00a4b000 JavaThread "Unconstrained build operations Thread 62" [_thread_blocked, id=71652, stack(0x0000008c55600000,0x0000008c55700000)]
  0x0000023b7f022800 JavaThread "Unconstrained build operations Thread 63" [_thread_blocked, id=75316, stack(0x0000008c55700000,0x0000008c55800000)]
  0x0000023b7f023800 JavaThread "Unconstrained build operations Thread 64" [_thread_blocked, id=62096, stack(0x0000008c55800000,0x0000008c55900000)]
  0x0000023b7f021000 JavaThread "Unconstrained build operations Thread 65" [_thread_blocked, id=77764, stack(0x0000008c55900000,0x0000008c55a00000)]
  0x0000023b7f021800 JavaThread "Unconstrained build operations Thread 66" [_thread_blocked, id=73440, stack(0x0000008c55a00000,0x0000008c55b00000)]
  0x0000023b7f026800 JavaThread "Unconstrained build operations Thread 67" [_thread_blocked, id=65188, stack(0x0000008c55b00000,0x0000008c55c00000)]
  0x0000023b7f027800 JavaThread "Unconstrained build operations Thread 68" [_thread_blocked, id=75796, stack(0x0000008c55c00000,0x0000008c55d00000)]
  0x0000023b7f029000 JavaThread "Unconstrained build operations Thread 69" [_thread_blocked, id=76980, stack(0x0000008c55d00000,0x0000008c55e00000)]
  0x0000023b7f028000 JavaThread "Unconstrained build operations Thread 70" [_thread_blocked, id=72768, stack(0x0000008c55e00000,0x0000008c55f00000)]
  0x0000023b7f025800 JavaThread "Unconstrained build operations Thread 71" [_thread_blocked, id=31388, stack(0x0000008c55f00000,0x0000008c56000000)]
  0x0000023b7f02a000 JavaThread "Unconstrained build operations Thread 72" [_thread_blocked, id=77788, stack(0x0000008c56000000,0x0000008c56100000)]
  0x0000023b7f025000 JavaThread "Unconstrained build operations Thread 73" [_thread_blocked, id=77012, stack(0x0000008c56100000,0x0000008c56200000)]
  0x0000023b7f024000 JavaThread "Unconstrained build operations Thread 74" [_thread_blocked, id=74684, stack(0x0000008c56200000,0x0000008c56300000)]
  0x0000023b7f02b800 JavaThread "Unconstrained build operations Thread 75" [_thread_blocked, id=66352, stack(0x0000008c56300000,0x0000008c56400000)]
  0x0000023b7f02c000 JavaThread "Unconstrained build operations Thread 76" [_thread_blocked, id=74192, stack(0x0000008c56400000,0x0000008c56500000)]
  0x0000023b7f02e800 JavaThread "Unconstrained build operations Thread 77" [_thread_blocked, id=64276, stack(0x0000008c56500000,0x0000008c56600000)]
  0x0000023b7f02f800 JavaThread "Unconstrained build operations Thread 78" [_thread_blocked, id=76036, stack(0x0000008c56600000,0x0000008c56700000)]
  0x0000023b7f02a800 JavaThread "Unconstrained build operations Thread 79" [_thread_blocked, id=43208, stack(0x0000008c56700000,0x0000008c56800000)]
  0x0000023b7f02d000 JavaThread "Unconstrained build operations Thread 80" [_thread_blocked, id=74656, stack(0x0000008c56800000,0x0000008c56900000)]
  0x0000023b7f02e000 JavaThread "jar transforms Thread 4" [_thread_blocked, id=76076, stack(0x0000008c56900000,0x0000008c56a00000)]
  0x0000023b00a78000 JavaThread "jar transforms Thread 5" [_thread_blocked, id=60988, stack(0x0000008c56a00000,0x0000008c56b00000)]
  0x0000023b00a74800 JavaThread "jar transforms Thread 6" [_thread_blocked, id=70860, stack(0x0000008c56b00000,0x0000008c56c00000)]
  0x0000023b00a74000 JavaThread "jar transforms Thread 7" [_thread_blocked, id=6552, stack(0x0000008c56c00000,0x0000008c56d00000)]
  0x0000023b00a72800 JavaThread "jar transforms Thread 8" [_thread_blocked, id=68572, stack(0x0000008c56d00000,0x0000008c56e00000)]
  0x0000023b00a79000 JavaThread "Memory manager" [_thread_blocked, id=68356, stack(0x0000008c56e00000,0x0000008c56f00000)]
  0x0000023b00a76800 JavaThread "build event listener" [_thread_blocked, id=13116, stack(0x0000008c56f00000,0x0000008c57000000)]
  0x0000023b00a75800 JavaThread "Execution worker for ':'" [_thread_blocked, id=6752, stack(0x0000008c57000000,0x0000008c57100000)]
  0x0000023b00a7d000 JavaThread "Execution worker for ':' Thread 2" [_thread_blocked, id=24792, stack(0x0000008c57100000,0x0000008c57200000)]
  0x0000023b00a79800 JavaThread "Execution worker for ':' Thread 3" [_thread_blocked, id=73420, stack(0x0000008c57200000,0x0000008c57300000)]
  0x0000023b00a7a800 JavaThread "Execution worker for ':' Thread 4" [_thread_blocked, id=48576, stack(0x0000008c57300000,0x0000008c57400000)]
  0x0000023b00a7b000 JavaThread "Execution worker for ':' Thread 5" [_thread_blocked, id=71568, stack(0x0000008c57400000,0x0000008c57500000)]
  0x0000023b00a7c000 JavaThread "Execution worker for ':' Thread 6" [_thread_blocked, id=75600, stack(0x0000008c57500000,0x0000008c57600000)]
  0x0000023b00a77000 JavaThread "Execution worker for ':' Thread 7" [_thread_blocked, id=77440, stack(0x0000008c57600000,0x0000008c57700000)]
  0x0000023b00a7d800 JavaThread "Cache worker for execution history cache (C:\Users\ENVY\Desktop\LoveCalculator42-master\.gradle\7.2\executionHistory)" [_thread_blocked, id=77680, stack(0x0000008c57700000,0x0000008c57800000)]
  0x0000023b00a7e800 JavaThread "WorkerExecutor Queue" [_thread_blocked, id=22468, stack(0x0000008c51800000,0x0000008c51900000)]
  0x0000023b00a7f800 JavaThread "WorkerExecutor Queue Thread 2" [_thread_blocked, id=73380, stack(0x0000008c57a00000,0x0000008c57b00000)]
  0x0000023b00a80000 JavaThread "WorkerExecutor Queue Thread 3" [_thread_blocked, id=42080, stack(0x0000008c57b00000,0x0000008c57c00000)]
  0x0000023b0091c000 JavaThread "WorkerExecutor Queue Thread 5" [_thread_blocked, id=73076, stack(0x0000008c57d00000,0x0000008c57e00000)]
  0x0000023b00c5d000 JavaThread "WorkerExecutor Queue Thread 6" [_thread_blocked, id=57464, stack(0x0000008c57e00000,0x0000008c57f00000)]
  0x0000023b00c5a800 JavaThread "WorkerExecutor Queue Thread 7" [_thread_blocked, id=75412, stack(0x0000008c57f00000,0x0000008c58000000)]
  0x0000023b00c5c000 JavaThread "WorkerExecutor Queue Thread 8" [_thread_blocked, id=74476, stack(0x0000008c58000000,0x0000008c58100000)]
  0x0000023b00c58000 JavaThread "C2 CompilerThread1" daemon [_thread_blocked, id=75276, stack(0x0000008c57c00000,0x0000008c57d00000)]

Other Threads:
=>0x0000023b7c191000 VMThread "VM Thread" [stack: 0x0000008c4eb00000,0x0000008c4ec00000] [id=75224]
  0x0000023b7ccda800 WatcherThread [stack: 0x0000008c4f500000,0x0000008c4f600000] [id=60960]
  0x0000023b61555800 GCTaskThread "GC Thread#0" [stack: 0x0000008c4e600000,0x0000008c4e700000] [id=74132]
  0x0000023b7d792000 GCTaskThread "GC Thread#1" [stack: 0x0000008c4f700000,0x0000008c4f800000] [id=77524]
  0x0000023b7dd1e800 GCTaskThread "GC Thread#2" [stack: 0x0000008c4f800000,0x0000008c4f900000] [id=76184]
  0x0000023b7f96c000 GCTaskThread "GC Thread#3" [stack: 0x0000008c50200000,0x0000008c50300000] [id=76120]
  0x0000023b7f96a000 GCTaskThread "GC Thread#4" [stack: 0x0000008c50300000,0x0000008c50400000] [id=45628]
  0x0000023b7f968800 GCTaskThread "GC Thread#5" [stack: 0x0000008c50400000,0x0000008c50500000] [id=72516]
  0x0000023b7f969000 GCTaskThread "GC Thread#6" [stack: 0x0000008c50500000,0x0000008c50600000] [id=76456]
  0x0000023b7f967000 GCTaskThread "GC Thread#7" [stack: 0x0000008c50600000,0x0000008c50700000] [id=24440]
  0x0000023b61586000 ConcurrentGCThread "G1 Main Marker" [stack: 0x0000008c4e700000,0x0000008c4e800000] [id=22584]
  0x0000023b61587000 ConcurrentGCThread "G1 Conc#0" [stack: 0x0000008c4e800000,0x0000008c4e900000] [id=58968]
  0x0000023b7f966800 ConcurrentGCThread "G1 Conc#1" [stack: 0x0000008c50a00000,0x0000008c50b00000] [id=77116]
  0x0000023b61617800 ConcurrentGCThread "G1 Refine#0" [stack: 0x0000008c4e900000,0x0000008c4ea00000] [id=65616]
  0x0000023b05794000 ConcurrentGCThread "G1 Refine#1" [stack: 0x0000008c57800000,0x0000008c57900000] [id=73960]
  0x0000023b7dec7000 ConcurrentGCThread "G1 Refine#2" [stack: 0x0000008c57900000,0x0000008c57a00000] [id=61872]
  0x0000023b61618800 ConcurrentGCThread "G1 Young RemSet Sampling" [stack: 0x0000008c4ea00000,0x0000008c4eb00000] [id=53748]

Threads with active compile tasks:
C2 CompilerThread0  31050 14523       4       com.android.tools.r8.internal.mH0::a (6068 bytes)
C2 CompilerThread1  31050 14642       4       com.android.tools.r8.internal.mH0::a (4225 bytes)

VM state:at safepoint (normal execution)

VM Mutex/Monitor currently owned by a thread:  ([mutex/lock_event])
[0x0000023b615386a0] Threads_lock - owner thread: 0x0000023b7c191000
[0x0000023b61536c30] Heap_lock - owner thread: 0x0000023b7f02e800

Heap address: 0x0000000080000000, size: 2048 MB, Compressed Oops mode: 32-bit
Narrow klass base: 0x0000000000000000, Narrow klass shift: 3
Compressed class space size: 1073741824 Address: 0x0000000100000000

Heap:
 garbage-first heap   total 349184K, used 147915K [0x0000000080000000, 0x0000000100000000)
  region size 1024K, 6 young (6144K), 6 survivors (6144K)
 Metaspace       used 105479K, capacity 108026K, committed 108284K, reserved 1142784K
  class space    used 13399K, capacity 14418K, committed 14464K, reserved 1048576K
Heap Regions: E=young(eden), S=young(survivor), O=old, HS=humongous(starts), HC=humongous(continues), CS=collection set, F=free, A=archive, TAMS=top-at-mark-start (previous, next)
|   0|0x0000000080000000, 0x0000000080100000, 0x0000000080100000|100%| O|  |TAMS 0x0000000080100000, 0x0000000080000000| Untracked 
|   1|0x0000000080100000, 0x0000000080200000, 0x0000000080200000|100%| O|  |TAMS 0x0000000080200000, 0x0000000080100000| Untracked 
|   2|0x0000000080200000, 0x0000000080300000, 0x0000000080300000|100%| O|  |TAMS 0x0000000080300000, 0x0000000080200000| Untracked 
|   3|0x0000000080300000, 0x0000000080400000, 0x0000000080400000|100%|HS|  |TAMS 0x0000000080400000, 0x0000000080300000| Complete 
|   4|0x0000000080400000, 0x0000000080500000, 0x0000000080500000|100%|HC|  |TAMS 0x0000000080500000, 0x0000000080400000| Complete 
|   5|0x0000000080500000, 0x0000000080600000, 0x0000000080600000|100%|HC|  |TAMS 0x0000000080600000, 0x0000000080500000| Complete 
|   6|0x0000000080600000, 0x0000000080700000, 0x0000000080700000|100%| O|  |TAMS 0x0000000080700000, 0x0000000080600000| Untracked 
|   7|0x0000000080700000, 0x0000000080800000, 0x0000000080800000|100%| O|  |TAMS 0x0000000080800000, 0x0000000080700000| Untracked 
|   8|0x0000000080800000, 0x0000000080900000, 0x0000000080900000|100%| O|  |TAMS 0x0000000080900000, 0x0000000080800000| Untracked 
|   9|0x0000000080900000, 0x0000000080a00000, 0x0000000080a00000|100%| O|  |TAMS 0x0000000080a00000, 0x0000000080900000| Untracked 
|  10|0x0000000080a00000, 0x0000000080b00000, 0x0000000080b00000|100%| O|  |TAMS 0x0000000080b00000, 0x0000000080a00000| Untracked 
|  11|0x0000000080b00000, 0x0000000080c00000, 0x0000000080c00000|100%| O|  |TAMS 0x0000000080c00000, 0x0000000080b00000| Untracked 
|  12|0x0000000080c00000, 0x0000000080d00000, 0x0000000080d00000|100%| O|  |TAMS 0x0000000080d00000, 0x0000000080c00000| Untracked 
|  13|0x0000000080d00000, 0x0000000080e00000, 0x0000000080e00000|100%| O|  |TAMS 0x0000000080e00000, 0x0000000080d00000| Untracked 
|  14|0x0000000080e00000, 0x0000000080f00000, 0x0000000080f00000|100%| O|  |TAMS 0x0000000080f00000, 0x0000000080e00000| Untracked 
|  15|0x0000000080f00000, 0x0000000081000000, 0x0000000081000000|100%| O|  |TAMS 0x0000000081000000, 0x0000000080f00000| Untracked 
|  16|0x0000000081000000, 0x0000000081100000, 0x0000000081100000|100%| O|  |TAMS 0x0000000081100000, 0x0000000081000000| Untracked 
|  17|0x0000000081100000, 0x0000000081200000, 0x0000000081200000|100%| O|  |TAMS 0x0000000081200000, 0x0000000081100000| Untracked 
|  18|0x0000000081200000, 0x0000000081300000, 0x0000000081300000|100%| O|  |TAMS 0x0000000081300000, 0x0000000081200000| Untracked 
|  19|0x0000000081300000, 0x0000000081400000, 0x0000000081400000|100%| O|  |TAMS 0x0000000081400000, 0x0000000081300000| Untracked 
|  20|0x0000000081400000, 0x0000000081500000, 0x0000000081500000|100%| O|  |TAMS 0x0000000081500000, 0x0000000081400000| Untracked 
|  21|0x0000000081500000, 0x0000000081600000, 0x0000000081600000|100%| O|  |TAMS 0x0000000081600000, 0x0000000081500000| Untracked 
|  22|0x0000000081600000, 0x0000000081700000, 0x0000000081700000|100%| O|  |TAMS 0x0000000081700000, 0x0000000081600000| Untracked 
|  23|0x0000000081700000, 0x0000000081800000, 0x0000000081800000|100%| O|  |TAMS 0x0000000081800000, 0x0000000081700000| Untracked 
|  24|0x0000000081800000, 0x0000000081900000, 0x0000000081900000|100%| O|  |TAMS 0x0000000081900000, 0x0000000081800000| Untracked 
|  25|0x0000000081900000, 0x0000000081a00000, 0x0000000081a00000|100%| O|  |TAMS 0x0000000081a00000, 0x0000000081900000| Untracked 
|  26|0x0000000081a00000, 0x0000000081b00000, 0x0000000081b00000|100%| O|  |TAMS 0x0000000081b00000, 0x0000000081a00000| Untracked 
|  27|0x0000000081b00000, 0x0000000081c00000, 0x0000000081c00000|100%|HS|  |TAMS 0x0000000081c00000, 0x0000000081b00000| Complete 
|  28|0x0000000081c00000, 0x0000000081d00000, 0x0000000081d00000|100%|HS|  |TAMS 0x0000000081d00000, 0x0000000081c00000| Complete 
|  29|0x0000000081d00000, 0x0000000081e00000, 0x0000000081e00000|100%|HS|  |TAMS 0x0000000081e00000, 0x0000000081d00000| Complete 
|  30|0x0000000081e00000, 0x0000000081f00000, 0x0000000081f00000|100%|HS|  |TAMS 0x0000000081f00000, 0x0000000081e00000| Complete 
|  31|0x0000000081f00000, 0x0000000082000000, 0x0000000082000000|100%|HC|  |TAMS 0x0000000082000000, 0x0000000081f00000| Complete 
|  32|0x0000000082000000, 0x0000000082100000, 0x0000000082100000|100%| O|  |TAMS 0x0000000082100000, 0x0000000082000000| Untracked 
|  33|0x0000000082100000, 0x0000000082200000, 0x0000000082200000|100%| O|  |TAMS 0x0000000082200000, 0x0000000082100000| Untracked 
|  34|0x0000000082200000, 0x0000000082300000, 0x0000000082300000|100%| O|  |TAMS 0x0000000082300000, 0x0000000082200000| Untracked 
|  35|0x0000000082300000, 0x0000000082400000, 0x0000000082400000|100%| O|  |TAMS 0x0000000082400000, 0x0000000082300000| Untracked 
|  36|0x0000000082400000, 0x0000000082500000, 0x0000000082500000|100%| O|  |TAMS 0x0000000082500000, 0x0000000082400000| Untracked 
|  37|0x0000000082500000, 0x0000000082600000, 0x0000000082600000|100%| O|  |TAMS 0x0000000082600000, 0x0000000082500000| Untracked 
|  38|0x0000000082600000, 0x0000000082700000, 0x0000000082700000|100%| O|  |TAMS 0x0000000082700000, 0x0000000082600000| Untracked 
|  39|0x0000000082700000, 0x0000000082800000, 0x0000000082800000|100%| O|  |TAMS 0x0000000082800000, 0x0000000082700000| Untracked 
|  40|0x0000000082800000, 0x0000000082900000, 0x0000000082900000|100%| O|  |TAMS 0x0000000082900000, 0x0000000082800000| Untracked 
|  41|0x0000000082900000, 0x0000000082a00000, 0x0000000082a00000|100%| O|  |TAMS 0x0000000082a00000, 0x0000000082900000| Untracked 
|  42|0x0000000082a00000, 0x0000000082b00000, 0x0000000082b00000|100%| O|  |TAMS 0x0000000082b00000, 0x0000000082a00000| Untracked 
|  43|0x0000000082b00000, 0x0000000082c00000, 0x0000000082c00000|100%| O|  |TAMS 0x0000000082c00000, 0x0000000082b00000| Untracked 
|  44|0x0000000082c00000, 0x0000000082d00000, 0x0000000082d00000|100%| O|  |TAMS 0x0000000082d00000, 0x0000000082c00000| Untracked 
|  45|0x0000000082d00000, 0x0000000082e00000, 0x0000000082e00000|100%| O|  |TAMS 0x0000000082e00000, 0x0000000082d00000| Untracked 
|  46|0x0000000082e00000, 0x0000000082f00000, 0x0000000082f00000|100%| O|  |TAMS 0x0000000082f00000, 0x0000000082e00000| Untracked 
|  47|0x0000000082f00000, 0x0000000083000000, 0x0000000083000000|100%| O|  |TAMS 0x0000000083000000, 0x0000000082f00000| Untracked 
|  48|0x0000000083000000, 0x0000000083100000, 0x0000000083100000|100%| O|  |TAMS 0x0000000083100000, 0x0000000083000000| Untracked 
|  49|0x0000000083100000, 0x0000000083200000, 0x0000000083200000|100%| O|  |TAMS 0x0000000083200000, 0x0000000083100000| Untracked 
|  50|0x0000000083200000, 0x0000000083300000, 0x0000000083300000|100%| O|  |TAMS 0x0000000083300000, 0x0000000083200000| Untracked 
|  51|0x0000000083300000, 0x0000000083400000, 0x0000000083400000|100%| O|  |TAMS 0x0000000083400000, 0x0000000083300000| Untracked 
|  52|0x0000000083400000, 0x0000000083500000, 0x0000000083500000|100%| O|  |TAMS 0x0000000083500000, 0x0000000083400000| Untracked 
|  53|0x0000000083500000, 0x0000000083600000, 0x0000000083600000|100%| O|  |TAMS 0x0000000083600000, 0x0000000083500000| Untracked 
|  54|0x0000000083600000, 0x0000000083700000, 0x0000000083700000|100%| O|  |TAMS 0x0000000083700000, 0x0000000083600000| Untracked 
|  55|0x0000000083700000, 0x0000000083800000, 0x0000000083800000|100%| O|  |TAMS 0x0000000083800000, 0x0000000083700000| Untracked 
|  56|0x0000000083800000, 0x0000000083900000, 0x0000000083900000|100%| O|  |TAMS 0x0000000083900000, 0x0000000083800000| Untracked 
|  57|0x0000000083900000, 0x0000000083a00000, 0x0000000083a00000|100%| O|  |TAMS 0x0000000083a00000, 0x0000000083900000| Untracked 
|  58|0x0000000083a00000, 0x0000000083b00000, 0x0000000083b00000|100%| O|  |TAMS 0x0000000083b00000, 0x0000000083a00000| Untracked 
|  59|0x0000000083b00000, 0x0000000083c00000, 0x0000000083c00000|100%| O|  |TAMS 0x0000000083c00000, 0x0000000083b00000| Untracked 
|  60|0x0000000083c00000, 0x0000000083d00000, 0x0000000083d00000|100%| O|  |TAMS 0x0000000083d00000, 0x0000000083c00000| Untracked 
|  61|0x0000000083d00000, 0x0000000083e00000, 0x0000000083e00000|100%| O|  |TAMS 0x0000000083e00000, 0x0000000083d00000| Untracked 
|  62|0x0000000083e00000, 0x0000000083f00000, 0x0000000083f00000|100%| O|  |TAMS 0x0000000083f00000, 0x0000000083e00000| Untracked 
|  63|0x0000000083f00000, 0x0000000084000000, 0x0000000084000000|100%| O|  |TAMS 0x0000000084000000, 0x0000000083f00000| Untracked 
|  64|0x0000000084000000, 0x0000000084100000, 0x0000000084100000|100%| O|  |TAMS 0x0000000084100000, 0x0000000084000000| Untracked 
|  65|0x0000000084100000, 0x0000000084200000, 0x0000000084200000|100%| O|  |TAMS 0x0000000084200000, 0x0000000084100000| Untracked 
|  66|0x0000000084200000, 0x0000000084300000, 0x0000000084300000|100%| O|  |TAMS 0x0000000084300000, 0x0000000084200000| Untracked 
|  67|0x0000000084300000, 0x0000000084400000, 0x0000000084400000|100%| O|  |TAMS 0x0000000084400000, 0x0000000084300000| Untracked 
|  68|0x0000000084400000, 0x0000000084500000, 0x0000000084500000|100%| O|  |TAMS 0x0000000084500000, 0x0000000084400000| Untracked 
|  69|0x0000000084500000, 0x0000000084600000, 0x0000000084600000|100%| O|  |TAMS 0x0000000084600000, 0x0000000084500000| Untracked 
|  70|0x0000000084600000, 0x0000000084700000, 0x0000000084700000|100%| O|  |TAMS 0x0000000084700000, 0x0000000084600000| Untracked 
|  71|0x0000000084700000, 0x0000000084800000, 0x0000000084800000|100%| O|  |TAMS 0x0000000084800000, 0x0000000084700000| Untracked 
|  72|0x0000000084800000, 0x0000000084900000, 0x0000000084900000|100%| O|  |TAMS 0x0000000084900000, 0x0000000084800000| Untracked 
|  73|0x0000000084900000, 0x0000000084a00000, 0x0000000084a00000|100%| O|  |TAMS 0x0000000084a00000, 0x0000000084900000| Untracked 
|  74|0x0000000084a00000, 0x0000000084b00000, 0x0000000084b00000|100%| O|  |TAMS 0x0000000084b00000, 0x0000000084a00000| Untracked 
|  75|0x0000000084b00000, 0x0000000084c00000, 0x0000000084c00000|100%| O|  |TAMS 0x0000000084c00000, 0x0000000084b00000| Untracked 
|  76|0x0000000084c00000, 0x0000000084d00000, 0x0000000084d00000|100%| O|  |TAMS 0x0000000084d00000, 0x0000000084c00000| Untracked 
|  77|0x0000000084d00000, 0x0000000084e00000, 0x0000000084e00000|100%| O|  |TAMS 0x0000000084e00000, 0x0000000084d00000| Untracked 
|  78|0x0000000084e00000, 0x0000000084f00000, 0x0000000084f00000|100%| O|  |TAMS 0x0000000084f00000, 0x0000000084e00000| Untracked 
|  79|0x0000000084f00000, 0x0000000085000000, 0x0000000085000000|100%| O|  |TAMS 0x0000000085000000, 0x0000000084f00000| Untracked 
|  80|0x0000000085000000, 0x0000000085100000, 0x0000000085100000|100%| O|  |TAMS 0x0000000085100000, 0x0000000085000000| Untracked 
|  81|0x0000000085100000, 0x0000000085200000, 0x0000000085200000|100%| O|  |TAMS 0x0000000085200000, 0x0000000085100000| Untracked 
|  82|0x0000000085200000, 0x0000000085300000, 0x0000000085300000|100%| O|  |TAMS 0x0000000085300000, 0x0000000085200000| Untracked 
|  83|0x0000000085300000, 0x0000000085400000, 0x0000000085400000|100%| O|  |TAMS 0x0000000085400000, 0x0000000085300000| Untracked 
|  84|0x0000000085400000, 0x0000000085500000, 0x0000000085500000|100%| O|  |TAMS 0x0000000085500000, 0x0000000085400000| Untracked 
|  85|0x0000000085500000, 0x0000000085600000, 0x0000000085600000|100%| O|  |TAMS 0x0000000085600000, 0x0000000085500000| Untracked 
|  86|0x0000000085600000, 0x0000000085700000, 0x0000000085700000|100%| O|  |TAMS 0x0000000085700000, 0x0000000085600000| Untracked 
|  87|0x0000000085700000, 0x0000000085800000, 0x0000000085800000|100%|HS|  |TAMS 0x0000000085800000, 0x0000000085700000| Complete 
|  88|0x0000000085800000, 0x0000000085900000, 0x0000000085900000|100%| O|  |TAMS 0x0000000085900000, 0x0000000085800000| Untracked 
|  89|0x0000000085900000, 0x0000000085a00000, 0x0000000085a00000|100%| O|  |TAMS 0x0000000085a00000, 0x0000000085900000| Untracked 
|  90|0x0000000085a00000, 0x0000000085b00000, 0x0000000085b00000|100%| O|  |TAMS 0x0000000085b00000, 0x0000000085a00000| Untracked 
|  91|0x0000000085b00000, 0x0000000085c00000, 0x0000000085c00000|100%| O|  |TAMS 0x0000000085c00000, 0x0000000085b00000| Untracked 
|  92|0x0000000085c00000, 0x0000000085d00000, 0x0000000085d00000|100%| O|  |TAMS 0x0000000085d00000, 0x0000000085c00000| Untracked 
|  93|0x0000000085d00000, 0x0000000085e00000, 0x0000000085e00000|100%| O|  |TAMS 0x0000000085e00000, 0x0000000085d00000| Untracked 
|  94|0x0000000085e00000, 0x0000000085f00000, 0x0000000085f00000|100%| O|  |TAMS 0x0000000085f00000, 0x0000000085e00000| Untracked 
|  95|0x0000000085f00000, 0x0000000086000000, 0x0000000086000000|100%| O|  |TAMS 0x0000000086000000, 0x0000000085f00000| Untracked 
|  96|0x0000000086000000, 0x0000000086100000, 0x0000000086100000|100%| O|  |TAMS 0x0000000086100000, 0x0000000086000000| Untracked 
|  97|0x0000000086100000, 0x0000000086200000, 0x0000000086200000|100%| O|  |TAMS 0x0000000086200000, 0x0000000086100000| Untracked 
|  98|0x0000000086200000, 0x0000000086300000, 0x0000000086300000|100%| O|  |TAMS 0x0000000086300000, 0x0000000086200000| Untracked 
|  99|0x0000000086300000, 0x0000000086400000, 0x0000000086400000|100%| O|  |TAMS 0x0000000086400000, 0x0000000086300000| Untracked 
| 100|0x0000000086400000, 0x0000000086500000, 0x0000000086500000|100%| O|  |TAMS 0x0000000086465a00, 0x0000000086400000| Untracked 
| 101|0x0000000086500000, 0x0000000086600000, 0x0000000086600000|100%| O|  |TAMS 0x0000000086600000, 0x0000000086500000| Untracked 
| 102|0x0000000086600000, 0x0000000086700000, 0x0000000086700000|100%| O|  |TAMS 0x0000000086600000, 0x0000000086600000| Untracked 
| 103|0x0000000086700000, 0x0000000086800000, 0x0000000086800000|100%| O|  |TAMS 0x0000000086700000, 0x0000000086700000| Untracked 
| 104|0x0000000086800000, 0x0000000086900000, 0x0000000086900000|100%| O|  |TAMS 0x0000000086800000, 0x0000000086800000| Untracked 
| 105|0x0000000086900000, 0x0000000086a00000, 0x0000000086a00000|100%| O|  |TAMS 0x0000000086900000, 0x0000000086900000| Untracked 
| 106|0x0000000086a00000, 0x0000000086b00000, 0x0000000086b00000|100%| O|  |TAMS 0x0000000086a00000, 0x0000000086a00000| Untracked 
| 107|0x0000000086b00000, 0x0000000086c00000, 0x0000000086c00000|100%| O|  |TAMS 0x0000000086b00000, 0x0000000086b00000| Untracked 
| 108|0x0000000086c00000, 0x0000000086d00000, 0x0000000086d00000|100%| O|  |TAMS 0x0000000086c00000, 0x0000000086c00000| Untracked 
| 109|0x0000000086d00000, 0x0000000086e00000, 0x0000000086e00000|100%| O|  |TAMS 0x0000000086d00000, 0x0000000086d00000| Untracked 
| 110|0x0000000086e00000, 0x0000000086f00000, 0x0000000086f00000|100%| O|  |TAMS 0x0000000086e00000, 0x0000000086e00000| Untracked 
| 111|0x0000000086f00000, 0x0000000087000000, 0x0000000087000000|100%| O|  |TAMS 0x0000000086f00000, 0x0000000086f00000| Untracked 
| 112|0x0000000087000000, 0x0000000087100000, 0x0000000087100000|100%| O|  |TAMS 0x0000000087000000, 0x0000000087000000| Untracked 
| 113|0x0000000087100000, 0x0000000087200000, 0x0000000087200000|100%| O|  |TAMS 0x0000000087100000, 0x0000000087100000| Untracked 
| 114|0x0000000087200000, 0x0000000087300000, 0x0000000087300000|100%| O|  |TAMS 0x0000000087200000, 0x0000000087200000| Untracked 
| 115|0x0000000087300000, 0x0000000087400000, 0x0000000087400000|100%| O|  |TAMS 0x0000000087300000, 0x0000000087300000| Untracked 
| 116|0x0000000087400000, 0x0000000087500000, 0x0000000087500000|100%| O|  |TAMS 0x0000000087400000, 0x0000000087400000| Untracked 
| 117|0x0000000087500000, 0x0000000087600000, 0x0000000087600000|100%| O|  |TAMS 0x0000000087500000, 0x0000000087500000| Untracked 
| 118|0x0000000087600000, 0x0000000087700000, 0x0000000087700000|100%| O|  |TAMS 0x0000000087600000, 0x0000000087600000| Untracked 
| 119|0x0000000087700000, 0x0000000087800000, 0x0000000087800000|100%| O|  |TAMS 0x0000000087700000, 0x0000000087700000| Untracked 
| 120|0x0000000087800000, 0x0000000087900000, 0x0000000087900000|100%| O|  |TAMS 0x0000000087800000, 0x0000000087800000| Untracked 
| 121|0x0000000087900000, 0x0000000087a00000, 0x0000000087a00000|100%| O|  |TAMS 0x0000000087900000, 0x0000000087900000| Untracked 
| 122|0x0000000087a00000, 0x0000000087b00000, 0x0000000087b00000|100%| O|  |TAMS 0x0000000087a00000, 0x0000000087a00000| Untracked 
| 123|0x0000000087b00000, 0x0000000087c00000, 0x0000000087c00000|100%| O|  |TAMS 0x0000000087b00000, 0x0000000087b00000| Untracked 
| 124|0x0000000087c00000, 0x0000000087d00000, 0x0000000087d00000|100%| O|  |TAMS 0x0000000087c00000, 0x0000000087c00000| Untracked 
| 125|0x0000000087d00000, 0x0000000087e00000, 0x0000000087e00000|100%| O|  |TAMS 0x0000000087d00000, 0x0000000087d00000| Untracked 
| 126|0x0000000087e00000, 0x0000000087f00000, 0x0000000087f00000|100%| O|  |TAMS 0x0000000087e00000, 0x0000000087e00000| Untracked 
| 127|0x0000000087f00000, 0x0000000088000000, 0x0000000088000000|100%| O|  |TAMS 0x0000000087f00000, 0x0000000087f00000| Untracked 
| 128|0x0000000088000000, 0x0000000088100000, 0x0000000088100000|100%| O|  |TAMS 0x0000000088000000, 0x0000000088000000| Untracked 
| 129|0x0000000088100000, 0x0000000088200000, 0x0000000088200000|100%| O|  |TAMS 0x0000000088100000, 0x0000000088100000| Untracked 
| 130|0x0000000088200000, 0x0000000088300000, 0x0000000088300000|100%| O|  |TAMS 0x0000000088200000, 0x0000000088200000| Untracked 
| 131|0x0000000088300000, 0x0000000088400000, 0x0000000088400000|100%| O|  |TAMS 0x0000000088300000, 0x0000000088300000| Untracked 
| 132|0x0000000088400000, 0x0000000088500000, 0x0000000088500000|100%| O|  |TAMS 0x0000000088400000, 0x0000000088400000| Untracked 
| 133|0x0000000088500000, 0x0000000088600000, 0x0000000088600000|100%| O|  |TAMS 0x0000000088500000, 0x0000000088500000| Untracked 
| 134|0x0000000088600000, 0x0000000088700000, 0x0000000088700000|100%| O|  |TAMS 0x0000000088600000, 0x0000000088600000| Untracked 
| 135|0x0000000088700000, 0x0000000088800000, 0x0000000088800000|100%| O|  |TAMS 0x0000000088700000, 0x0000000088700000| Untracked 
| 136|0x0000000088800000, 0x0000000088900000, 0x0000000088900000|100%| O|  |TAMS 0x0000000088800000, 0x0000000088800000| Untracked 
| 137|0x0000000088900000, 0x0000000088a00000, 0x0000000088a00000|100%| O|  |TAMS 0x0000000088900000, 0x0000000088900000| Untracked 
| 138|0x0000000088a00000, 0x0000000088a72c00, 0x0000000088b00000| 44%| O|  |TAMS 0x0000000088a00000, 0x0000000088a00000| Untracked 
| 139|0x0000000088b00000, 0x0000000088b00000, 0x0000000088c00000|  0%| F|  |TAMS 0x0000000088b00000, 0x0000000088b00000| Untracked 
| 140|0x0000000088c00000, 0x0000000088c00000, 0x0000000088d00000|  0%| F|  |TAMS 0x0000000088c00000, 0x0000000088c00000| Untracked 
| 141|0x0000000088d00000, 0x0000000088d00000, 0x0000000088e00000|  0%| F|  |TAMS 0x0000000088d00000, 0x0000000088d00000| Untracked 
| 142|0x0000000088e00000, 0x0000000088e00000, 0x0000000088f00000|  0%| F|  |TAMS 0x0000000088e00000, 0x0000000088e00000| Untracked 
| 143|0x0000000088f00000, 0x0000000088f00000, 0x0000000089000000|  0%| F|  |TAMS 0x0000000088f00000, 0x0000000088f00000| Untracked 
| 144|0x0000000089000000, 0x0000000089000000, 0x0000000089100000|  0%| F|  |TAMS 0x0000000089000000, 0x0000000089000000| Untracked 
| 145|0x0000000089100000, 0x0000000089100000, 0x0000000089200000|  0%| F|  |TAMS 0x0000000089100000, 0x0000000089100000| Untracked 
| 146|0x0000000089200000, 0x0000000089200000, 0x0000000089300000|  0%| F|  |TAMS 0x0000000089200000, 0x0000000089200000| Untracked 
| 147|0x0000000089300000, 0x0000000089300000, 0x0000000089400000|  0%| F|  |TAMS 0x0000000089300000, 0x0000000089300000| Untracked 
| 148|0x0000000089400000, 0x0000000089400000, 0x0000000089500000|  0%| F|  |TAMS 0x0000000089400000, 0x0000000089400000| Untracked 
| 149|0x0000000089500000, 0x0000000089500000, 0x0000000089600000|  0%| F|  |TAMS 0x0000000089500000, 0x0000000089500000| Untracked 
| 150|0x0000000089600000, 0x0000000089600000, 0x0000000089700000|  0%| F|  |TAMS 0x0000000089600000, 0x0000000089600000| Untracked 
| 151|0x0000000089700000, 0x0000000089700000, 0x0000000089800000|  0%| F|  |TAMS 0x0000000089700000, 0x0000000089700000| Untracked 
| 152|0x0000000089800000, 0x0000000089800000, 0x0000000089900000|  0%| F|  |TAMS 0x0000000089800000, 0x0000000089800000| Untracked 
| 153|0x0000000089900000, 0x0000000089900000, 0x0000000089a00000|  0%| F|  |TAMS 0x0000000089900000, 0x0000000089900000| Untracked 
| 154|0x0000000089a00000, 0x0000000089a00000, 0x0000000089b00000|  0%| F|  |TAMS 0x0000000089a00000, 0x0000000089a00000| Untracked 
| 155|0x0000000089b00000, 0x0000000089b00000, 0x0000000089c00000|  0%| F|  |TAMS 0x0000000089b00000, 0x0000000089b00000| Untracked 
| 156|0x0000000089c00000, 0x0000000089c00000, 0x0000000089d00000|  0%| F|  |TAMS 0x0000000089c00000, 0x0000000089c00000| Untracked 
| 157|0x0000000089d00000, 0x0000000089d00000, 0x0000000089e00000|  0%| F|  |TAMS 0x0000000089d00000, 0x0000000089d00000| Untracked 
| 158|0x0000000089e00000, 0x0000000089e00000, 0x0000000089f00000|  0%| F|  |TAMS 0x0000000089e00000, 0x0000000089e00000| Untracked 
| 159|0x0000000089f00000, 0x0000000089f00000, 0x000000008a000000|  0%| F|  |TAMS 0x0000000089f00000, 0x0000000089f00000| Untracked 
| 160|0x000000008a000000, 0x000000008a000000, 0x000000008a100000|  0%| F|  |TAMS 0x000000008a000000, 0x000000008a000000| Untracked 
| 161|0x000000008a100000, 0x000000008a100000, 0x000000008a200000|  0%| F|  |TAMS 0x000000008a100000, 0x000000008a100000| Untracked 
| 162|0x000000008a200000, 0x000000008a200000, 0x000000008a300000|  0%| F|  |TAMS 0x000000008a200000, 0x000000008a200000| Untracked 
| 163|0x000000008a300000, 0x000000008a300000, 0x000000008a400000|  0%| F|  |TAMS 0x000000008a300000, 0x000000008a300000| Untracked 
| 164|0x000000008a400000, 0x000000008a400000, 0x000000008a500000|  0%| F|  |TAMS 0x000000008a400000, 0x000000008a400000| Untracked 
| 165|0x000000008a500000, 0x000000008a500000, 0x000000008a600000|  0%| F|  |TAMS 0x000000008a500000, 0x000000008a500000| Untracked 
| 166|0x000000008a600000, 0x000000008a600000, 0x000000008a700000|  0%| F|  |TAMS 0x000000008a600000, 0x000000008a600000| Untracked 
| 167|0x000000008a700000, 0x000000008a700000, 0x000000008a800000|  0%| F|  |TAMS 0x000000008a700000, 0x000000008a700000| Untracked 
| 168|0x000000008a800000, 0x000000008a800000, 0x000000008a900000|  0%| F|  |TAMS 0x000000008a800000, 0x000000008a800000| Untracked 
| 169|0x000000008a900000, 0x000000008a900000, 0x000000008aa00000|  0%| F|  |TAMS 0x000000008a900000, 0x000000008a900000| Untracked 
| 170|0x000000008aa00000, 0x000000008aa00000, 0x000000008ab00000|  0%| F|  |TAMS 0x000000008aa00000, 0x000000008aa00000| Untracked 
| 171|0x000000008ab00000, 0x000000008ab00000, 0x000000008ac00000|  0%| F|  |TAMS 0x000000008ab00000, 0x000000008ab00000| Untracked 
| 172|0x000000008ac00000, 0x000000008ac00000, 0x000000008ad00000|  0%| F|  |TAMS 0x000000008ac00000, 0x000000008ac00000| Untracked 
| 173|0x000000008ad00000, 0x000000008ad00000, 0x000000008ae00000|  0%| F|  |TAMS 0x000000008ad00000, 0x000000008ad00000| Untracked 
| 174|0x000000008ae00000, 0x000000008af00000, 0x000000008af00000|100%| S|CS|TAMS 0x000000008ae00000, 0x000000008ae00000| Complete 
| 175|0x000000008af00000, 0x000000008b000000, 0x000000008b000000|100%| S|CS|TAMS 0x000000008af00000, 0x000000008af00000| Complete 
| 176|0x000000008b000000, 0x000000008b100000, 0x000000008b100000|100%| S|CS|TAMS 0x000000008b000000, 0x000000008b000000| Complete 
| 177|0x000000008b100000, 0x000000008b200000, 0x000000008b200000|100%| S|CS|TAMS 0x000000008b100000, 0x000000008b100000| Complete 
| 178|0x000000008b200000, 0x000000008b300000, 0x000000008b300000|100%| S|CS|TAMS 0x000000008b200000, 0x000000008b200000| Complete 
| 179|0x000000008b300000, 0x000000008b400000, 0x000000008b400000|100%| S|CS|TAMS 0x000000008b300000, 0x000000008b300000| Complete 
| 180|0x000000008b400000, 0x000000008b400000, 0x000000008b500000|  0%| F|  |TAMS 0x000000008b400000, 0x000000008b400000| Untracked 
| 181|0x000000008b500000, 0x000000008b500000, 0x000000008b600000|  0%| F|  |TAMS 0x000000008b500000, 0x000000008b500000| Untracked 
| 182|0x000000008b600000, 0x000000008b600000, 0x000000008b700000|  0%| F|  |TAMS 0x000000008b600000, 0x000000008b600000| Untracked 
| 183|0x000000008b700000, 0x000000008b700000, 0x000000008b800000|  0%| F|  |TAMS 0x000000008b700000, 0x000000008b700000| Untracked 
| 184|0x000000008b800000, 0x000000008b800000, 0x000000008b900000|  0%| F|  |TAMS 0x000000008b800000, 0x000000008b800000| Untracked 
| 185|0x000000008b900000, 0x000000008b900000, 0x000000008ba00000|  0%| F|  |TAMS 0x000000008b900000, 0x000000008b900000| Untracked 
| 186|0x000000008ba00000, 0x000000008ba00000, 0x000000008bb00000|  0%| F|  |TAMS 0x000000008ba00000, 0x000000008ba00000| Untracked 
| 187|0x000000008bb00000, 0x000000008bb00000, 0x000000008bc00000|  0%| F|  |TAMS 0x000000008bb00000, 0x000000008bb00000| Untracked 
| 188|0x000000008bc00000, 0x000000008bc00000, 0x000000008bd00000|  0%| F|  |TAMS 0x000000008bc00000, 0x000000008bc00000| Untracked 
| 189|0x000000008bd00000, 0x000000008bd00000, 0x000000008be00000|  0%| F|  |TAMS 0x000000008bd00000, 0x000000008bd00000| Untracked 
| 190|0x000000008be00000, 0x000000008be00000, 0x000000008bf00000|  0%| F|  |TAMS 0x000000008be00000, 0x000000008be00000| Untracked 
| 191|0x000000008bf00000, 0x000000008bf00000, 0x000000008c000000|  0%| F|  |TAMS 0x000000008bf00000, 0x000000008bf00000| Untracked 
| 192|0x000000008c000000, 0x000000008c000000, 0x000000008c100000|  0%| F|  |TAMS 0x000000008c000000, 0x000000008c000000| Untracked 
| 193|0x000000008c100000, 0x000000008c100000, 0x000000008c200000|  0%| F|  |TAMS 0x000000008c100000, 0x000000008c100000| Untracked 
| 194|0x000000008c200000, 0x000000008c200000, 0x000000008c300000|  0%| F|  |TAMS 0x000000008c200000, 0x000000008c200000| Untracked 
| 195|0x000000008c300000, 0x000000008c300000, 0x000000008c400000|  0%| F|  |TAMS 0x000000008c300000, 0x000000008c300000| Untracked 
| 196|0x000000008c400000, 0x000000008c400000, 0x000000008c500000|  0%| F|  |TAMS 0x000000008c400000, 0x000000008c400000| Untracked 
| 197|0x000000008c500000, 0x000000008c500000, 0x000000008c600000|  0%| F|  |TAMS 0x000000008c500000, 0x000000008c500000| Untracked 
| 198|0x000000008c600000, 0x000000008c600000, 0x000000008c700000|  0%| F|  |TAMS 0x000000008c600000, 0x000000008c600000| Untracked 
| 199|0x000000008c700000, 0x000000008c700000, 0x000000008c800000|  0%| F|  |TAMS 0x000000008c700000, 0x000000008c700000| Untracked 
| 200|0x000000008c800000, 0x000000008c800000, 0x000000008c900000|  0%| F|  |TAMS 0x000000008c800000, 0x000000008c800000| Untracked 
| 201|0x000000008c900000, 0x000000008c900000, 0x000000008ca00000|  0%| F|  |TAMS 0x000000008c900000, 0x000000008c900000| Untracked 
| 202|0x000000008ca00000, 0x000000008ca00000, 0x000000008cb00000|  0%| F|  |TAMS 0x000000008ca00000, 0x000000008ca00000| Untracked 
| 203|0x000000008cb00000, 0x000000008cb00000, 0x000000008cc00000|  0%| F|  |TAMS 0x000000008cb00000, 0x000000008cb00000| Untracked 
| 204|0x000000008cc00000, 0x000000008cc00000, 0x000000008cd00000|  0%| F|  |TAMS 0x000000008cc00000, 0x000000008cc00000| Untracked 
| 205|0x000000008cd00000, 0x000000008cd00000, 0x000000008ce00000|  0%| F|  |TAMS 0x000000008cd00000, 0x000000008cd00000| Untracked 
| 206|0x000000008ce00000, 0x000000008ce00000, 0x000000008cf00000|  0%| F|  |TAMS 0x000000008ce00000, 0x000000008ce00000| Untracked 
| 207|0x000000008cf00000, 0x000000008cf00000, 0x000000008d000000|  0%| F|  |TAMS 0x000000008cf00000, 0x000000008cf00000| Untracked 
| 208|0x000000008d000000, 0x000000008d000000, 0x000000008d100000|  0%| F|  |TAMS 0x000000008d000000, 0x000000008d000000| Untracked 
| 209|0x000000008d100000, 0x000000008d100000, 0x000000008d200000|  0%| F|  |TAMS 0x000000008d100000, 0x000000008d100000| Untracked 
| 210|0x000000008d200000, 0x000000008d200000, 0x000000008d300000|  0%| F|  |TAMS 0x000000008d200000, 0x000000008d200000| Untracked 
| 211|0x000000008d300000, 0x000000008d300000, 0x000000008d400000|  0%| F|  |TAMS 0x000000008d300000, 0x000000008d300000| Untracked 
| 212|0x000000008d400000, 0x000000008d400000, 0x000000008d500000|  0%| F|  |TAMS 0x000000008d400000, 0x000000008d400000| Untracked 
| 213|0x000000008d500000, 0x000000008d500000, 0x000000008d600000|  0%| F|  |TAMS 0x000000008d500000, 0x000000008d500000| Untracked 
| 214|0x000000008d600000, 0x000000008d600000, 0x000000008d700000|  0%| F|  |TAMS 0x000000008d600000, 0x000000008d600000| Untracked 
| 215|0x000000008d700000, 0x000000008d700000, 0x000000008d800000|  0%| F|  |TAMS 0x000000008d700000, 0x000000008d700000| Untracked 
| 216|0x000000008d800000, 0x000000008d800000, 0x000000008d900000|  0%| F|  |TAMS 0x000000008d800000, 0x000000008d800000| Untracked 
| 217|0x000000008d900000, 0x000000008d900000, 0x000000008da00000|  0%| F|  |TAMS 0x000000008d900000, 0x000000008d900000| Untracked 
| 218|0x000000008da00000, 0x000000008da00000, 0x000000008db00000|  0%| F|  |TAMS 0x000000008da00000, 0x000000008da00000| Untracked 
| 219|0x000000008db00000, 0x000000008db00000, 0x000000008dc00000|  0%| F|  |TAMS 0x000000008db00000, 0x000000008db00000| Untracked 

Card table byte_map: [0x0000023b74ec0000,0x0000023b752c0000] _byte_map_base: 0x0000023b74ac0000

Marking Bits (Prev, Next): (CMBitMap*) 0x0000023b6157cf40, (CMBitMap*) 0x0000023b6157cf08
 Prev Bits: [0x0000023b776c0000, 0x0000023b796c0000)
 Next Bits: [0x0000023b756c0000, 0x0000023b776c0000)

Polling page: 0x0000023b5fd20000

Metaspace:

Usage:
  Non-class:     91.41 MB capacity,    89.92 MB ( 98%) used,     1.18 MB (  1%) free+waste,   318.75 KB ( <1%) overhead. 
      Class:     14.08 MB capacity,    13.09 MB ( 93%) used,   870.71 KB (  6%) free+waste,   147.56 KB (  1%) overhead. 
       Both:    105.49 MB capacity,   103.01 MB ( 98%) used,     2.03 MB (  2%) free+waste,   466.31 KB ( <1%) overhead. 

Virtual space:
  Non-class space:       92.00 MB reserved,      91.62 MB (>99%) committed 
      Class space:        1.00 GB reserved,      14.13 MB (  1%) committed 
             Both:        1.09 GB reserved,     105.75 MB (  9%) committed 

Chunk freelists:
   Non-Class:  20.00 KB
       Class:  14.00 KB
        Both:  34.00 KB

MaxMetaspaceSize: 17179869184.00 GB
CompressedClassSpaceSize: 1.00 GB

CodeHeap 'non-profiled nmethods': size=120000Kb used=7443Kb max_used=7443Kb free=112556Kb
 bounds [0x0000023b6cb20000, 0x0000023b6d270000, 0x0000023b74050000]
CodeHeap 'profiled nmethods': size=120000Kb used=30908Kb max_used=30908Kb free=89091Kb
 bounds [0x0000023b655f0000, 0x0000023b67420000, 0x0000023b6cb20000]
CodeHeap 'non-nmethods': size=5760Kb used=2332Kb max_used=2365Kb free=3427Kb
 bounds [0x0000023b65050000, 0x0000023b652c0000, 0x0000023b655f0000]
 total_blobs=15214 nmethods=14280 adapters=845
 compilation: enabled
              stopped_count=0, restarted_count=0
 full_count=0

Compilation events (20 events):
Event: 30.935 Thread 0x0000023b00c58000 14627       4       com.android.tools.r8.graph.L0::g (62 bytes)
Event: 30.936 Thread 0x0000023b7c1be000 nmethod 14639 0x0000023b6741d010 code [0x0000023b6741d2a0, 0x0000023b6741dcc8]
Event: 30.938 Thread 0x0000023b7c1be000 14640       2       com.android.tools.r8.graph.X0::y0 (8 bytes)
Event: 30.939 Thread 0x0000023b7c1be000 nmethod 14640 0x0000023b6741e190 code [0x0000023b6741e380, 0x0000023b6741e6f8]
Event: 30.946 Thread 0x0000023b00c58000 nmethod 14627 0x0000023b6d262d90 code [0x0000023b6d262f60, 0x0000023b6d2636d8]
Event: 30.946 Thread 0x0000023b00c58000 14641       4       com.android.tools.r8.internal.bc1::hasNext (14 bytes)
Event: 30.947 Thread 0x0000023b00c58000 nmethod 14641 0x0000023b6d263c10 code [0x0000023b6d263da0, 0x0000023b6d263e18]
Event: 30.947 Thread 0x0000023b00c58000 14524       4       java.util.Collections$UnmodifiableCollection::<init> (22 bytes)
Event: 30.948 Thread 0x0000023b00c58000 nmethod 14524 0x0000023b6d263e90 code [0x0000023b6d264020, 0x0000023b6d264158]
Event: 30.949 Thread 0x0000023b00c58000 14378       4       com.android.tools.r8.internal.mH0::e (26 bytes)
Event: 30.954 Thread 0x0000023b00c58000 nmethod 14378 0x0000023b6d264210 code [0x0000023b6d2643c0, 0x0000023b6d2646e8]
Event: 30.954 Thread 0x0000023b00c58000 14642       4       com.android.tools.r8.internal.mH0::a (4225 bytes)
Event: 30.962 Thread 0x0000023b7c1be000 14643       2       com.android.tools.r8.internal.la1::a (9 bytes)
Event: 30.962 Thread 0x0000023b7c1be000 nmethod 14643 0x0000023b6741e990 code [0x0000023b6741eb40, 0x0000023b6741ec48]
Event: 30.962 Thread 0x0000023b7c1be000 14644       2       com.android.tools.r8.internal.la1$$Lambda$1703/0x0000000100e05040::apply (16 bytes)
Event: 30.963 Thread 0x0000023b7c1be000 nmethod 14644 0x0000023b6741ed10 code [0x0000023b6741eec0, 0x0000023b6741f048]
Event: 30.963 Thread 0x0000023b7c1be000 14645       1       com.android.tools.r8.internal.SD0::w (2 bytes)
Event: 30.963 Thread 0x0000023b7c1be000 nmethod 14645 0x0000023b6d264990 code [0x0000023b6d264b40, 0x0000023b6d264bf8]
Event: 30.963 Thread 0x0000023b7c1be000 14646       1       com.android.tools.r8.internal.SD0::v (2 bytes)
Event: 30.963 Thread 0x0000023b7c1be000 nmethod 14646 0x0000023b6d264c90 code [0x0000023b6d264e40, 0x0000023b6d264ef8]

GC Heap History (20 events):
Event: 25.901 GC heap after
{Heap after GC invocations=44 (full 0):
 garbage-first heap   total 187392K, used 92970K [0x0000000080000000, 0x0000000100000000)
  region size 1024K, 6 young (6144K), 6 survivors (6144K)
 Metaspace       used 94677K, capacity 96791K, committed 97148K, reserved 1134592K
  class space    used 11853K, capacity 12675K, committed 12800K, reserved 1048576K
}
Event: 26.374 GC heap before
{Heap before GC invocations=45 (full 0):
 garbage-first heap   total 187392K, used 140074K [0x0000000080000000, 0x0000000100000000)
  region size 1024K, 52 young (53248K), 6 survivors (6144K)
 Metaspace       used 97905K, capacity 100027K, committed 100476K, reserved 1136640K
  class space    used 12277K, capacity 13092K, committed 13312K, reserved 1048576K
}
Event: 26.383 GC heap after
{Heap after GC invocations=46 (full 0):
 garbage-first heap   total 187392K, used 95013K [0x0000000080000000, 0x0000000100000000)
  region size 1024K, 6 young (6144K), 6 survivors (6144K)
 Metaspace       used 97905K, capacity 100027K, committed 100476K, reserved 1136640K
  class space    used 12277K, capacity 13092K, committed 13312K, reserved 1048576K
}
Event: 26.434 GC heap before
{Heap before GC invocations=46 (full 0):
 garbage-first heap   total 187392K, used 97061K [0x0000000080000000, 0x0000000100000000)
  region size 1024K, 9 young (9216K), 6 survivors (6144K)
 Metaspace       used 97997K, capacity 100091K, committed 100476K, reserved 1136640K
  class space    used 12277K, capacity 13092K, committed 13312K, reserved 1048576K
}
Event: 26.441 GC heap after
{Heap after GC invocations=47 (full 0):
 garbage-first heap   total 187392K, used 92548K [0x0000000080000000, 0x0000000100000000)
  region size 1024K, 2 young (2048K), 2 survivors (2048K)
 Metaspace       used 97997K, capacity 100091K, committed 100476K, reserved 1136640K
  class space    used 12277K, capacity 13092K, committed 13312K, reserved 1048576K
}
Event: 26.811 GC heap before
{Heap before GC invocations=47 (full 0):
 garbage-first heap   total 187392K, used 139652K [0x0000000080000000, 0x0000000100000000)
  region size 1024K, 49 young (50176K), 2 survivors (2048K)
 Metaspace       used 98358K, capacity 100514K, committed 100732K, reserved 1136640K
  class space    used 12322K, capacity 13139K, committed 13312K, reserved 1048576K
}
Event: 26.817 GC heap after
{Heap after GC invocations=48 (full 0):
 garbage-first heap   total 187392K, used 94542K [0x0000000080000000, 0x0000000100000000)
  region size 1024K, 4 young (4096K), 4 survivors (4096K)
 Metaspace       used 98358K, capacity 100514K, committed 100732K, reserved 1136640K
  class space    used 12322K, capacity 13139K, committed 13312K, reserved 1048576K
}
Event: 27.120 GC heap before
{Heap before GC invocations=49 (full 0):
 garbage-first heap   total 187392K, used 144718K [0x0000000080000000, 0x0000000100000000)
  region size 1024K, 52 young (53248K), 4 survivors (4096K)
 Metaspace       used 99871K, capacity 102109K, committed 102396K, reserved 1138688K
  class space    used 12529K, capacity 13370K, committed 13440K, reserved 1048576K
}
Event: 27.134 GC heap after
{Heap after GC invocations=50 (full 0):
 garbage-first heap   total 187392K, used 106856K [0x0000000080000000, 0x0000000100000000)
  region size 1024K, 7 young (7168K), 7 survivors (7168K)
 Metaspace       used 99871K, capacity 102109K, committed 102396K, reserved 1138688K
  class space    used 12529K, capacity 13370K, committed 13440K, reserved 1048576K
}
Event: 27.142 GC heap before
{Heap before GC invocations=50 (full 0):
 garbage-first heap   total 187392K, used 107879K [0x0000000080000000, 0x0000000100000000)
  region size 1024K, 9 young (9216K), 7 survivors (7168K)
 Metaspace       used 99907K, capacity 102109K, committed 102396K, reserved 1138688K
  class space    used 12535K, capacity 13370K, committed 13440K, reserved 1048576K
}
Event: 27.151 GC heap after
{Heap after GC invocations=51 (full 0):
 garbage-first heap   total 187392K, used 100593K [0x0000000080000000, 0x0000000100000000)
  region size 1024K, 2 young (2048K), 2 survivors (2048K)
 Metaspace       used 99907K, capacity 102109K, committed 102396K, reserved 1138688K
  class space    used 12535K, capacity 13370K, committed 13440K, reserved 1048576K
}
Event: 27.945 GC heap before
{Heap before GC invocations=51 (full 0):
 garbage-first heap   total 187392K, used 143601K [0x0000000080000000, 0x0000000100000000)
  region size 1024K, 45 young (46080K), 2 survivors (2048K)
 Metaspace       used 102269K, capacity 104596K, committed 104828K, reserved 1140736K
  class space    used 12872K, capacity 13761K, committed 13824K, reserved 1048576K
}
Event: 28.001 GC heap after
{Heap after GC invocations=52 (full 0):
 garbage-first heap   total 225280K, used 109974K [0x0000000080000000, 0x0000000100000000)
  region size 1024K, 6 young (6144K), 6 survivors (6144K)
 Metaspace       used 102269K, capacity 104596K, committed 104828K, reserved 1140736K
  class space    used 12872K, capacity 13761K, committed 13824K, reserved 1048576K
}
Event: 29.380 GC heap before
{Heap before GC invocations=53 (full 0):
 garbage-first heap   total 225280K, used 167318K [0x0000000080000000, 0x0000000100000000)
  region size 1024K, 62 young (63488K), 6 survivors (6144K)
 Metaspace       used 102307K, capacity 104603K, committed 104828K, reserved 1140736K
  class space    used 12867K, capacity 13741K, committed 13824K, reserved 1048576K
}
Event: 29.406 GC heap after
{Heap after GC invocations=54 (full 0):
 garbage-first heap   total 225280K, used 121510K [0x0000000080000000, 0x0000000100000000)
  region size 1024K, 8 young (8192K), 8 survivors (8192K)
 Metaspace       used 102307K, capacity 104603K, committed 104828K, reserved 1140736K
  class space    used 12867K, capacity 13741K, committed 13824K, reserved 1048576K
}
Event: 30.407 GC heap before
{Heap before GC invocations=54 (full 0):
 garbage-first heap   total 225280K, used 172710K [0x0000000080000000, 0x0000000100000000)
  region size 1024K, 59 young (60416K), 8 survivors (8192K)
 Metaspace       used 104926K, capacity 107468K, committed 107644K, reserved 1142784K
  class space    used 13294K, capacity 14300K, committed 14336K, reserved 1048576K
}
Event: 30.430 GC heap after
{Heap after GC invocations=55 (full 0):
 garbage-first heap   total 225280K, used 131256K [0x0000000080000000, 0x0000000100000000)
  region size 1024K, 8 young (8192K), 8 survivors (8192K)
 Metaspace       used 104926K, capacity 107468K, committed 107644K, reserved 1142784K
  class space    used 13294K, capacity 14300K, committed 14336K, reserved 1048576K
}
Event: 30.740 GC heap before
{Heap before GC invocations=55 (full 0):
 garbage-first heap   total 225280K, used 178360K [0x0000000080000000, 0x0000000100000000)
  region size 1024K, 54 young (55296K), 8 survivors (8192K)
 Metaspace       used 105150K, capacity 107702K, committed 107900K, reserved 1142784K
  class space    used 13328K, capacity 14332K, committed 14336K, reserved 1048576K
}
Event: 30.765 GC heap after
{Heap after GC invocations=56 (full 0):
 garbage-first heap   total 225280K, used 140709K [0x0000000080000000, 0x0000000100000000)
  region size 1024K, 7 young (7168K), 7 survivors (7168K)
 Metaspace       used 105150K, capacity 107702K, committed 107900K, reserved 1142784K
  class space    used 13328K, capacity 14332K, committed 14336K, reserved 1048576K
}
Event: 30.985 GC heap before
{Heap before GC invocations=56 (full 0):
 garbage-first heap   total 225280K, used 181669K [0x0000000080000000, 0x0000000100000000)
  region size 1024K, 47 young (48128K), 7 survivors (7168K)
 Metaspace       used 105479K, capacity 108026K, committed 108284K, reserved 1142784K
  class space    used 13399K, capacity 14418K, committed 14464K, reserved 1048576K
}

Deoptimization events (20 events):
Event: 30.347 Thread 0x0000023b7f02d000 DEOPT PACKING pc=0x0000023b673bfde8 sp=0x0000008c568f8ff0
Event: 30.347 Thread 0x0000023b7f02d000 DEOPT UNPACKING pc=0x0000023b65077c0e sp=0x0000008c568f8518 mode 0
Event: 30.355 Thread 0x0000023b7e4f3800 DEOPT PACKING pc=0x0000023b673c5dc0 sp=0x0000008c527f97a0
Event: 30.355 Thread 0x0000023b7e4f3800 DEOPT UNPACKING pc=0x0000023b65077c0e sp=0x0000008c527f8ca8 mode 0
Event: 30.361 Thread 0x0000023b7e4f7000 DEOPT PACKING pc=0x0000023b673c5dc0 sp=0x0000008c525f9720
Event: 30.361 Thread 0x0000023b7e4f7000 DEOPT UNPACKING pc=0x0000023b65077c0e sp=0x0000008c525f8c28 mode 0
Event: 30.392 Thread 0x0000023b7e4f3800 DEOPT PACKING pc=0x0000023b673c5dc0 sp=0x0000008c527f97a0
Event: 30.392 Thread 0x0000023b7e4f3800 DEOPT UNPACKING pc=0x0000023b65077c0e sp=0x0000008c527f8ca8 mode 0
Event: 30.436 Thread 0x0000023b7e4f3800 DEOPT PACKING pc=0x0000023b6729e353 sp=0x0000008c527fa130
Event: 30.436 Thread 0x0000023b7e4f3800 DEOPT UNPACKING pc=0x0000023b65077c0e sp=0x0000008c527f9660 mode 0
Event: 30.468 Thread 0x0000023b7e4fb000 DEOPT PACKING pc=0x0000023b6729e353 sp=0x0000008c52ff9660
Event: 30.468 Thread 0x0000023b7e4fb000 DEOPT UNPACKING pc=0x0000023b65077c0e sp=0x0000008c52ff8b90 mode 0
Event: 30.487 Thread 0x0000023b7e4f7000 DEOPT PACKING pc=0x0000023b6729e353 sp=0x0000008c525f96a0
Event: 30.487 Thread 0x0000023b7e4f7000 DEOPT UNPACKING pc=0x0000023b65077c0e sp=0x0000008c525f8bd0 mode 0
Event: 30.511 Thread 0x0000023b7e4fb000 DEOPT PACKING pc=0x0000023b6729e353 sp=0x0000008c52ff97e0
Event: 30.511 Thread 0x0000023b7e4fb000 DEOPT UNPACKING pc=0x0000023b65077c0e sp=0x0000008c52ff8d10 mode 0
Event: 30.545 Thread 0x0000023b7e4f3800 DEOPT PACKING pc=0x0000023b6729e353 sp=0x0000008c527fa1f0
Event: 30.545 Thread 0x0000023b7e4f3800 DEOPT UNPACKING pc=0x0000023b65077c0e sp=0x0000008c527f9720 mode 0
Event: 30.607 Thread 0x0000023b7e4f7000 DEOPT PACKING pc=0x0000023b6729e353 sp=0x0000008c525f96b0
Event: 30.607 Thread 0x0000023b7e4f7000 DEOPT UNPACKING pc=0x0000023b65077c0e sp=0x0000008c525f8be0 mode 0

Classes redefined (0 events):
No events

Internal exceptions (20 events):
Event: 27.254 Thread 0x0000023b7e4fb000 Exception <a 'java/lang/NoSuchMethodError'{0x0000000089f8aff0}: 'java.lang.Object java.lang.invoke.DirectMethodHandle$Holder.invokeStaticInit(java.lang.Object, java.lang.Object, java.lang.Object, java.lang.Object, java.lang.Object, java.lang.Object, java.lang.Object, java.lang.Object, java.lang.Object, java.lang.Object, java.lang.Object, java.lang.Object, java.lang.Object, java.lang.Object, java.lang.Object, java.lang.Object, java.lang.Object, java.lang.Object, int, java.lang.Object, java.lang.Object)'> (0
Event: 27.295 Thread 0x0000023b7f02d000 Exception <a 'java/lang/IncompatibleClassChangeError'{0x0000000089eca1b8}: Found class java.lang.Object, but interface was expected> (0x0000000089eca1b8) thrown at [./src/hotspot/share/interpreter/linkResolver.cpp, line 839]
Event: 27.295 Thread 0x0000023b7e4f7000 Exception <a 'java/lang/IncompatibleClassChangeError'{0x0000000089e0fc78}: Found class java.lang.Object, but interface was expected> (0x0000000089e0fc78) thrown at [./src/hotspot/share/interpreter/linkResolver.cpp, line 839]
Event: 27.377 Thread 0x0000023b0091c800 Exception <a 'java/lang/NoSuchMethodError'{0x0000000089bd59a0}: 'java.lang.Object java.lang.invoke.DirectMethodHandle$Holder.invokeStatic(java.lang.Object, long)'> (0x0000000089bd59a0) thrown at [./src/hotspot/share/interpreter/linkResolver.cpp, line 773]
Event: 27.379 Thread 0x0000023b7e4f3800 Exception <a 'java/lang/NoSuchMethodError'{0x0000000089c5ea20}: 'long java.lang.invoke.DirectMethodHandle$Holder.invokeStatic(java.lang.Object, long, java.lang.Object)'> (0x0000000089c5ea20) thrown at [./src/hotspot/share/interpreter/linkResolver.cpp, line 773]
Event: 29.769 Thread 0x0000023b7f02d000 Exception <a 'java/lang/NoSuchMethodError'{0x000000008d757930}: 'int java.lang.invoke.DirectMethodHandle$Holder.invokeVirtual(java.lang.Object, java.lang.Object, java.lang.Object, java.lang.Object)'> (0x000000008d757930) thrown at [./src/hotspot/share/interpreter/linkResolver.cpp, line 773]
Event: 29.769 Thread 0x0000023b00a46800 Exception <a 'java/lang/NoSuchMethodError'{0x000000008d75c398}: 'int java.lang.invoke.DirectMethodHandle$Holder.invokeVirtual(java.lang.Object, java.lang.Object, java.lang.Object, java.lang.Object)'> (0x000000008d75c398) thrown at [./src/hotspot/share/interpreter/linkResolver.cpp, line 773]
Event: 30.064 Thread 0x0000023b7e4fb000 Exception <a 'java/lang/IncompatibleClassChangeError'{0x000000008c9a3bd0}: Found class java.lang.Object, but interface was expected> (0x000000008c9a3bd0) thrown at [./src/hotspot/share/interpreter/linkResolver.cpp, line 839]
Event: 30.065 Thread 0x0000023b7e4f3800 Exception <a 'java/lang/IncompatibleClassChangeError'{0x000000008cab8508}: Found class java.lang.Object, but interface was expected> (0x000000008cab8508) thrown at [./src/hotspot/share/interpreter/linkResolver.cpp, line 839]
Event: 30.065 Thread 0x0000023b0091c800 Exception <a 'java/lang/IncompatibleClassChangeError'{0x000000008c9b3718}: Found class java.lang.Object, but interface was expected> (0x000000008c9b3718) thrown at [./src/hotspot/share/interpreter/linkResolver.cpp, line 839]
Event: 30.064 Thread 0x0000023b7f02d000 Exception <a 'java/lang/IncompatibleClassChangeError'{0x000000008c9c26d0}: Found class java.lang.Object, but interface was expected> (0x000000008c9c26d0) thrown at [./src/hotspot/share/interpreter/linkResolver.cpp, line 839]
Event: 30.065 Thread 0x0000023b7e4f7000 Exception <a 'java/lang/IncompatibleClassChangeError'{0x000000008cc45688}: Found class java.lang.Object, but interface was expected> (0x000000008cc45688) thrown at [./src/hotspot/share/interpreter/linkResolver.cpp, line 839]
Event: 30.065 Thread 0x0000023b00a46800 Exception <a 'java/lang/IncompatibleClassChangeError'{0x000000008c9bbe00}: Found class java.lang.Object, but interface was expected> (0x000000008c9bbe00) thrown at [./src/hotspot/share/interpreter/linkResolver.cpp, line 839]
Event: 30.065 Thread 0x0000023b7f02e800 Exception <a 'java/lang/IncompatibleClassChangeError'{0x000000008c9bfce0}: Found class java.lang.Object, but interface was expected> (0x000000008c9bfce0) thrown at [./src/hotspot/share/interpreter/linkResolver.cpp, line 839]
Event: 30.074 Thread 0x0000023b7e4f7000 Exception <a 'java/lang/NoSuchMethodError'{0x000000008cc651c0}: 'int java.lang.invoke.DirectMethodHandle$Holder.invokeVirtual(java.lang.Object, java.lang.Object, java.lang.Object)'> (0x000000008cc651c0) thrown at [./src/hotspot/share/interpreter/linkResolver.cpp, line 773]
Event: 30.080 Thread 0x0000023b7e4fb000 Implicit null exception at 0x0000023b6d221bb7 to 0x0000023b6d221efc
Event: 30.080 Thread 0x0000023b7e4f7000 Implicit null exception at 0x0000023b6d221bb7 to 0x0000023b6d221efc
Event: 30.080 Thread 0x0000023b7e4fb000 Implicit null exception at 0x0000023b6d221bb7 to 0x0000023b6d221efc
Event: 30.080 Thread 0x0000023b7e4f7000 Implicit null exception at 0x0000023b6d221bb7 to 0x0000023b6d221efc
Event: 30.393 Thread 0x0000023b0091c800 Exception <a 'java/lang/NoSuchMethodError'{0x000000008aa48280}: 'java.lang.Object java.lang.invoke.DirectMethodHandle$Holder.invokeStatic(java.lang.Object, int, java.lang.Object, java.lang.Object)'> (0x000000008aa48280) thrown at [./src/hotspot/share/interpreter/linkResolver.cpp, line 773]

Events (20 events):
Event: 30.975 loading class com/android/tools/r8/internal/Xl1 done
Event: 30.976 loading class com/android/tools/r8/internal/rU0
Event: 30.976 loading class com/android/tools/r8/internal/rU0 done
Event: 30.976 loading class com/android/tools/r8/internal/u1
Event: 30.976 loading class com/android/tools/r8/internal/u1 done
Event: 30.977 loading class com/android/tools/r8/internal/yT0
Event: 30.977 loading class com/android/tools/r8/internal/yT0 done
Event: 30.978 loading class com/android/tools/r8/internal/I1
Event: 30.978 loading class com/android/tools/r8/internal/I1 done
Event: 30.979 loading class com/android/tools/r8/internal/FM0
Event: 30.979 loading class com/android/tools/r8/internal/FM0 done
Event: 30.980 loading class com/android/tools/r8/internal/ez0
Event: 30.980 loading class com/android/tools/r8/internal/ez0 done
Event: 30.980 loading class com/android/tools/r8/internal/Ha1
Event: 30.980 loading class com/android/tools/r8/internal/Ha1 done
Event: 30.981 loading class com/android/tools/r8/internal/hK0
Event: 30.981 loading class com/android/tools/r8/internal/hK0 done
Event: 30.982 loading class com/android/tools/r8/internal/Ps1
Event: 30.982 loading class com/android/tools/r8/internal/Ps1 done
Event: 30.983 Executing VM operation: G1CollectForAllocation


Dynamic libraries:
0x00007ff7b8ff0000 - 0x00007ff7b8ffa000 	C:\Program Files\Android\Android Studio\jre\bin\java.exe
0x00007ffc15470000 - 0x00007ffc15665000 	C:\windows\SYSTEM32\ntdll.dll
0x00007ffc15270000 - 0x00007ffc1532d000 	C:\windows\System32\KERNEL32.DLL
0x00007ffc12da0000 - 0x00007ffc1306d000 	C:\windows\System32\KERNELBASE.dll
0x00007ffc13110000 - 0x00007ffc13210000 	C:\windows\System32\ucrtbase.dll
0x00007ffbf8c20000 - 0x00007ffbf8c39000 	C:\Program Files\Android\Android Studio\jre\bin\jli.dll
0x00007ffbedf60000 - 0x00007ffbedf77000 	C:\Program Files\Android\Android Studio\jre\bin\VCRUNTIME140.dll
0x00007ffc148d0000 - 0x00007ffc14a70000 	C:\windows\System32\USER32.dll
0x00007ffc12d70000 - 0x00007ffc12d92000 	C:\windows\System32\win32u.dll
0x00007ffc14830000 - 0x00007ffc1485a000 	C:\windows\System32\GDI32.dll
0x00007ffbf63a0000 - 0x00007ffbf663a000 	C:\windows\WinSxS\amd64_microsoft.windows.common-controls_6595b64144ccf1df_6.0.19041.1110_none_60b5254171f9507e\COMCTL32.dll
0x00007ffc133b0000 - 0x00007ffc134bb000 	C:\windows\System32\gdi32full.dll
0x00007ffc15330000 - 0x00007ffc153ce000 	C:\windows\System32\msvcrt.dll
0x00007ffc13210000 - 0x00007ffc132ad000 	C:\windows\System32\msvcp_win.dll
0x00007ffc14800000 - 0x00007ffc14830000 	C:\windows\System32\IMM32.DLL
0x00007ffbd9060000 - 0x00007ffbd90fd000 	C:\Program Files\Android\Android Studio\jre\bin\msvcp140.dll
0x00007ffbc2a40000 - 0x00007ffbc3515000 	C:\Program Files\Android\Android Studio\jre\bin\server\jvm.dll
0x00007ffc14200000 - 0x00007ffc142ae000 	C:\windows\System32\ADVAPI32.dll
0x00007ffc151d0000 - 0x00007ffc1526c000 	C:\windows\System32\sechost.dll
0x00007ffc150a0000 - 0x00007ffc151c5000 	C:\windows\System32\RPCRT4.dll
0x00007ffc14c80000 - 0x00007ffc14c88000 	C:\windows\System32\PSAPI.DLL
0x00007ffbf8280000 - 0x00007ffbf82a7000 	C:\windows\SYSTEM32\WINMM.dll
0x00007ffc05180000 - 0x00007ffc0518a000 	C:\windows\SYSTEM32\VERSION.dll
0x00007ffbf80c0000 - 0x00007ffbf80c9000 	C:\windows\SYSTEM32\WSOCK32.dll
0x00007ffc14860000 - 0x00007ffc148cb000 	C:\windows\System32\WS2_32.dll
0x00007ffc11410000 - 0x00007ffc11422000 	C:\windows\SYSTEM32\kernel.appcore.dll
0x00007ffc0b9f0000 - 0x00007ffc0ba01000 	C:\Program Files\Android\Android Studio\jre\bin\verify.dll
0x00007ffc107c0000 - 0x00007ffc109a4000 	C:\windows\SYSTEM32\DBGHELP.DLL
0x00007ffbfe690000 - 0x00007ffbfe6bc000 	C:\windows\SYSTEM32\dbgcore.DLL
0x00007ffc12b80000 - 0x00007ffc12c02000 	C:\windows\System32\bcryptPrimitives.dll
0x00007ffc06ee0000 - 0x00007ffc06f09000 	C:\Program Files\Android\Android Studio\jre\bin\java.dll
0x00007ffc0b9c0000 - 0x00007ffc0b9cb000 	C:\Program Files\Android\Android Studio\jre\bin\jimage.dll
0x00007ffbfd920000 - 0x00007ffbfd938000 	C:\Program Files\Android\Android Studio\jre\bin\zip.dll
0x00007ffc136e0000 - 0x00007ffc13e24000 	C:\windows\System32\SHELL32.dll
0x00007ffc109b0000 - 0x00007ffc11144000 	C:\windows\SYSTEM32\windows.storage.dll
0x00007ffc14d40000 - 0x00007ffc15094000 	C:\windows\System32\combase.dll
0x00007ffc125e0000 - 0x00007ffc1260c000 	C:\windows\SYSTEM32\Wldp.dll
0x00007ffc14730000 - 0x00007ffc147dd000 	C:\windows\System32\SHCORE.dll
0x00007ffc13680000 - 0x00007ffc136d5000 	C:\windows\System32\shlwapi.dll
0x00007ffc12ac0000 - 0x00007ffc12adf000 	C:\windows\SYSTEM32\profapi.dll
0x00007ffbfd8b0000 - 0x00007ffbfd8ca000 	C:\Program Files\Android\Android Studio\jre\bin\net.dll
0x00007ffc09a40000 - 0x00007ffc09b4a000 	C:\windows\SYSTEM32\WINHTTP.dll
0x00007ffc12340000 - 0x00007ffc123aa000 	C:\windows\system32\mswsock.dll
0x00007ffbfd890000 - 0x00007ffbfd8a4000 	C:\Program Files\Android\Android Studio\jre\bin\nio.dll
0x00007ffbfd690000 - 0x00007ffbfd6b7000 	C:\Users\ENVY\.gradle\native\e1d6ef7f7dcc3fd88c89a11ec53ec762bb8ba0a96d01ffa2cd45eb1d1d8dd5c5\windows-amd64\native-platform.dll
0x00007ffbd8ca0000 - 0x00007ffbd8de4000 	C:\Users\ENVY\.gradle\native\5664cfc778a61ccfe75a443a1ab52a65af34e5dc3c78e0209fed803814484fcb\windows-amd64\native-platform-file-events.dll
0x00007ffc06ed0000 - 0x00007ffc06eda000 	C:\Program Files\Android\Android Studio\jre\bin\management.dll
0x00007ffc06e70000 - 0x00007ffc06e7d000 	C:\Program Files\Android\Android Studio\jre\bin\management_ext.dll
0x00007ffc12530000 - 0x00007ffc12548000 	C:\windows\SYSTEM32\CRYPTSP.dll
0x00007ffc11c50000 - 0x00007ffc11c84000 	C:\windows\system32\rsaenh.dll
0x00007ffc13070000 - 0x00007ffc13097000 	C:\windows\System32\bcrypt.dll
0x00007ffc12a40000 - 0x00007ffc12a6e000 	C:\windows\SYSTEM32\USERENV.dll
0x00007ffc12550000 - 0x00007ffc1255c000 	C:\windows\SYSTEM32\CRYPTBASE.dll
0x00007ffc11fe0000 - 0x00007ffc1201b000 	C:\windows\SYSTEM32\IPHLPAPI.DLL
0x00007ffc13590000 - 0x00007ffc13598000 	C:\windows\System32\NSI.dll
0x00007ffc023a0000 - 0x00007ffc023b7000 	C:\windows\SYSTEM32\dhcpcsvc6.DLL
0x00007ffc070c0000 - 0x00007ffc070dd000 	C:\windows\SYSTEM32\dhcpcsvc.DLL
0x00007ffc12020000 - 0x00007ffc120eb000 	C:\windows\SYSTEM32\DNSAPI.dll

dbghelp: loaded successfully - version: 4.0.5 - missing functions: none
symbol engine: initialized successfully - sym options: 0x614 - pdb path: .;C:\Program Files\Android\Android Studio\jre\bin;C:\windows\SYSTEM32;C:\windows\WinSxS\amd64_microsoft.windows.common-controls_6595b64144ccf1df_6.0.19041.1110_none_60b5254171f9507e;C:\Program Files\Android\Android Studio\jre\bin\server;C:\Users\ENVY\.gradle\native\e1d6ef7f7dcc3fd88c89a11ec53ec762bb8ba0a96d01ffa2cd45eb1d1d8dd5c5\windows-amd64;C:\Users\ENVY\.gradle\native\5664cfc778a61ccfe75a443a1ab52a65af34e5dc3c78e0209fed803814484fcb\windows-amd64

VM Arguments:
jvm_args: --add-opens=java.base/java.util=ALL-UNNAMED --add-opens=java.base/java.lang=ALL-UNNAMED --add-opens=java.base/java.lang.invoke=ALL-UNNAMED --add-opens=java.base/java.util=ALL-UNNAMED --add-opens=java.prefs/java.util.prefs=ALL-UNNAMED --add-opens=java.prefs/java.util.prefs=ALL-UNNAMED --add-opens=java.base/java.nio.charset=ALL-UNNAMED --add-opens=java.base/java.net=ALL-UNNAMED --add-opens=java.base/java.util.concurrent.atomic=ALL-UNNAMED -Xmx2048m -Dfile.encoding=UTF-8 -Duser.country=RU -Duser.language=ru -Duser.variant 
java_command: org.gradle.launcher.daemon.bootstrap.GradleDaemon 7.2
java_class_path (initial): C:\Users\ENVY\.gradle\wrapper\dists\gradle-7.2-bin\2dnblmf4td7x66yl1d74lt32g\gradle-7.2\lib\gradle-launcher-7.2.jar
Launcher Type: SUN_STANDARD

[Global flags]
     intx CICompilerCount                          = 4                                         {product} {ergonomic}
     uint ConcGCThreads                            = 2                                         {product} {ergonomic}
     uint G1ConcRefinementThreads                  = 8                                         {product} {ergonomic}
   size_t G1HeapRegionSize                         = 1048576                                   {product} {ergonomic}
    uintx GCDrainStackTargetSize                   = 64                                        {product} {ergonomic}
   size_t InitialHeapSize                          = 132120576                                 {product} {ergonomic}
   size_t MarkStackSize                            = 4194304                                   {product} {ergonomic}
   size_t MaxHeapSize                              = 2147483648                                {product} {command line}
   size_t MaxNewSize                               = 1287651328                                {product} {ergonomic}
   size_t MinHeapDeltaBytes                        = 1048576                                   {product} {ergonomic}
    uintx NonNMethodCodeHeapSize                   = 5836300                                {pd product} {ergonomic}
    uintx NonProfiledCodeHeapSize                  = 122910970                              {pd product} {ergonomic}
    uintx ProfiledCodeHeapSize                     = 122910970                              {pd product} {ergonomic}
    uintx ReservedCodeCacheSize                    = 251658240                              {pd product} {ergonomic}
     bool SegmentedCodeCache                       = true                                      {product} {ergonomic}
     bool UseCompressedClassPointers               = true                                 {lp64_product} {ergonomic}
     bool UseCompressedOops                        = true                                 {lp64_product} {ergonomic}
     bool UseG1GC                                  = true                                      {product} {ergonomic}
     bool UseLargePagesIndividualAllocation        = false                                  {pd product} {ergonomic}

Logging:
Log output configuration:
 #0: stdout all=warning uptime,level,tags
 #1: stderr all=off uptime,level,tags

Environment Variables:
PATH=C:\Program Files (x86)\Common Files\Oracle\Java\javapath;C:\windows\system32;C:\windows;C:\windows\System32\Wbem;C:\windows\System32\WindowsPowerShell\v1.0\;C:\windows\System32\OpenSSH\;C:\Program Files\dotnet\;C:\Program Files\7-Zip;C:\Program Files\Git\cmd;C:\Users\ENVY\AppData\Local\Microsoft\WindowsApps;
USERNAME=ENVY
OS=Windows_NT
PROCESSOR_IDENTIFIER=Intel64 Family 6 Model 140 Stepping 1, GenuineIntel



---------------  S Y S T E M  ---------------

OS: Windows 10 , 64 bit Build 19041 (10.0.19041.1706)
OS uptime: 23 days 22:25 hours

CPU:total 8 (initial active 8) (4 cores per cpu, 2 threads per core) family 6 model 140 stepping 1 microcode 0x86, cmov, cx8, fxsr, mmx, sse, sse2, sse3, ssse3, sse4.1, sse4.2, popcnt, avx, avx2, aes, clmul, erms, 3dnowpref, lzcnt, ht, tsc, tscinvbit, bmi1, bmi2, adx, evex, sha, fma

Memory: 4k page, system-wide physical 7953M (251M free)
TotalPageFile size 32529M (AvailPageFile size 99M)
current process WorkingSet (physical memory assigned to process): 395M, peak: 431M
current process commit charge ("private bytes"): 610M, peak: 731M

vm_info: OpenJDK 64-Bit Server VM (11.0.11+9-b60-7590822) for windows-amd64 JRE (11.0.11+9-b60-7590822), built on Jul 29 2021 21:43:44 by "builder" with MS VC++ 14.0 (VS2015)

END.
