#
# There is insufficient memory for the Java Runtime Environment to continue.
# Native memory allocation (mmap) failed to map 99614720 bytes for Failed to commit area from 0x000000008dc00000 to 0x0000000093b00000 of length 99614720.
# Possible reasons:
#   The system is out of physical RAM or swap space
#   The process is running with CompressedOops enabled, and the Java Heap may be blocking the growth of the native heap
# Possible solutions:
#   Reduce memory load on the system
#   Increase physical memory or swap space
#   Check if swap backing store is full
#   Decrease Java heap size (-Xmx/-Xms)
#   Decrease number of Java threads
#   Decrease Java thread stack sizes (-Xss)
#   Set larger code cache with -XX:ReservedCodeCacheSize=
#   JVM is running with Unscaled Compressed Oops mode in which the Java heap is
#     placed in the first 4GB address space. The Java Heap base address is the
#     maximum limit for the native heap growth. Please use -XX:HeapBaseMinAddress
#     to set the Java Heap base and to place the Java Heap above 4GB virtual address.
# This output file may be truncated or incomplete.
#
#  Out of Memory Error (./src/hotspot/os/windows/os_windows.cpp:3301), pid=65908, tid=71476
#
# JRE version: OpenJDK Runtime Environment (11.0.11+9) (build 11.0.11+9-b60-7590822)
# Java VM: OpenJDK 64-Bit Server VM (11.0.11+9-b60-7590822, mixed mode, tiered, compressed oops, g1 gc, windows-amd64)
# No core dump will be written. Minidumps are not enabled by default on client versions of Windows
#

---------------  S U M M A R Y ------------

Command Line: --add-opens=java.base/java.util=ALL-UNNAMED --add-opens=java.base/java.lang=ALL-UNNAMED --add-opens=java.base/java.lang.invoke=ALL-UNNAMED --add-opens=java.base/java.util=ALL-UNNAMED --add-opens=java.prefs/java.util.prefs=ALL-UNNAMED --add-opens=java.prefs/java.util.prefs=ALL-UNNAMED --add-opens=java.base/java.nio.charset=ALL-UNNAMED --add-opens=java.base/java.net=ALL-UNNAMED --add-opens=java.base/java.util.concurrent.atomic=ALL-UNNAMED -Xmx2048m -Dfile.encoding=UTF-8 -Duser.country=RU -Duser.language=ru -Duser.variant org.gradle.launcher.daemon.bootstrap.GradleDaemon 7.2

Host: 11th Gen Intel(R) Core(TM) i5-1135G7 @ 2.40GHz, 8 cores, 7G,  Windows 10 , 64 bit Build 19041 (10.0.19041.1706)
Time: Sun Jun 12 16:10:14 2022 Центральная Азия (зима) elapsed time: 35.171756 seconds (0d 0h 0m 35s)

---------------  T H R E A D  ---------------

Current thread (0x0000019fff75e800):  VMThread "VM Thread" [stack: 0x0000009633b00000,0x0000009633c00000] [id=71476]

Stack: [0x0000009633b00000,0x0000009633c00000]
[error occurred during error reporting (printing stack bounds), id 0xc0000005, EXCEPTION_ACCESS_VIOLATION (0xc0000005) at pc=0x0000019f800010e7]

Native frames: (J=compiled Java code, j=interpreted, Vv=VM code, C=native code)
V  [jvm.dll+0x5f214a]
V  [jvm.dll+0x726fb5]
V  [jvm.dll+0x7285cd]
V  [jvm.dll+0x728be5]
V  [jvm.dll+0x728b9b]
V  [jvm.dll+0x5f14e8]
V  [jvm.dll+0x5f1c78]
C  [ntdll.dll+0xa209f]
C  [ntdll.dll+0x51454]
C  [ntdll.dll+0xa0bce]
C  0x0000019f800010e7

VM_Operation (0x0000009639af91a0): G1CollectForAllocation, mode: safepoint, requested by thread 0x0000019f9b2dd800


---------------  P R O C E S S  ---------------

Threads class SMR info:
_java_thread_list=0x0000019f9f85df50, length=140, elements={
0x0000019ff8349000, 0x0000019fff765000, 0x0000019fff766000, 0x0000019f9515b000,
0x0000019f95160800, 0x0000019f95161800, 0x0000019f95162800, 0x0000019fff786800,
0x0000019f95184000, 0x0000019f952cf800, 0x0000019f96cde800, 0x0000019f96447000,
0x0000019f961e7000, 0x0000019f95eeb800, 0x0000019f964aa000, 0x0000019f9693c800,
0x0000019f96baf800, 0x0000019f96b01000, 0x0000019f96b9d800, 0x0000019f96b8f000,
0x0000019f96b8d800, 0x0000019f96b8b800, 0x0000019f96b8c800, 0x0000019f96b89800,
0x0000019f96b8b000, 0x0000019f96b90000, 0x0000019f96b8a000, 0x0000019f96b8e000,
0x0000019f977e3000, 0x0000019f977e1000, 0x0000019f977e4800, 0x0000019f977e5800,
0x0000019f977e2000, 0x0000019f977e0800, 0x0000019f977e7800, 0x0000019f977e8800,
0x0000019f977ec000, 0x0000019f977ea000, 0x0000019f977e9800, 0x0000019f977eb000,
0x0000019f977ec800, 0x0000019f977e7000, 0x0000019f977ef000, 0x0000019f977ed800,
0x0000019f977ee800, 0x0000019f9988a800, 0x0000019f9988c000, 0x0000019f99889800,
0x0000019f99889000, 0x0000019f9988d000, 0x0000019f99887000, 0x0000019f9988d800,
0x0000019f99888000, 0x0000019f9988b000, 0x0000019f99805800, 0x0000019f99807800,
0x0000019f9980c000, 0x0000019f9980b800, 0x0000019f99806800, 0x0000019f9980d000,
0x0000019f9980e000, 0x0000019f99808000, 0x0000019f9980e800, 0x0000019f9980a000,
0x0000019f99809000, 0x0000019f9980f800, 0x0000019f99810800, 0x0000019f9980a800,
0x0000019f99812800, 0x0000019f99811000, 0x0000019f99812000, 0x0000019f99813800,
0x0000019f99814800, 0x0000019f9b2d4800, 0x0000019f9b2d2000, 0x0000019f9b2cf800,
0x0000019f9b2d5800, 0x0000019f9b2d6000, 0x0000019f9b2d0800, 0x0000019f9b2d1800,
0x0000019f9b2d8800, 0x0000019f9b2d4000, 0x0000019f9b2d7000, 0x0000019f9b2d8000,
0x0000019f9b2d3000, 0x0000019f9b2dc800, 0x0000019f9b2dd800, 0x0000019f9b2d9800,
0x0000019f9b2db000, 0x0000019f9b2de800, 0x0000019f9b2dc000, 0x0000019f9b2da800,
0x0000019f9b212000, 0x0000019f9b210800, 0x0000019f9b214800, 0x0000019f9b211000,
0x0000019f9b213800, 0x0000019f9b215000, 0x0000019f9b216000, 0x0000019f9b217000,
0x0000019f9b217800, 0x0000019f9b218800, 0x0000019f9b212800, 0x0000019f9b21b800,
0x0000019f9b21d800, 0x0000019f9b21a000, 0x0000019f9b21f000, 0x0000019f9b21b000,
0x0000019f9b21e000, 0x0000019f9b21c800, 0x0000019f9b219800, 0x0000019f9b222000,
0x0000019f9b220800, 0x0000019f9b226000, 0x0000019f9b224800, 0x0000019f9b227000,
0x0000019f9b221000, 0x0000019f9b227800, 0x0000019f9b228800, 0x0000019f9b223800,
0x0000019f9b223000, 0x0000019f9b229800, 0x0000019f9b225000, 0x0000019f9b22c800,
0x0000019f9b22f000, 0x0000019f9b22d800, 0x0000019f9b22b000, 0x0000019f9b22e000,
0x0000019f9b22b800, 0x0000019f9cc22000, 0x0000019f9cc27000, 0x0000019f9cc23800,
0x0000019f9cc24800, 0x0000019f9cc23000, 0x0000019f9cc21000, 0x0000019f9cc26000,
0x0000019f9cc2a000, 0x0000019f9cc25800, 0x0000019f9cc2c800, 0x0000019f9f5af000
}

Java Threads: ( => current thread )
  0x0000019ff8349000 JavaThread "main" [_thread_blocked, id=74272, stack(0x0000009633500000,0x0000009633600000)]
  0x0000019fff765000 JavaThread "Reference Handler" daemon [_thread_blocked, id=76140, stack(0x0000009633c00000,0x0000009633d00000)]
  0x0000019fff766000 JavaThread "Finalizer" daemon [_thread_blocked, id=77760, stack(0x0000009633d00000,0x0000009633e00000)]
  0x0000019f9515b000 JavaThread "Signal Dispatcher" daemon [_thread_blocked, id=76676, stack(0x0000009633e00000,0x0000009633f00000)]
  0x0000019f95160800 JavaThread "Attach Listener" daemon [_thread_blocked, id=42080, stack(0x0000009633f00000,0x0000009634000000)]
  0x0000019f95161800 JavaThread "Service Thread" daemon [_thread_blocked, id=69668, stack(0x0000009634000000,0x0000009634100000)]
  0x0000019f95162800 JavaThread "C2 CompilerThread0" daemon [_thread_blocked, id=76872, stack(0x0000009634100000,0x0000009634200000)]
  0x0000019fff786800 JavaThread "C1 CompilerThread0" daemon [_thread_blocked, id=61248, stack(0x0000009634200000,0x0000009634300000)]
  0x0000019f95184000 JavaThread "Sweeper thread" daemon [_thread_blocked, id=65104, stack(0x0000009634300000,0x0000009634400000)]
  0x0000019f952cf800 JavaThread "Common-Cleaner" daemon [_thread_blocked, id=72740, stack(0x0000009634400000,0x0000009634500000)]
  0x0000019f96cde800 JavaThread "Daemon health stats" [_thread_blocked, id=74904, stack(0x0000009634800000,0x0000009634900000)]
  0x0000019f96447000 JavaThread "Incoming local TCP Connector on port 61478" [_thread_in_native, id=76964, stack(0x0000009634900000,0x0000009634a00000)]
  0x0000019f961e7000 JavaThread "Daemon periodic checks" [_thread_blocked, id=68252, stack(0x0000009634a00000,0x0000009634b00000)]
  0x0000019f95eeb800 JavaThread "Daemon" [_thread_blocked, id=61348, stack(0x0000009634b00000,0x0000009634c00000)]
  0x0000019f964aa000 JavaThread "Handler for socket connection from /127.0.0.1:61478 to /127.0.0.1:61479" [_thread_in_native, id=47820, stack(0x0000009634c00000,0x0000009634d00000)]
  0x0000019f9693c800 JavaThread "Cancel handler" [_thread_blocked, id=73208, stack(0x0000009634d00000,0x0000009634e00000)]
  0x0000019f96baf800 JavaThread "Daemon worker" [_thread_blocked, id=3504, stack(0x0000009634e00000,0x0000009634f00000)]
  0x0000019f96b01000 JavaThread "Asynchronous log dispatcher for DefaultDaemonConnection: socket connection from /127.0.0.1:61478 to /127.0.0.1:61479" [_thread_blocked, id=67928, stack(0x0000009634f00000,0x0000009635000000)]
  0x0000019f96b9d800 JavaThread "Stdin handler" [_thread_blocked, id=64232, stack(0x0000009635000000,0x0000009635100000)]
  0x0000019f96b8f000 JavaThread "Daemon client event forwarder" [_thread_blocked, id=75184, stack(0x0000009635100000,0x0000009635200000)]
  0x0000019f96b8d800 JavaThread "Cache worker for journal cache (C:\Users\ENVY\.gradle\caches\journal-1)" [_thread_blocked, id=70004, stack(0x0000009635700000,0x0000009635800000)]
  0x0000019f96b8b800 JavaThread "File lock request listener" [_thread_in_native, id=75212, stack(0x0000009635800000,0x0000009635900000)]
  0x0000019f96b8c800 JavaThread "Cache worker for file hash cache (C:\Users\ENVY\.gradle\caches\7.2\fileHashes)" [_thread_blocked, id=75660, stack(0x0000009635900000,0x0000009635a00000)]
  0x0000019f96b89800 JavaThread "Cache worker for file hash cache (C:\Users\ENVY\Desktop\LoveCalculator42-master\.gradle\7.2\fileHashes)" [_thread_blocked, id=75320, stack(0x0000009635b00000,0x0000009635c00000)]
  0x0000019f96b8b000 JavaThread "File watcher server" daemon [_thread_blocked, id=76996, stack(0x0000009635c00000,0x0000009635d00000)]
  0x0000019f96b90000 JavaThread "File watcher consumer" daemon [_thread_blocked, id=76536, stack(0x0000009635d00000,0x0000009635e00000)]
  0x0000019f96b8a000 JavaThread "Cache worker for checksums cache (C:\Users\ENVY\Desktop\LoveCalculator42-master\.gradle\checksums)" [_thread_blocked, id=47672, stack(0x0000009635e00000,0x0000009635f00000)]
  0x0000019f96b8e000 JavaThread "Cache worker for cache directory md-supplier (C:\Users\ENVY\.gradle\caches\7.2\md-supplier)" [_thread_blocked, id=60640, stack(0x0000009635f00000,0x0000009636000000)]
  0x0000019f977e3000 JavaThread "Cache worker for cache directory md-rule (C:\Users\ENVY\.gradle\caches\7.2\md-rule)" [_thread_blocked, id=70836, stack(0x0000009636000000,0x0000009636100000)]
  0x0000019f977e1000 JavaThread "Cache worker for execution history cache (C:\Users\ENVY\.gradle\caches\7.2\executionHistory)" [_thread_blocked, id=74948, stack(0x0000009636100000,0x0000009636200000)]
  0x0000019f977e4800 JavaThread "jar transforms" [_thread_blocked, id=75792, stack(0x0000009636200000,0x0000009636300000)]
  0x0000019f977e5800 JavaThread "Cache worker for file content cache (C:\Users\ENVY\.gradle\caches\7.2\fileContent)" [_thread_blocked, id=74816, stack(0x0000009636300000,0x0000009636400000)]
  0x0000019f977e2000 JavaThread "jar transforms Thread 2" [_thread_blocked, id=48020, stack(0x0000009636400000,0x0000009636500000)]
  0x0000019f977e0800 JavaThread "Cache worker for dependencies-accessors (C:\Users\ENVY\Desktop\LoveCalculator42-master\.gradle\7.2\dependencies-accessors)" [_thread_blocked, id=75252, stack(0x0000009636500000,0x0000009636600000)]
  0x0000019f977e7800 JavaThread "jar transforms Thread 3" [_thread_blocked, id=73520, stack(0x0000009636600000,0x0000009636700000)]
  0x0000019f977e8800 JavaThread "Cache worker for Build Output Cleanup Cache (C:\Users\ENVY\Desktop\LoveCalculator42-master\.gradle\buildOutputCleanup)" [_thread_blocked, id=54044, stack(0x0000009636700000,0x0000009636800000)]
  0x0000019f977ec000 JavaThread "Unconstrained build operations" [_thread_blocked, id=73784, stack(0x0000009636800000,0x0000009636900000)]
  0x0000019f977ea000 JavaThread "Unconstrained build operations Thread 2" [_thread_blocked, id=59784, stack(0x0000009636900000,0x0000009636a00000)]
  0x0000019f977e9800 JavaThread "Unconstrained build operations Thread 3" [_thread_blocked, id=77000, stack(0x0000009636a00000,0x0000009636b00000)]
  0x0000019f977eb000 JavaThread "Unconstrained build operations Thread 4" [_thread_blocked, id=71840, stack(0x0000009636b00000,0x0000009636c00000)]
  0x0000019f977ec800 JavaThread "Unconstrained build operations Thread 5" [_thread_blocked, id=68212, stack(0x0000009636c00000,0x0000009636d00000)]
  0x0000019f977e7000 JavaThread "Unconstrained build operations Thread 6" [_thread_blocked, id=73556, stack(0x0000009636d00000,0x0000009636e00000)]
  0x0000019f977ef000 JavaThread "Unconstrained build operations Thread 7" [_thread_blocked, id=56280, stack(0x0000009636e00000,0x0000009636f00000)]
  0x0000019f977ed800 JavaThread "Unconstrained build operations Thread 8" [_thread_blocked, id=58100, stack(0x0000009636f00000,0x0000009637000000)]
  0x0000019f977ee800 JavaThread "Unconstrained build operations Thread 9" [_thread_blocked, id=48924, stack(0x0000009637000000,0x0000009637100000)]
  0x0000019f9988a800 JavaThread "Unconstrained build operations Thread 10" [_thread_blocked, id=2992, stack(0x0000009637100000,0x0000009637200000)]
  0x0000019f9988c000 JavaThread "Unconstrained build operations Thread 11" [_thread_blocked, id=76016, stack(0x0000009637200000,0x0000009637300000)]
  0x0000019f99889800 JavaThread "Unconstrained build operations Thread 12" [_thread_blocked, id=55292, stack(0x0000009637300000,0x0000009637400000)]
  0x0000019f99889000 JavaThread "Unconstrained build operations Thread 13" [_thread_blocked, id=48472, stack(0x0000009637400000,0x0000009637500000)]
  0x0000019f9988d000 JavaThread "Unconstrained build operations Thread 14" [_thread_blocked, id=47328, stack(0x0000009637500000,0x0000009637600000)]
  0x0000019f99887000 JavaThread "Unconstrained build operations Thread 15" [_thread_blocked, id=58708, stack(0x0000009637600000,0x0000009637700000)]
  0x0000019f9988d800 JavaThread "Unconstrained build operations Thread 16" [_thread_blocked, id=68424, stack(0x0000009637700000,0x0000009637800000)]
  0x0000019f99888000 JavaThread "Unconstrained build operations Thread 17" [_thread_blocked, id=62992, stack(0x0000009637800000,0x0000009637900000)]
  0x0000019f9988b000 JavaThread "Unconstrained build operations Thread 18" [_thread_blocked, id=75104, stack(0x0000009637900000,0x0000009637a00000)]
  0x0000019f99805800 JavaThread "Unconstrained build operations Thread 19" [_thread_blocked, id=60100, stack(0x0000009637a00000,0x0000009637b00000)]
  0x0000019f99807800 JavaThread "Unconstrained build operations Thread 20" [_thread_blocked, id=69368, stack(0x0000009637b00000,0x0000009637c00000)]
  0x0000019f9980c000 JavaThread "Unconstrained build operations Thread 21" [_thread_blocked, id=71016, stack(0x0000009637c00000,0x0000009637d00000)]
  0x0000019f9980b800 JavaThread "Unconstrained build operations Thread 22" [_thread_blocked, id=75388, stack(0x0000009637d00000,0x0000009637e00000)]
  0x0000019f99806800 JavaThread "Unconstrained build operations Thread 23" [_thread_blocked, id=77216, stack(0x0000009637e00000,0x0000009637f00000)]
  0x0000019f9980d000 JavaThread "Unconstrained build operations Thread 24" [_thread_blocked, id=73572, stack(0x0000009637f00000,0x0000009638000000)]
  0x0000019f9980e000 JavaThread "Unconstrained build operations Thread 25" [_thread_blocked, id=71968, stack(0x0000009638000000,0x0000009638100000)]
  0x0000019f99808000 JavaThread "Unconstrained build operations Thread 26" [_thread_blocked, id=72692, stack(0x0000009638100000,0x0000009638200000)]
  0x0000019f9980e800 JavaThread "Unconstrained build operations Thread 27" [_thread_blocked, id=77440, stack(0x0000009638200000,0x0000009638300000)]
  0x0000019f9980a000 JavaThread "Unconstrained build operations Thread 28" [_thread_blocked, id=52344, stack(0x0000009638300000,0x0000009638400000)]
  0x0000019f99809000 JavaThread "Unconstrained build operations Thread 29" [_thread_blocked, id=77384, stack(0x0000009638400000,0x0000009638500000)]
  0x0000019f9980f800 JavaThread "Unconstrained build operations Thread 30" [_thread_blocked, id=70148, stack(0x0000009638500000,0x0000009638600000)]
  0x0000019f99810800 JavaThread "Unconstrained build operations Thread 31" [_thread_blocked, id=59344, stack(0x0000009638600000,0x0000009638700000)]
  0x0000019f9980a800 JavaThread "Unconstrained build operations Thread 32" [_thread_blocked, id=67892, stack(0x0000009638700000,0x0000009638800000)]
  0x0000019f99812800 JavaThread "Unconstrained build operations Thread 33" [_thread_blocked, id=50156, stack(0x0000009638800000,0x0000009638900000)]
  0x0000019f99811000 JavaThread "Unconstrained build operations Thread 34" [_thread_blocked, id=75256, stack(0x0000009638900000,0x0000009638a00000)]
  0x0000019f99812000 JavaThread "Unconstrained build operations Thread 35" [_thread_blocked, id=66808, stack(0x0000009638a00000,0x0000009638b00000)]
  0x0000019f99813800 JavaThread "Unconstrained build operations Thread 36" [_thread_blocked, id=37696, stack(0x0000009638b00000,0x0000009638c00000)]
  0x0000019f99814800 JavaThread "Unconstrained build operations Thread 37" [_thread_blocked, id=57704, stack(0x0000009638c00000,0x0000009638d00000)]
  0x0000019f9b2d4800 JavaThread "Unconstrained build operations Thread 38" [_thread_blocked, id=71288, stack(0x0000009638d00000,0x0000009638e00000)]
  0x0000019f9b2d2000 JavaThread "Unconstrained build operations Thread 39" [_thread_blocked, id=44236, stack(0x0000009638e00000,0x0000009638f00000)]
  0x0000019f9b2cf800 JavaThread "Unconstrained build operations Thread 40" [_thread_blocked, id=48152, stack(0x0000009638f00000,0x0000009639000000)]
  0x0000019f9b2d5800 JavaThread "Unconstrained build operations Thread 41" [_thread_blocked, id=76868, stack(0x0000009639000000,0x0000009639100000)]
  0x0000019f9b2d6000 JavaThread "Unconstrained build operations Thread 42" [_thread_blocked, id=49312, stack(0x0000009639100000,0x0000009639200000)]
  0x0000019f9b2d0800 JavaThread "Unconstrained build operations Thread 43" [_thread_blocked, id=75360, stack(0x0000009639200000,0x0000009639300000)]
  0x0000019f9b2d1800 JavaThread "Unconstrained build operations Thread 44" [_thread_blocked, id=74204, stack(0x0000009639300000,0x0000009639400000)]
  0x0000019f9b2d8800 JavaThread "Unconstrained build operations Thread 45" [_thread_blocked, id=1336, stack(0x0000009639400000,0x0000009639500000)]
  0x0000019f9b2d4000 JavaThread "Unconstrained build operations Thread 46" [_thread_blocked, id=56260, stack(0x0000009639500000,0x0000009639600000)]
  0x0000019f9b2d7000 JavaThread "Unconstrained build operations Thread 47" [_thread_blocked, id=55712, stack(0x0000009639600000,0x0000009639700000)]
  0x0000019f9b2d8000 JavaThread "Unconstrained build operations Thread 48" [_thread_blocked, id=69828, stack(0x0000009639700000,0x0000009639800000)]
  0x0000019f9b2d3000 JavaThread "Unconstrained build operations Thread 49" [_thread_blocked, id=76760, stack(0x0000009639800000,0x0000009639900000)]
  0x0000019f9b2dc800 JavaThread "Unconstrained build operations Thread 50" [_thread_blocked, id=66780, stack(0x0000009639900000,0x0000009639a00000)]
  0x0000019f9b2dd800 JavaThread "Unconstrained build operations Thread 51" [_thread_blocked, id=33280, stack(0x0000009639a00000,0x0000009639b00000)]
  0x0000019f9b2d9800 JavaThread "Unconstrained build operations Thread 52" [_thread_blocked, id=67216, stack(0x0000009639b00000,0x0000009639c00000)]
  0x0000019f9b2db000 JavaThread "Unconstrained build operations Thread 53" [_thread_blocked, id=69032, stack(0x0000009639c00000,0x0000009639d00000)]
  0x0000019f9b2de800 JavaThread "Unconstrained build operations Thread 54" [_thread_blocked, id=50752, stack(0x0000009639d00000,0x0000009639e00000)]
  0x0000019f9b2dc000 JavaThread "Unconstrained build operations Thread 55" [_thread_blocked, id=69092, stack(0x0000009639e00000,0x0000009639f00000)]
  0x0000019f9b2da800 JavaThread "Unconstrained build operations Thread 56" [_thread_blocked, id=69972, stack(0x0000009639f00000,0x000000963a000000)]
  0x0000019f9b212000 JavaThread "Unconstrained build operations Thread 57" [_thread_blocked, id=8476, stack(0x000000963a000000,0x000000963a100000)]
  0x0000019f9b210800 JavaThread "Unconstrained build operations Thread 58" [_thread_blocked, id=67860, stack(0x000000963a100000,0x000000963a200000)]
  0x0000019f9b214800 JavaThread "Unconstrained build operations Thread 59" [_thread_blocked, id=55972, stack(0x000000963a200000,0x000000963a300000)]
  0x0000019f9b211000 JavaThread "Unconstrained build operations Thread 60" [_thread_blocked, id=74144, stack(0x000000963a300000,0x000000963a400000)]
  0x0000019f9b213800 JavaThread "Unconstrained build operations Thread 61" [_thread_blocked, id=29536, stack(0x000000963a400000,0x000000963a500000)]
  0x0000019f9b215000 JavaThread "Unconstrained build operations Thread 62" [_thread_blocked, id=77636, stack(0x000000963a500000,0x000000963a600000)]
  0x0000019f9b216000 JavaThread "Unconstrained build operations Thread 63" [_thread_blocked, id=40612, stack(0x000000963a600000,0x000000963a700000)]
  0x0000019f9b217000 JavaThread "Unconstrained build operations Thread 64" [_thread_blocked, id=77724, stack(0x000000963a700000,0x000000963a800000)]
  0x0000019f9b217800 JavaThread "Unconstrained build operations Thread 65" [_thread_blocked, id=77572, stack(0x000000963a800000,0x000000963a900000)]
  0x0000019f9b218800 JavaThread "Unconstrained build operations Thread 66" [_thread_blocked, id=73508, stack(0x000000963a900000,0x000000963aa00000)]
  0x0000019f9b212800 JavaThread "Unconstrained build operations Thread 67" [_thread_blocked, id=73816, stack(0x000000963aa00000,0x000000963ab00000)]
  0x0000019f9b21b800 JavaThread "Unconstrained build operations Thread 68" [_thread_blocked, id=74140, stack(0x000000963ab00000,0x000000963ac00000)]
  0x0000019f9b21d800 JavaThread "Unconstrained build operations Thread 69" [_thread_blocked, id=73072, stack(0x000000963ac00000,0x000000963ad00000)]
  0x0000019f9b21a000 JavaThread "Unconstrained build operations Thread 70" [_thread_blocked, id=65960, stack(0x000000963ad00000,0x000000963ae00000)]
  0x0000019f9b21f000 JavaThread "Unconstrained build operations Thread 71" [_thread_blocked, id=66256, stack(0x000000963ae00000,0x000000963af00000)]
  0x0000019f9b21b000 JavaThread "Unconstrained build operations Thread 72" [_thread_blocked, id=76116, stack(0x000000963af00000,0x000000963b000000)]
  0x0000019f9b21e000 JavaThread "Unconstrained build operations Thread 73" [_thread_blocked, id=77396, stack(0x000000963b000000,0x000000963b100000)]
  0x0000019f9b21c800 JavaThread "Unconstrained build operations Thread 74" [_thread_blocked, id=73420, stack(0x000000963b100000,0x000000963b200000)]
  0x0000019f9b219800 JavaThread "Unconstrained build operations Thread 75" [_thread_blocked, id=71548, stack(0x000000963b200000,0x000000963b300000)]
  0x0000019f9b222000 JavaThread "Unconstrained build operations Thread 76" [_thread_blocked, id=70264, stack(0x000000963b300000,0x000000963b400000)]
  0x0000019f9b220800 JavaThread "Unconstrained build operations Thread 77" [_thread_blocked, id=69440, stack(0x000000963b400000,0x000000963b500000)]
  0x0000019f9b226000 JavaThread "Unconstrained build operations Thread 78" [_thread_blocked, id=59980, stack(0x000000963b500000,0x000000963b600000)]
  0x0000019f9b224800 JavaThread "Unconstrained build operations Thread 79" [_thread_blocked, id=50832, stack(0x000000963b600000,0x000000963b700000)]
  0x0000019f9b227000 JavaThread "Unconstrained build operations Thread 80" [_thread_blocked, id=66528, stack(0x000000963b700000,0x000000963b800000)]
  0x0000019f9b221000 JavaThread "jar transforms Thread 4" [_thread_blocked, id=46472, stack(0x000000963b800000,0x000000963b900000)]
  0x0000019f9b227800 JavaThread "jar transforms Thread 5" [_thread_blocked, id=74656, stack(0x000000963b900000,0x000000963ba00000)]
  0x0000019f9b228800 JavaThread "jar transforms Thread 6" [_thread_blocked, id=72592, stack(0x000000963ba00000,0x000000963bb00000)]
  0x0000019f9b223800 JavaThread "jar transforms Thread 7" [_thread_blocked, id=73264, stack(0x000000963bb00000,0x000000963bc00000)]
  0x0000019f9b223000 JavaThread "jar transforms Thread 8" [_thread_blocked, id=75864, stack(0x000000963bc00000,0x000000963bd00000)]
  0x0000019f9b229800 JavaThread "Memory manager" [_thread_blocked, id=77320, stack(0x000000963bd00000,0x000000963be00000)]
  0x0000019f9b225000 JavaThread "build event listener" [_thread_blocked, id=69968, stack(0x000000963be00000,0x000000963bf00000)]
  0x0000019f9b22c800 JavaThread "Execution worker for ':'" [_thread_blocked, id=76292, stack(0x000000963bf00000,0x000000963c000000)]
  0x0000019f9b22f000 JavaThread "Execution worker for ':' Thread 2" [_thread_blocked, id=77780, stack(0x000000963c000000,0x000000963c100000)]
  0x0000019f9b22d800 JavaThread "Execution worker for ':' Thread 3" [_thread_blocked, id=58804, stack(0x000000963c100000,0x000000963c200000)]
  0x0000019f9b22b000 JavaThread "Execution worker for ':' Thread 4" [_thread_blocked, id=74048, stack(0x000000963c200000,0x000000963c300000)]
  0x0000019f9b22e000 JavaThread "Execution worker for ':' Thread 5" [_thread_blocked, id=71652, stack(0x000000963c300000,0x000000963c400000)]
  0x0000019f9b22b800 JavaThread "Execution worker for ':' Thread 6" [_thread_blocked, id=77328, stack(0x000000963c400000,0x000000963c500000)]
  0x0000019f9cc22000 JavaThread "Execution worker for ':' Thread 7" [_thread_blocked, id=13292, stack(0x000000963c500000,0x000000963c600000)]
  0x0000019f9cc27000 JavaThread "Cache worker for execution history cache (C:\Users\ENVY\Desktop\LoveCalculator42-master\.gradle\7.2\executionHistory)" [_thread_blocked, id=15116, stack(0x000000963c600000,0x000000963c700000)]
  0x0000019f9cc23800 JavaThread "WorkerExecutor Queue" [_thread_blocked, id=4444, stack(0x000000963c700000,0x000000963c800000)]
  0x0000019f9cc24800 JavaThread "WorkerExecutor Queue Thread 2" [_thread_blocked, id=76216, stack(0x000000963ca00000,0x000000963cb00000)]
  0x0000019f9cc23000 JavaThread "WorkerExecutor Queue Thread 3" [_thread_blocked, id=74976, stack(0x000000963cb00000,0x000000963cc00000)]
  0x0000019f9cc21000 JavaThread "WorkerExecutor Queue Thread 4" [_thread_blocked, id=67260, stack(0x000000963cc00000,0x000000963cd00000)]
  0x0000019f9cc26000 JavaThread "WorkerExecutor Queue Thread 5" [_thread_blocked, id=49536, stack(0x000000963cd00000,0x000000963ce00000)]
  0x0000019f9cc2a000 JavaThread "WorkerExecutor Queue Thread 6" [_thread_blocked, id=75472, stack(0x000000963ce00000,0x000000963cf00000)]
  0x0000019f9cc25800 JavaThread "WorkerExecutor Queue Thread 7" [_thread_blocked, id=69900, stack(0x000000963cf00000,0x000000963d000000)]
  0x0000019f9cc2c800 JavaThread "WorkerExecutor Queue Thread 8" [_thread_blocked, id=58488, stack(0x000000963d000000,0x000000963d100000)]
  0x0000019f9f5af000 JavaThread "C2 CompilerThread1" daemon [_thread_blocked, id=51964, stack(0x000000963c900000,0x000000963ca00000)]

Other Threads:
=>0x0000019fff75e800 VMThread "VM Thread" [stack: 0x0000009633b00000,0x0000009633c00000] [id=71476]
  0x0000019f952d8800 WatcherThread [stack: 0x0000009634500000,0x0000009634600000] [id=7904]
  0x0000019ff8365800 GCTaskThread "GC Thread#0" [stack: 0x0000009633600000,0x0000009633700000] [id=70932]
  0x0000019f960bd800 GCTaskThread "GC Thread#1" [stack: 0x0000009634600000,0x0000009634700000] [id=42300]
  0x0000019f95fd5800 GCTaskThread "GC Thread#2" [stack: 0x0000009634700000,0x0000009634800000] [id=67452]
  0x0000019f96ae9000 GCTaskThread "GC Thread#3" [stack: 0x0000009635200000,0x0000009635300000] [id=52880]
  0x0000019f95f66800 GCTaskThread "GC Thread#4" [stack: 0x0000009635300000,0x0000009635400000] [id=74968]
  0x0000019f9605a000 GCTaskThread "GC Thread#5" [stack: 0x0000009635400000,0x0000009635500000] [id=52628]
  0x0000019f96bbb800 GCTaskThread "GC Thread#6" [stack: 0x0000009635500000,0x0000009635600000] [id=51372]
  0x0000019f96aed800 GCTaskThread "GC Thread#7" [stack: 0x0000009635600000,0x0000009635700000] [id=77012]
  0x0000019ff8396800 ConcurrentGCThread "G1 Main Marker" [stack: 0x0000009633700000,0x0000009633800000] [id=74820]
  0x0000019ff8398000 ConcurrentGCThread "G1 Conc#0" [stack: 0x0000009633800000,0x0000009633900000] [id=70812]
  0x0000019f96761800 ConcurrentGCThread "G1 Conc#1" [stack: 0x0000009635a00000,0x0000009635b00000] [id=68148]
  0x0000019fff5b0800 ConcurrentGCThread "G1 Refine#0" [stack: 0x0000009633900000,0x0000009633a00000] [id=72100]
  0x0000019f95716000 ConcurrentGCThread "G1 Refine#1" [stack: 0x000000963c800000,0x000000963c900000] [id=74812]
  0x0000019fff5b1000 ConcurrentGCThread "G1 Young RemSet Sampling" [stack: 0x0000009633a00000,0x0000009633b00000] [id=71240]

Threads with active compile tasks:
C2 CompilerThread0  35208 15236 %     4       com.android.tools.r8.internal.mH0::a @ 80 (6068 bytes)
C1 CompilerThread0  35208 15368       3       com.android.tools.r8.internal.mH0::a (4225 bytes)
C2 CompilerThread1  35208 15363 %     4       com.android.tools.r8.graph.n2::a @ 36 (138 bytes)

VM state:at safepoint (normal execution)

VM Mutex/Monitor currently owned by a thread:  ([mutex/lock_event])
[0x0000019ff8347350] Threads_lock - owner thread: 0x0000019fff75e800
[0x0000019ff8346c00] Heap_lock - owner thread: 0x0000019f9b2dd800

Heap address: 0x0000000080000000, size: 2048 MB, Compressed Oops mode: 32-bit
Narrow klass base: 0x0000000000000000, Narrow klass shift: 3
Compressed class space size: 1073741824 Address: 0x0000000100000000

Heap:
 garbage-first heap   total 322560K, used 146062K [0x0000000080000000, 0x0000000100000000)
  region size 1024K, 2 young (2048K), 2 survivors (2048K)
 Metaspace       used 106517K, capacity 108957K, committed 109308K, reserved 1144832K
  class space    used 13437K, capacity 14380K, committed 14464K, reserved 1048576K
Heap Regions: E=young(eden), S=young(survivor), O=old, HS=humongous(starts), HC=humongous(continues), CS=collection set, F=free, A=archive, TAMS=top-at-mark-start (previous, next)
|   0|0x0000000080000000, 0x0000000080100000, 0x0000000080100000|100%| O|  |TAMS 0x0000000080100000, 0x0000000080000000| Complete 
|   1|0x0000000080100000, 0x0000000080200000, 0x0000000080200000|100%| O|  |TAMS 0x0000000080200000, 0x0000000080100000| Untracked 
|   2|0x0000000080200000, 0x0000000080300000, 0x0000000080300000|100%| O|  |TAMS 0x0000000080300000, 0x0000000080200000| Untracked 
|   3|0x0000000080300000, 0x0000000080400000, 0x0000000080400000|100%|HS|  |TAMS 0x0000000080400000, 0x0000000080300000| Complete 
|   4|0x0000000080400000, 0x0000000080500000, 0x0000000080500000|100%|HC|  |TAMS 0x0000000080500000, 0x0000000080400000| Complete 
|   5|0x0000000080500000, 0x0000000080600000, 0x0000000080600000|100%|HC|  |TAMS 0x0000000080600000, 0x0000000080500000| Complete 
|   6|0x0000000080600000, 0x0000000080700000, 0x0000000080700000|100%| O|  |TAMS 0x0000000080700000, 0x0000000080600000| Untracked 
|   7|0x0000000080700000, 0x0000000080800000, 0x0000000080800000|100%| O|  |TAMS 0x0000000080800000, 0x0000000080700000| Untracked 
|   8|0x0000000080800000, 0x0000000080900000, 0x0000000080900000|100%| O|  |TAMS 0x0000000080900000, 0x0000000080800000| Untracked 
|   9|0x0000000080900000, 0x0000000080a00000, 0x0000000080a00000|100%| O|  |TAMS 0x0000000080a00000, 0x0000000080900000| Complete 
|  10|0x0000000080a00000, 0x0000000080b00000, 0x0000000080b00000|100%| O|  |TAMS 0x0000000080b00000, 0x0000000080a00000| Untracked 
|  11|0x0000000080b00000, 0x0000000080c00000, 0x0000000080c00000|100%| O|  |TAMS 0x0000000080c00000, 0x0000000080b00000| Untracked 
|  12|0x0000000080c00000, 0x0000000080d00000, 0x0000000080d00000|100%| O|  |TAMS 0x0000000080d00000, 0x0000000080c00000| Complete 
|  13|0x0000000080d00000, 0x0000000080e00000, 0x0000000080e00000|100%| O|  |TAMS 0x0000000080e00000, 0x0000000080d00000| Complete 
|  14|0x0000000080e00000, 0x0000000080f00000, 0x0000000080f00000|100%| O|  |TAMS 0x0000000080f00000, 0x0000000080e00000| Untracked 
|  15|0x0000000080f00000, 0x0000000081000000, 0x0000000081000000|100%| O|  |TAMS 0x0000000081000000, 0x0000000080f00000| Untracked 
|  16|0x0000000081000000, 0x0000000081100000, 0x0000000081100000|100%| O|  |TAMS 0x0000000081100000, 0x0000000081000000| Untracked 
|  17|0x0000000081100000, 0x0000000081200000, 0x0000000081200000|100%| O|  |TAMS 0x0000000081200000, 0x0000000081100000| Untracked 
|  18|0x0000000081200000, 0x0000000081300000, 0x0000000081300000|100%| O|  |TAMS 0x0000000081300000, 0x0000000081200000| Complete 
|  19|0x0000000081300000, 0x0000000081400000, 0x0000000081400000|100%| O|  |TAMS 0x0000000081400000, 0x0000000081300000| Untracked 
|  20|0x0000000081400000, 0x0000000081500000, 0x0000000081500000|100%| O|  |TAMS 0x0000000081500000, 0x0000000081400000| Untracked 
|  21|0x0000000081500000, 0x0000000081600000, 0x0000000081600000|100%| O|  |TAMS 0x0000000081600000, 0x0000000081500000| Untracked 
|  22|0x0000000081600000, 0x0000000081700000, 0x0000000081700000|100%| O|  |TAMS 0x0000000081700000, 0x0000000081600000| Complete 
|  23|0x0000000081700000, 0x0000000081800000, 0x0000000081800000|100%| O|  |TAMS 0x0000000081800000, 0x0000000081700000| Untracked 
|  24|0x0000000081800000, 0x0000000081900000, 0x0000000081900000|100%| O|  |TAMS 0x0000000081900000, 0x0000000081800000| Untracked 
|  25|0x0000000081900000, 0x0000000081a00000, 0x0000000081a00000|100%| O|  |TAMS 0x0000000081a00000, 0x0000000081900000| Untracked 
|  26|0x0000000081a00000, 0x0000000081b00000, 0x0000000081b00000|100%| O|  |TAMS 0x0000000081b00000, 0x0000000081a00000| Untracked 
|  27|0x0000000081b00000, 0x0000000081c00000, 0x0000000081c00000|100%|HS|  |TAMS 0x0000000081c00000, 0x0000000081b00000| Complete 
|  28|0x0000000081c00000, 0x0000000081d00000, 0x0000000081d00000|100%|HS|  |TAMS 0x0000000081d00000, 0x0000000081c00000| Complete 
|  29|0x0000000081d00000, 0x0000000081e00000, 0x0000000081e00000|100%|HS|  |TAMS 0x0000000081e00000, 0x0000000081d00000| Complete 
|  30|0x0000000081e00000, 0x0000000081f00000, 0x0000000081f00000|100%|HS|  |TAMS 0x0000000081f00000, 0x0000000081e00000| Complete 
|  31|0x0000000081f00000, 0x0000000082000000, 0x0000000082000000|100%|HC|  |TAMS 0x0000000082000000, 0x0000000081f00000| Complete 
|  32|0x0000000082000000, 0x0000000082100000, 0x0000000082100000|100%| O|  |TAMS 0x0000000082100000, 0x0000000082000000| Untracked 
|  33|0x0000000082100000, 0x0000000082200000, 0x0000000082200000|100%| O|  |TAMS 0x0000000082200000, 0x0000000082100000| Untracked 
|  34|0x0000000082200000, 0x0000000082300000, 0x0000000082300000|100%| O|  |TAMS 0x0000000082300000, 0x0000000082200000| Untracked 
|  35|0x0000000082300000, 0x0000000082400000, 0x0000000082400000|100%| O|  |TAMS 0x0000000082400000, 0x0000000082300000| Complete 
|  36|0x0000000082400000, 0x0000000082500000, 0x0000000082500000|100%| O|  |TAMS 0x0000000082500000, 0x0000000082400000| Untracked 
|  37|0x0000000082500000, 0x0000000082600000, 0x0000000082600000|100%| O|  |TAMS 0x0000000082600000, 0x0000000082500000| Untracked 
|  38|0x0000000082600000, 0x0000000082700000, 0x0000000082700000|100%| O|  |TAMS 0x0000000082700000, 0x0000000082600000| Complete 
|  39|0x0000000082700000, 0x0000000082800000, 0x0000000082800000|100%| O|  |TAMS 0x0000000082800000, 0x0000000082700000| Untracked 
|  40|0x0000000082800000, 0x0000000082900000, 0x0000000082900000|100%| O|  |TAMS 0x0000000082900000, 0x0000000082800000| Untracked 
|  41|0x0000000082900000, 0x0000000082a00000, 0x0000000082a00000|100%| O|  |TAMS 0x0000000082a00000, 0x0000000082900000| Untracked 
|  42|0x0000000082a00000, 0x0000000082b00000, 0x0000000082b00000|100%| O|  |TAMS 0x0000000082b00000, 0x0000000082a00000| Untracked 
|  43|0x0000000082b00000, 0x0000000082c00000, 0x0000000082c00000|100%| O|  |TAMS 0x0000000082c00000, 0x0000000082b00000| Untracked 
|  44|0x0000000082c00000, 0x0000000082d00000, 0x0000000082d00000|100%| O|  |TAMS 0x0000000082d00000, 0x0000000082c00000| Complete 
|  45|0x0000000082d00000, 0x0000000082e00000, 0x0000000082e00000|100%| O|  |TAMS 0x0000000082e00000, 0x0000000082d00000| Complete 
|  46|0x0000000082e00000, 0x0000000082f00000, 0x0000000082f00000|100%| O|  |TAMS 0x0000000082f00000, 0x0000000082e00000| Untracked 
|  47|0x0000000082f00000, 0x0000000083000000, 0x0000000083000000|100%| O|  |TAMS 0x0000000083000000, 0x0000000082f00000| Untracked 
|  48|0x0000000083000000, 0x0000000083100000, 0x0000000083100000|100%| O|  |TAMS 0x0000000083100000, 0x0000000083000000| Untracked 
|  49|0x0000000083100000, 0x0000000083200000, 0x0000000083200000|100%| O|  |TAMS 0x0000000083200000, 0x0000000083100000| Untracked 
|  50|0x0000000083200000, 0x0000000083300000, 0x0000000083300000|100%| O|  |TAMS 0x0000000083300000, 0x0000000083200000| Untracked 
|  51|0x0000000083300000, 0x0000000083400000, 0x0000000083400000|100%| O|  |TAMS 0x0000000083400000, 0x0000000083300000| Untracked 
|  52|0x0000000083400000, 0x0000000083500000, 0x0000000083500000|100%| O|  |TAMS 0x0000000083500000, 0x0000000083400000| Untracked 
|  53|0x0000000083500000, 0x0000000083600000, 0x0000000083600000|100%| O|  |TAMS 0x0000000083600000, 0x0000000083500000| Untracked 
|  54|0x0000000083600000, 0x0000000083700000, 0x0000000083700000|100%| O|  |TAMS 0x0000000083700000, 0x0000000083600000| Untracked 
|  55|0x0000000083700000, 0x0000000083800000, 0x0000000083800000|100%| O|  |TAMS 0x0000000083800000, 0x0000000083700000| Untracked 
|  56|0x0000000083800000, 0x0000000083900000, 0x0000000083900000|100%| O|  |TAMS 0x0000000083900000, 0x0000000083800000| Untracked 
|  57|0x0000000083900000, 0x0000000083a00000, 0x0000000083a00000|100%| O|  |TAMS 0x0000000083a00000, 0x0000000083900000| Untracked 
|  58|0x0000000083a00000, 0x0000000083b00000, 0x0000000083b00000|100%| O|  |TAMS 0x0000000083b00000, 0x0000000083a00000| Untracked 
|  59|0x0000000083b00000, 0x0000000083c00000, 0x0000000083c00000|100%| O|  |TAMS 0x0000000083c00000, 0x0000000083b00000| Complete 
|  60|0x0000000083c00000, 0x0000000083d00000, 0x0000000083d00000|100%| O|  |TAMS 0x0000000083d00000, 0x0000000083c00000| Complete 
|  61|0x0000000083d00000, 0x0000000083e00000, 0x0000000083e00000|100%| O|  |TAMS 0x0000000083e00000, 0x0000000083d00000| Untracked 
|  62|0x0000000083e00000, 0x0000000083f00000, 0x0000000083f00000|100%| O|  |TAMS 0x0000000083f00000, 0x0000000083e00000| Untracked 
|  63|0x0000000083f00000, 0x0000000084000000, 0x0000000084000000|100%| O|  |TAMS 0x0000000084000000, 0x0000000083f00000| Untracked 
|  64|0x0000000084000000, 0x0000000084100000, 0x0000000084100000|100%| O|  |TAMS 0x0000000084100000, 0x0000000084000000| Untracked 
|  65|0x0000000084100000, 0x0000000084200000, 0x0000000084200000|100%| O|  |TAMS 0x0000000084200000, 0x0000000084100000| Untracked 
|  66|0x0000000084200000, 0x0000000084300000, 0x0000000084300000|100%| O|  |TAMS 0x0000000084300000, 0x0000000084200000| Untracked 
|  67|0x0000000084300000, 0x0000000084400000, 0x0000000084400000|100%| O|  |TAMS 0x0000000084400000, 0x0000000084300000| Complete 
|  68|0x0000000084400000, 0x0000000084500000, 0x0000000084500000|100%|HS|  |TAMS 0x0000000084500000, 0x0000000084400000| Complete 
|  69|0x0000000084500000, 0x0000000084600000, 0x0000000084600000|100%| O|  |TAMS 0x0000000084600000, 0x0000000084500000| Untracked 
|  70|0x0000000084600000, 0x0000000084700000, 0x0000000084700000|100%| O|  |TAMS 0x0000000084700000, 0x0000000084600000| Untracked 
|  71|0x0000000084700000, 0x0000000084800000, 0x0000000084800000|100%| O|  |TAMS 0x0000000084800000, 0x0000000084700000| Complete 
|  72|0x0000000084800000, 0x0000000084900000, 0x0000000084900000|100%| O|  |TAMS 0x0000000084900000, 0x0000000084800000| Complete 
|  73|0x0000000084900000, 0x0000000084a00000, 0x0000000084a00000|100%| O|  |TAMS 0x0000000084a00000, 0x0000000084900000| Complete 
|  74|0x0000000084a00000, 0x0000000084a00000, 0x0000000084b00000|  0%| F|  |TAMS 0x0000000084a00000, 0x0000000084a00000| Untracked 
|  75|0x0000000084b00000, 0x0000000084c00000, 0x0000000084c00000|100%| O|  |TAMS 0x0000000084c00000, 0x0000000084b00000| Complete 
|  76|0x0000000084c00000, 0x0000000084d00000, 0x0000000084d00000|100%| O|  |TAMS 0x0000000084d00000, 0x0000000084c00000| Complete 
|  77|0x0000000084d00000, 0x0000000084e00000, 0x0000000084e00000|100%| O|  |TAMS 0x0000000084e00000, 0x0000000084d00000| Complete 
|  78|0x0000000084e00000, 0x0000000084f00000, 0x0000000084f00000|100%| O|  |TAMS 0x0000000084f00000, 0x0000000084e00000| Complete 
|  79|0x0000000084f00000, 0x0000000085000000, 0x0000000085000000|100%| O|  |TAMS 0x0000000085000000, 0x0000000084f00000| Untracked 
|  80|0x0000000085000000, 0x0000000085100000, 0x0000000085100000|100%| O|  |TAMS 0x0000000085039a00, 0x0000000085000000| Untracked 
|  81|0x0000000085100000, 0x0000000085200000, 0x0000000085200000|100%| O|  |TAMS 0x0000000085200000, 0x0000000085100000| Complete 
|  82|0x0000000085200000, 0x0000000085300000, 0x0000000085300000|100%| O|  |TAMS 0x0000000085300000, 0x0000000085200000| Untracked 
|  83|0x0000000085300000, 0x0000000085400000, 0x0000000085400000|100%| O|  |TAMS 0x0000000085400000, 0x0000000085300000| Complete 
|  84|0x0000000085400000, 0x0000000085500000, 0x0000000085500000|100%| O|  |TAMS 0x0000000085500000, 0x0000000085400000| Complete 
|  85|0x0000000085500000, 0x0000000085600000, 0x0000000085600000|100%| O|  |TAMS 0x0000000085600000, 0x0000000085500000| Complete 
|  86|0x0000000085600000, 0x0000000085700000, 0x0000000085700000|100%| O|  |TAMS 0x0000000085700000, 0x0000000085600000| Untracked 
|  87|0x0000000085700000, 0x0000000085800000, 0x0000000085800000|100%| O|  |TAMS 0x0000000085800000, 0x0000000085700000| Complete 
|  88|0x0000000085800000, 0x0000000085900000, 0x0000000085900000|100%| O|  |TAMS 0x0000000085900000, 0x0000000085800000| Untracked 
|  89|0x0000000085900000, 0x0000000085a00000, 0x0000000085a00000|100%| O|  |TAMS 0x0000000085a00000, 0x0000000085900000| Complete 
|  90|0x0000000085a00000, 0x0000000085b00000, 0x0000000085b00000|100%| O|  |TAMS 0x0000000085a00000, 0x0000000085a00000| Untracked 
|  91|0x0000000085b00000, 0x0000000085c00000, 0x0000000085c00000|100%| O|  |TAMS 0x0000000085c00000, 0x0000000085b00000| Untracked 
|  92|0x0000000085c00000, 0x0000000085d00000, 0x0000000085d00000|100%| O|  |TAMS 0x0000000085d00000, 0x0000000085c00000| Untracked 
|  93|0x0000000085d00000, 0x0000000085e00000, 0x0000000085e00000|100%| O|  |TAMS 0x0000000085e00000, 0x0000000085d00000| Complete 
|  94|0x0000000085e00000, 0x0000000085f00000, 0x0000000085f00000|100%| O|  |TAMS 0x0000000085f00000, 0x0000000085e00000| Untracked 
|  95|0x0000000085f00000, 0x0000000086000000, 0x0000000086000000|100%| O|  |TAMS 0x0000000086000000, 0x0000000085f00000| Untracked 
|  96|0x0000000086000000, 0x0000000086100000, 0x0000000086100000|100%| O|  |TAMS 0x0000000086100000, 0x0000000086000000| Untracked 
|  97|0x0000000086100000, 0x0000000086200000, 0x0000000086200000|100%| O|  |TAMS 0x0000000086200000, 0x0000000086100000| Untracked 
|  98|0x0000000086200000, 0x0000000086300000, 0x0000000086300000|100%| O|  |TAMS 0x0000000086300000, 0x0000000086200000| Untracked 
|  99|0x0000000086300000, 0x0000000086400000, 0x0000000086400000|100%| O|  |TAMS 0x0000000086400000, 0x0000000086300000| Untracked 
| 100|0x0000000086400000, 0x0000000086500000, 0x0000000086500000|100%| O|  |TAMS 0x0000000086500000, 0x0000000086400000| Untracked 
| 101|0x0000000086500000, 0x0000000086600000, 0x0000000086600000|100%| O|  |TAMS 0x0000000086500000, 0x0000000086500000| Untracked 
| 102|0x0000000086600000, 0x0000000086600000, 0x0000000086700000|  0%| F|  |TAMS 0x0000000086600000, 0x0000000086600000| Untracked 
| 103|0x0000000086700000, 0x0000000086800000, 0x0000000086800000|100%| O|  |TAMS 0x0000000086800000, 0x0000000086700000| Untracked 
| 104|0x0000000086800000, 0x0000000086900000, 0x0000000086900000|100%| O|  |TAMS 0x0000000086900000, 0x0000000086800000| Untracked 
| 105|0x0000000086900000, 0x0000000086a00000, 0x0000000086a00000|100%| O|  |TAMS 0x0000000086a00000, 0x0000000086900000| Untracked 
| 106|0x0000000086a00000, 0x0000000086b00000, 0x0000000086b00000|100%| O|  |TAMS 0x0000000086b00000, 0x0000000086a00000| Untracked 
| 107|0x0000000086b00000, 0x0000000086c00000, 0x0000000086c00000|100%| O|  |TAMS 0x0000000086c00000, 0x0000000086b00000| Complete 
| 108|0x0000000086c00000, 0x0000000086d00000, 0x0000000086d00000|100%| O|  |TAMS 0x0000000086d00000, 0x0000000086c00000| Untracked 
| 109|0x0000000086d00000, 0x0000000086e00000, 0x0000000086e00000|100%| O|  |TAMS 0x0000000086e00000, 0x0000000086d00000| Untracked 
| 110|0x0000000086e00000, 0x0000000086f00000, 0x0000000086f00000|100%| O|  |TAMS 0x0000000086f00000, 0x0000000086e00000| Untracked 
| 111|0x0000000086f00000, 0x0000000087000000, 0x0000000087000000|100%| O|  |TAMS 0x0000000087000000, 0x0000000086f00000| Untracked 
| 112|0x0000000087000000, 0x0000000087100000, 0x0000000087100000|100%| O|  |TAMS 0x0000000087100000, 0x0000000087000000| Untracked 
| 113|0x0000000087100000, 0x0000000087200000, 0x0000000087200000|100%| O|  |TAMS 0x0000000087200000, 0x0000000087100000| Untracked 
| 114|0x0000000087200000, 0x0000000087300000, 0x0000000087300000|100%| O|  |TAMS 0x0000000087300000, 0x0000000087200000| Complete 
| 115|0x0000000087300000, 0x0000000087400000, 0x0000000087400000|100%| O|  |TAMS 0x0000000087400000, 0x0000000087300000| Untracked 
| 116|0x0000000087400000, 0x0000000087500000, 0x0000000087500000|100%| O|  |TAMS 0x0000000087500000, 0x0000000087400000| Untracked 
| 117|0x0000000087500000, 0x0000000087600000, 0x0000000087600000|100%| O|  |TAMS 0x0000000087600000, 0x0000000087500000| Untracked 
| 118|0x0000000087600000, 0x0000000087700000, 0x0000000087700000|100%| O|  |TAMS 0x0000000087700000, 0x0000000087600000| Untracked 
| 119|0x0000000087700000, 0x0000000087800000, 0x0000000087800000|100%| O|  |TAMS 0x0000000087800000, 0x0000000087700000| Untracked 
| 120|0x0000000087800000, 0x0000000087900000, 0x0000000087900000|100%| O|  |TAMS 0x0000000087900000, 0x0000000087800000| Complete 
| 121|0x0000000087900000, 0x0000000087a00000, 0x0000000087a00000|100%| O|  |TAMS 0x0000000087a00000, 0x0000000087900000| Untracked 
| 122|0x0000000087a00000, 0x0000000087b00000, 0x0000000087b00000|100%| O|  |TAMS 0x0000000087b00000, 0x0000000087a00000| Untracked 
| 123|0x0000000087b00000, 0x0000000087c00000, 0x0000000087c00000|100%| O|  |TAMS 0x0000000087c00000, 0x0000000087b00000| Untracked 
| 124|0x0000000087c00000, 0x0000000087d00000, 0x0000000087d00000|100%| O|  |TAMS 0x0000000087d00000, 0x0000000087c00000| Untracked 
| 125|0x0000000087d00000, 0x0000000087e00000, 0x0000000087e00000|100%| O|  |TAMS 0x0000000087e00000, 0x0000000087d00000| Untracked 
| 126|0x0000000087e00000, 0x0000000087f00000, 0x0000000087f00000|100%| O|  |TAMS 0x0000000087f00000, 0x0000000087e00000| Untracked 
| 127|0x0000000087f00000, 0x0000000088000000, 0x0000000088000000|100%| O|  |TAMS 0x0000000088000000, 0x0000000087f00000| Untracked 
| 128|0x0000000088000000, 0x0000000088100000, 0x0000000088100000|100%| O|  |TAMS 0x0000000088100000, 0x0000000088000000| Untracked 
| 129|0x0000000088100000, 0x0000000088200000, 0x0000000088200000|100%| O|  |TAMS 0x0000000088200000, 0x0000000088100000| Complete 
| 130|0x0000000088200000, 0x0000000088200000, 0x0000000088300000|  0%| F|  |TAMS 0x0000000088200000, 0x0000000088200000| Untracked 
| 131|0x0000000088300000, 0x0000000088400000, 0x0000000088400000|100%| O|  |TAMS 0x0000000088300000, 0x0000000088300000| Untracked 
| 132|0x0000000088400000, 0x0000000088500000, 0x0000000088500000|100%| O|  |TAMS 0x0000000088400000, 0x0000000088400000| Untracked 
| 133|0x0000000088500000, 0x0000000088600000, 0x0000000088600000|100%| O|  |TAMS 0x0000000088500000, 0x0000000088500000| Untracked 
| 134|0x0000000088600000, 0x0000000088700000, 0x0000000088700000|100%| O|  |TAMS 0x0000000088600000, 0x0000000088600000| Untracked 
| 135|0x0000000088700000, 0x0000000088800000, 0x0000000088800000|100%| O|  |TAMS 0x0000000088700000, 0x0000000088700000| Untracked 
| 136|0x0000000088800000, 0x0000000088900000, 0x0000000088900000|100%| O|  |TAMS 0x0000000088800000, 0x0000000088800000| Untracked 
| 137|0x0000000088900000, 0x0000000088a00000, 0x0000000088a00000|100%| O|  |TAMS 0x0000000088900000, 0x0000000088900000| Untracked 
| 138|0x0000000088a00000, 0x0000000088b00000, 0x0000000088b00000|100%| O|  |TAMS 0x0000000088a00000, 0x0000000088a00000| Untracked 
| 139|0x0000000088b00000, 0x0000000088c00000, 0x0000000088c00000|100%| O|  |TAMS 0x0000000088b00000, 0x0000000088b00000| Untracked 
| 140|0x0000000088c00000, 0x0000000088d00000, 0x0000000088d00000|100%| O|  |TAMS 0x0000000088c00000, 0x0000000088c00000| Untracked 
| 141|0x0000000088d00000, 0x0000000088e00000, 0x0000000088e00000|100%| O|  |TAMS 0x0000000088d00000, 0x0000000088d00000| Untracked 
| 142|0x0000000088e00000, 0x0000000088f00000, 0x0000000088f00000|100%| O|  |TAMS 0x0000000088e00000, 0x0000000088e00000| Untracked 
| 143|0x0000000088f00000, 0x0000000089000000, 0x0000000089000000|100%| O|  |TAMS 0x0000000088f00000, 0x0000000088f00000| Untracked 
| 144|0x0000000089000000, 0x0000000089028200, 0x0000000089100000| 15%| O|  |TAMS 0x0000000089000000, 0x0000000089000000| Untracked 
| 145|0x0000000089100000, 0x0000000089100000, 0x0000000089200000|  0%| F|  |TAMS 0x0000000089100000, 0x0000000089100000| Untracked 
| 146|0x0000000089200000, 0x0000000089200000, 0x0000000089300000|  0%| F|  |TAMS 0x0000000089200000, 0x0000000089200000| Untracked 
| 147|0x0000000089300000, 0x0000000089300000, 0x0000000089400000|  0%| F|  |TAMS 0x0000000089300000, 0x0000000089300000| Untracked 
| 148|0x0000000089400000, 0x0000000089400000, 0x0000000089500000|  0%| F|  |TAMS 0x0000000089400000, 0x0000000089400000| Untracked 
| 149|0x0000000089500000, 0x0000000089500000, 0x0000000089600000|  0%| F|  |TAMS 0x0000000089500000, 0x0000000089500000| Untracked 
| 150|0x0000000089600000, 0x0000000089600000, 0x0000000089700000|  0%| F|  |TAMS 0x0000000089600000, 0x0000000089600000| Untracked 
| 151|0x0000000089700000, 0x0000000089700000, 0x0000000089800000|  0%| F|  |TAMS 0x0000000089700000, 0x0000000089700000| Untracked 
| 152|0x0000000089800000, 0x0000000089800000, 0x0000000089900000|  0%| F|  |TAMS 0x0000000089800000, 0x0000000089800000| Untracked 
| 153|0x0000000089900000, 0x0000000089900000, 0x0000000089a00000|  0%| F|  |TAMS 0x0000000089900000, 0x0000000089900000| Untracked 
| 154|0x0000000089a00000, 0x0000000089a00000, 0x0000000089b00000|  0%| F|  |TAMS 0x0000000089a00000, 0x0000000089a00000| Untracked 
| 155|0x0000000089b00000, 0x0000000089b00000, 0x0000000089c00000|  0%| F|  |TAMS 0x0000000089b00000, 0x0000000089b00000| Untracked 
| 156|0x0000000089c00000, 0x0000000089c00000, 0x0000000089d00000|  0%| F|  |TAMS 0x0000000089c00000, 0x0000000089c00000| Untracked 
| 157|0x0000000089d00000, 0x0000000089d00000, 0x0000000089e00000|  0%| F|  |TAMS 0x0000000089d00000, 0x0000000089d00000| Untracked 
| 158|0x0000000089e00000, 0x0000000089e00000, 0x0000000089f00000|  0%| F|  |TAMS 0x0000000089e00000, 0x0000000089e00000| Untracked 
| 159|0x0000000089f00000, 0x0000000089f00000, 0x000000008a000000|  0%| F|  |TAMS 0x0000000089f00000, 0x0000000089f00000| Untracked 
| 160|0x000000008a000000, 0x000000008a000000, 0x000000008a100000|  0%| F|  |TAMS 0x000000008a000000, 0x000000008a000000| Untracked 
| 161|0x000000008a100000, 0x000000008a100000, 0x000000008a200000|  0%| F|  |TAMS 0x000000008a100000, 0x000000008a100000| Untracked 
| 162|0x000000008a200000, 0x000000008a200000, 0x000000008a300000|  0%| F|  |TAMS 0x000000008a200000, 0x000000008a200000| Untracked 
| 163|0x000000008a300000, 0x000000008a300000, 0x000000008a400000|  0%| F|  |TAMS 0x000000008a300000, 0x000000008a300000| Untracked 
| 164|0x000000008a400000, 0x000000008a400000, 0x000000008a500000|  0%| F|  |TAMS 0x000000008a400000, 0x000000008a400000| Untracked 
| 165|0x000000008a500000, 0x000000008a500000, 0x000000008a600000|  0%| F|  |TAMS 0x000000008a500000, 0x000000008a500000| Untracked 
| 166|0x000000008a600000, 0x000000008a600000, 0x000000008a700000|  0%| F|  |TAMS 0x000000008a600000, 0x000000008a600000| Untracked 
| 167|0x000000008a700000, 0x000000008a700000, 0x000000008a800000|  0%| F|  |TAMS 0x000000008a700000, 0x000000008a700000| Untracked 
| 168|0x000000008a800000, 0x000000008a800000, 0x000000008a900000|  0%| F|  |TAMS 0x000000008a800000, 0x000000008a800000| Untracked 
| 169|0x000000008a900000, 0x000000008a900000, 0x000000008aa00000|  0%| F|  |TAMS 0x000000008a900000, 0x000000008a900000| Untracked 
| 170|0x000000008aa00000, 0x000000008aa00000, 0x000000008ab00000|  0%| F|  |TAMS 0x000000008aa00000, 0x000000008aa00000| Untracked 
| 171|0x000000008ab00000, 0x000000008ab00000, 0x000000008ac00000|  0%| F|  |TAMS 0x000000008ab00000, 0x000000008ab00000| Untracked 
| 172|0x000000008ac00000, 0x000000008ac00000, 0x000000008ad00000|  0%| F|  |TAMS 0x000000008ac00000, 0x000000008ac00000| Untracked 
| 173|0x000000008ad00000, 0x000000008ad00000, 0x000000008ae00000|  0%| F|  |TAMS 0x000000008ad00000, 0x000000008ad00000| Untracked 
| 174|0x000000008ae00000, 0x000000008ae00000, 0x000000008af00000|  0%| F|  |TAMS 0x000000008ae00000, 0x000000008ae00000| Untracked 
| 175|0x000000008af00000, 0x000000008af00000, 0x000000008b000000|  0%| F|  |TAMS 0x000000008af00000, 0x000000008af00000| Untracked 
| 176|0x000000008b000000, 0x000000008b000000, 0x000000008b100000|  0%| F|  |TAMS 0x000000008b000000, 0x000000008b000000| Untracked 
| 177|0x000000008b100000, 0x000000008b100000, 0x000000008b200000|  0%| F|  |TAMS 0x000000008b100000, 0x000000008b100000| Untracked 
| 178|0x000000008b200000, 0x000000008b200000, 0x000000008b300000|  0%| F|  |TAMS 0x000000008b200000, 0x000000008b200000| Untracked 
| 179|0x000000008b300000, 0x000000008b300000, 0x000000008b400000|  0%| F|  |TAMS 0x000000008b300000, 0x000000008b300000| Untracked 
| 180|0x000000008b400000, 0x000000008b400000, 0x000000008b500000|  0%| F|  |TAMS 0x000000008b400000, 0x000000008b400000| Untracked 
| 181|0x000000008b500000, 0x000000008b500000, 0x000000008b600000|  0%| F|  |TAMS 0x000000008b500000, 0x000000008b500000| Untracked 
| 182|0x000000008b600000, 0x000000008b600000, 0x000000008b700000|  0%| F|  |TAMS 0x000000008b600000, 0x000000008b600000| Untracked 
| 183|0x000000008b700000, 0x000000008b700000, 0x000000008b800000|  0%| F|  |TAMS 0x000000008b700000, 0x000000008b700000| Untracked 
| 184|0x000000008b800000, 0x000000008b800000, 0x000000008b900000|  0%| F|  |TAMS 0x000000008b800000, 0x000000008b800000| Untracked 
| 185|0x000000008b900000, 0x000000008b900000, 0x000000008ba00000|  0%| F|  |TAMS 0x000000008b900000, 0x000000008b900000| Untracked 
| 186|0x000000008ba00000, 0x000000008ba00000, 0x000000008bb00000|  0%| F|  |TAMS 0x000000008ba00000, 0x000000008ba00000| Untracked 
| 187|0x000000008bb00000, 0x000000008bb00000, 0x000000008bc00000|  0%| F|  |TAMS 0x000000008bb00000, 0x000000008bb00000| Untracked 
| 188|0x000000008bc00000, 0x000000008bc00000, 0x000000008bd00000|  0%| F|  |TAMS 0x000000008bc00000, 0x000000008bc00000| Untracked 
| 189|0x000000008bd00000, 0x000000008bd00000, 0x000000008be00000|  0%| F|  |TAMS 0x000000008bd00000, 0x000000008bd00000| Untracked 
| 190|0x000000008be00000, 0x000000008be00000, 0x000000008bf00000|  0%| F|  |TAMS 0x000000008be00000, 0x000000008be00000| Untracked 
| 191|0x000000008bf00000, 0x000000008bf00000, 0x000000008c000000|  0%| F|  |TAMS 0x000000008bf00000, 0x000000008bf00000| Untracked 
| 192|0x000000008c000000, 0x000000008c000000, 0x000000008c100000|  0%| F|  |TAMS 0x000000008c000000, 0x000000008c000000| Untracked 
| 193|0x000000008c100000, 0x000000008c100000, 0x000000008c200000|  0%| F|  |TAMS 0x000000008c100000, 0x000000008c100000| Untracked 
| 194|0x000000008c200000, 0x000000008c200000, 0x000000008c300000|  0%| F|  |TAMS 0x000000008c200000, 0x000000008c200000| Untracked 
| 195|0x000000008c300000, 0x000000008c300000, 0x000000008c400000|  0%| F|  |TAMS 0x000000008c300000, 0x000000008c300000| Untracked 
| 196|0x000000008c400000, 0x000000008c400000, 0x000000008c500000|  0%| F|  |TAMS 0x000000008c400000, 0x000000008c400000| Untracked 
| 197|0x000000008c500000, 0x000000008c500000, 0x000000008c600000|  0%| F|  |TAMS 0x000000008c500000, 0x000000008c500000| Untracked 
| 198|0x000000008c600000, 0x000000008c600000, 0x000000008c700000|  0%| F|  |TAMS 0x000000008c600000, 0x000000008c600000| Untracked 
| 199|0x000000008c700000, 0x000000008c700000, 0x000000008c800000|  0%| F|  |TAMS 0x000000008c700000, 0x000000008c700000| Untracked 
| 200|0x000000008c800000, 0x000000008c800000, 0x000000008c900000|  0%| F|  |TAMS 0x000000008c800000, 0x000000008c800000| Untracked 
| 201|0x000000008c900000, 0x000000008c900000, 0x000000008ca00000|  0%| F|  |TAMS 0x000000008c900000, 0x000000008c900000| Untracked 
| 202|0x000000008ca00000, 0x000000008ca00000, 0x000000008cb00000|  0%| F|  |TAMS 0x000000008ca00000, 0x000000008ca00000| Untracked 
| 203|0x000000008cb00000, 0x000000008cb00000, 0x000000008cc00000|  0%| F|  |TAMS 0x000000008cb00000, 0x000000008cb00000| Untracked 
| 204|0x000000008cc00000, 0x000000008cc00000, 0x000000008cd00000|  0%| F|  |TAMS 0x000000008cc00000, 0x000000008cc00000| Untracked 
| 205|0x000000008cd00000, 0x000000008cd00000, 0x000000008ce00000|  0%| F|  |TAMS 0x000000008cd00000, 0x000000008cd00000| Untracked 
| 206|0x000000008ce00000, 0x000000008ce00000, 0x000000008cf00000|  0%| F|  |TAMS 0x000000008ce00000, 0x000000008ce00000| Untracked 
| 207|0x000000008cf00000, 0x000000008cf00000, 0x000000008d000000|  0%| F|  |TAMS 0x000000008cf00000, 0x000000008cf00000| Untracked 
| 208|0x000000008d000000, 0x000000008d000000, 0x000000008d100000|  0%| F|  |TAMS 0x000000008d000000, 0x000000008d000000| Untracked 
| 209|0x000000008d100000, 0x000000008d100000, 0x000000008d200000|  0%| F|  |TAMS 0x000000008d100000, 0x000000008d100000| Untracked 
| 210|0x000000008d200000, 0x000000008d200000, 0x000000008d300000|  0%| F|  |TAMS 0x000000008d200000, 0x000000008d200000| Untracked 
| 211|0x000000008d300000, 0x000000008d300000, 0x000000008d400000|  0%| F|  |TAMS 0x000000008d300000, 0x000000008d300000| Untracked 
| 212|0x000000008d400000, 0x000000008d400000, 0x000000008d500000|  0%| F|  |TAMS 0x000000008d400000, 0x000000008d400000| Untracked 
| 213|0x000000008d500000, 0x000000008d500000, 0x000000008d600000|  0%| F|  |TAMS 0x000000008d500000, 0x000000008d500000| Untracked 
| 214|0x000000008d600000, 0x000000008d67b618, 0x000000008d700000| 48%| S|CS|TAMS 0x000000008d600000, 0x000000008d600000| Complete 
| 215|0x000000008d700000, 0x000000008d800000, 0x000000008d800000|100%| S|CS|TAMS 0x000000008d700000, 0x000000008d700000| Complete 
| 216|0x000000008d800000, 0x000000008d800000, 0x000000008d900000|  0%| F|  |TAMS 0x000000008d800000, 0x000000008d800000| Untracked 
| 217|0x000000008d900000, 0x000000008d900000, 0x000000008da00000|  0%| F|  |TAMS 0x000000008d900000, 0x000000008d900000| Untracked 
| 218|0x000000008da00000, 0x000000008da00000, 0x000000008db00000|  0%| F|  |TAMS 0x000000008da00000, 0x000000008da00000| Untracked 
| 219|0x000000008db00000, 0x000000008db00000, 0x000000008dc00000|  0%| F|  |TAMS 0x000000008db00000, 0x000000008db00000| Untracked 

Card table byte_map: [0x0000019ffe490000,0x0000019ffe890000] _byte_map_base: 0x0000019ffe090000

Marking Bits (Prev, Next): (CMBitMap*) 0x0000019ff838dbd0, (CMBitMap*) 0x0000019ff838db98
 Prev Bits: [0x0000019f91000000, 0x0000019f93000000)
 Next Bits: [0x0000019f8f000000, 0x0000019f91000000)

Polling page: 0x0000019ff8430000

Metaspace:

Usage:
  Non-class:     92.36 MB capacity,    90.90 MB ( 98%) used,     1.17 MB (  1%) free+waste,   299.81 KB ( <1%) overhead. 
      Class:     14.04 MB capacity,    13.12 MB ( 93%) used,   807.25 KB (  6%) free+waste,   135.50 KB ( <1%) overhead. 
       Both:    106.40 MB capacity,   104.02 MB ( 98%) used,     1.96 MB (  2%) free+waste,   435.31 KB ( <1%) overhead. 

Virtual space:
  Non-class space:       94.00 MB reserved,      92.62 MB ( 99%) committed 
      Class space:        1.00 GB reserved,      14.13 MB (  1%) committed 
             Both:        1.09 GB reserved,     106.75 MB ( 10%) committed 

Chunk freelists:
   Non-Class:  75.00 KB
       Class:  52.00 KB
        Both:  127.00 KB

MaxMetaspaceSize: 17179869184.00 GB
CompressedClassSpaceSize: 1.00 GB

CodeHeap 'non-profiled nmethods': size=120000Kb used=8162Kb max_used=8162Kb free=111837Kb
 bounds [0x0000019f87ad0000, 0x0000019f882d0000, 0x0000019f8f000000]
CodeHeap 'profiled nmethods': size=120000Kb used=32192Kb max_used=32192Kb free=87807Kb
 bounds [0x0000019f805a0000, 0x0000019f82520000, 0x0000019f87ad0000]
CodeHeap 'non-nmethods': size=5760Kb used=2332Kb max_used=2386Kb free=3427Kb
 bounds [0x0000019f80000000, 0x0000019f80270000, 0x0000019f805a0000]
 total_blobs=15831 nmethods=14898 adapters=844
 compilation: enabled
              stopped_count=0, restarted_count=0
 full_count=0

Compilation events (20 events):
Event: 35.020 Thread 0x0000019fff786800 nmethod 15356 0x0000019f824e4b10 code [0x0000019f824e4d40, 0x0000019f824e5488]
Event: 35.020 Thread 0x0000019fff786800 15361       2       java.util.ArrayDeque::<init> (35 bytes)
Event: 35.020 Thread 0x0000019fff786800 nmethod 15361 0x0000019f824e5890 code [0x0000019f824e5a40, 0x0000019f824e5c58]
Event: 35.020 Thread 0x0000019fff786800 15357       2       com.android.tools.r8.internal.z::<init> (5 bytes)
Event: 35.020 Thread 0x0000019fff786800 nmethod 15357 0x0000019f824e5d10 code [0x0000019f824e5ec0, 0x0000019f824e5fb8]
Event: 35.020 Thread 0x0000019fff786800 15358       2       com.android.tools.r8.internal.AV0::<init> (18 bytes)
Event: 35.021 Thread 0x0000019fff786800 nmethod 15358 0x0000019f824e6090 code [0x0000019f824e6240, 0x0000019f824e6458]
Event: 35.021 Thread 0x0000019fff786800 15359       2       com.android.tools.r8.internal.AV0::i (9 bytes)
Event: 35.021 Thread 0x0000019f9f5af000 nmethod 15345 0x0000019f882c3c90 code [0x0000019f882c3f60, 0x0000019f882c63b0]
Event: 35.021 Thread 0x0000019fff786800 nmethod 15359 0x0000019f824e6510 code [0x0000019f824e66c0, 0x0000019f824e6898]
Event: 35.021 Thread 0x0000019f9f5af000 15333       4       com.android.tools.r8.graph.n2::a (16 bytes)
Event: 35.021 Thread 0x0000019fff786800 15360       2       com.android.tools.r8.internal.la1$$Lambda$1414/0x0000000100d57040::apply (16 bytes)
Event: 35.021 Thread 0x0000019fff786800 nmethod 15360 0x0000019f824e6990 code [0x0000019f824e6b40, 0x0000019f824e6cc8]
Event: 35.026 Thread 0x0000019fff786800 15362 %     3       com.android.tools.r8.internal.mH0::a @ 3921 (4225 bytes)
Event: 35.040 Thread 0x0000019f9f5af000 nmethod 15333 0x0000019f882c7890 code [0x0000019f882c7a80, 0x0000019f882c82f8]
Event: 35.040 Thread 0x0000019f9f5af000 15363 %     4       com.android.tools.r8.graph.n2::a @ 36 (138 bytes)
Event: 35.074 Thread 0x0000019fff786800 nmethod 15362% 0x0000019f824e6d90 code [0x0000019f824e8de0, 0x0000019f82500b28]
Event: 35.074 Thread 0x0000019fff786800 15364 %     2       com.android.tools.r8.internal.KK0::e @ 166 (297 bytes)
Event: 35.077 Thread 0x0000019fff786800 nmethod 15364% 0x0000019f8250e190 code [0x0000019f8250e4a0, 0x0000019f8250f838]
Event: 35.077 Thread 0x0000019fff786800 15368       3       com.android.tools.r8.internal.mH0::a (4225 bytes)

GC Heap History (20 events):
Event: 27.397 GC heap after
{Heap after GC invocations=30 (full 0):
 garbage-first heap   total 225280K, used 105679K [0x0000000080000000, 0x0000000100000000)
  region size 1024K, 6 young (6144K), 6 survivors (6144K)
 Metaspace       used 95034K, capacity 97198K, committed 97404K, reserved 1134592K
  class space    used 11882K, capacity 12665K, committed 12800K, reserved 1048576K
}
Event: 29.329 GC heap before
{Heap before GC invocations=30 (full 0):
 garbage-first heap   total 225280K, used 173263K [0x0000000080000000, 0x0000000100000000)
  region size 1024K, 73 young (74752K), 6 survivors (6144K)
 Metaspace       used 98871K, capacity 101055K, committed 101116K, reserved 1136640K
  class space    used 12355K, capacity 13158K, committed 13184K, reserved 1048576K
}
Event: 29.341 GC heap after
{Heap after GC invocations=31 (full 0):
 garbage-first heap   total 225280K, used 108308K [0x0000000080000000, 0x0000000100000000)
  region size 1024K, 3 young (3072K), 3 survivors (3072K)
 Metaspace       used 98871K, capacity 101055K, committed 101116K, reserved 1136640K
  class space    used 12355K, capacity 13158K, committed 13184K, reserved 1048576K
}
Event: 30.966 GC heap before
{Heap before GC invocations=31 (full 0):
 garbage-first heap   total 225280K, used 176916K [0x0000000080000000, 0x0000000100000000)
  region size 1024K, 71 young (72704K), 3 survivors (3072K)
 Metaspace       used 99957K, capacity 102204K, committed 102396K, reserved 1138688K
  class space    used 12488K, capacity 13313K, committed 13440K, reserved 1048576K
}
Event: 30.980 GC heap after
{Heap after GC invocations=32 (full 0):
 garbage-first heap   total 225280K, used 112211K [0x0000000080000000, 0x0000000100000000)
  region size 1024K, 7 young (7168K), 7 survivors (7168K)
 Metaspace       used 99957K, capacity 102204K, committed 102396K, reserved 1138688K
  class space    used 12488K, capacity 13313K, committed 13440K, reserved 1048576K
}
Event: 31.798 GC heap before
{Heap before GC invocations=33 (full 0):
 garbage-first heap   total 225280K, used 172627K [0x0000000080000000, 0x0000000100000000)
  region size 1024K, 74 young (75776K), 7 survivors (7168K)
 Metaspace       used 101316K, capacity 103556K, committed 103804K, reserved 1140736K
  class space    used 12671K, capacity 13485K, committed 13568K, reserved 1048576K
}
Event: 31.822 GC heap after
{Heap after GC invocations=34 (full 0):
 garbage-first heap   total 225280K, used 120110K [0x0000000080000000, 0x0000000100000000)
  region size 1024K, 10 young (10240K), 10 survivors (10240K)
 Metaspace       used 101316K, capacity 103556K, committed 103804K, reserved 1140736K
  class space    used 12671K, capacity 13485K, committed 13568K, reserved 1048576K
}
Event: 31.853 GC heap before
{Heap before GC invocations=34 (full 0):
 garbage-first heap   total 225280K, used 120110K [0x0000000080000000, 0x0000000100000000)
  region size 1024K, 11 young (11264K), 10 survivors (10240K)
 Metaspace       used 101316K, capacity 103556K, committed 103804K, reserved 1140736K
  class space    used 12671K, capacity 13485K, committed 13568K, reserved 1048576K
}
Event: 31.865 GC heap after
{Heap after GC invocations=35 (full 0):
 garbage-first heap   total 225280K, used 107611K [0x0000000080000000, 0x0000000100000000)
  region size 1024K, 1 young (1024K), 1 survivors (1024K)
 Metaspace       used 101316K, capacity 103556K, committed 103804K, reserved 1140736K
  class space    used 12671K, capacity 13485K, committed 13568K, reserved 1048576K
}
Event: 33.171 GC heap before
{Heap before GC invocations=35 (full 0):
 garbage-first heap   total 225280K, used 173147K [0x0000000080000000, 0x0000000100000000)
  region size 1024K, 66 young (67584K), 1 survivors (1024K)
 Metaspace       used 104115K, capacity 106489K, committed 106620K, reserved 1142784K
  class space    used 13061K, capacity 13954K, committed 14080K, reserved 1048576K
}
Event: 33.225 GC heap after
{Heap after GC invocations=36 (full 0):
 garbage-first heap   total 225280K, used 120145K [0x0000000080000000, 0x0000000100000000)
  region size 1024K, 9 young (9216K), 9 survivors (9216K)
 Metaspace       used 104115K, capacity 106489K, committed 106620K, reserved 1142784K
  class space    used 13061K, capacity 13954K, committed 14080K, reserved 1048576K
}
Event: 33.811 GC heap before
{Heap before GC invocations=37 (full 0):
 garbage-first heap   total 225280K, used 176465K [0x0000000080000000, 0x0000000100000000)
  region size 1024K, 64 young (65536K), 9 survivors (9216K)
 Metaspace       used 104750K, capacity 107130K, committed 107388K, reserved 1142784K
  class space    used 13135K, capacity 14018K, committed 14080K, reserved 1048576K
}
Event: 33.964 GC heap after
{Heap after GC invocations=38 (full 0):
 garbage-first heap   total 225280K, used 132205K [0x0000000080000000, 0x0000000100000000)
  region size 1024K, 8 young (8192K), 8 survivors (8192K)
 Metaspace       used 104750K, capacity 107130K, committed 107388K, reserved 1142784K
  class space    used 13135K, capacity 14018K, committed 14080K, reserved 1048576K
}
Event: 33.976 GC heap before
{Heap before GC invocations=38 (full 0):
 garbage-first heap   total 225280K, used 135277K [0x0000000080000000, 0x0000000100000000)
  region size 1024K, 11 young (11264K), 8 survivors (8192K)
 Metaspace       used 104760K, capacity 107130K, committed 107388K, reserved 1142784K
  class space    used 13136K, capacity 14018K, committed 14080K, reserved 1048576K
}
Event: 33.998 GC heap after
{Heap after GC invocations=39 (full 0):
 garbage-first heap   total 225280K, used 130182K [0x0000000080000000, 0x0000000100000000)
  region size 1024K, 2 young (2048K), 2 survivors (2048K)
 Metaspace       used 104760K, capacity 107130K, committed 107388K, reserved 1142784K
  class space    used 13136K, capacity 14018K, committed 14080K, reserved 1048576K
}
Event: 34.333 GC heap before
{Heap before GC invocations=39 (full 0):
 garbage-first heap   total 225280K, used 177286K [0x0000000080000000, 0x0000000100000000)
  region size 1024K, 49 young (50176K), 2 survivors (2048K)
 Metaspace       used 105966K, capacity 108465K, committed 108668K, reserved 1144832K
  class space    used 13331K, capacity 14285K, committed 14336K, reserved 1048576K
}
Event: 34.351 GC heap after
{Heap after GC invocations=40 (full 0):
 garbage-first heap   total 225280K, used 138470K [0x0000000080000000, 0x0000000100000000)
  region size 1024K, 7 young (7168K), 7 survivors (7168K)
 Metaspace       used 105966K, capacity 108465K, committed 108668K, reserved 1144832K
  class space    used 13331K, capacity 14285K, committed 14336K, reserved 1048576K
}
Event: 35.092 GC heap before
{Heap before GC invocations=41 (full 0):
 garbage-first heap   total 225280K, used 181478K [0x0000000080000000, 0x0000000100000000)
  region size 1024K, 49 young (50176K), 7 survivors (7168K)
 Metaspace       used 106494K, capacity 108945K, committed 109308K, reserved 1144832K
  class space    used 13433K, capacity 14376K, committed 14464K, reserved 1048576K
}
Event: 35.118 GC heap after
{Heap after GC invocations=42 (full 0):
 garbage-first heap   total 225280K, used 146432K [0x0000000080000000, 0x0000000100000000)
  region size 1024K, 7 young (7168K), 7 survivors (7168K)
 Metaspace       used 106494K, capacity 108945K, committed 109308K, reserved 1144832K
  class space    used 13433K, capacity 14376K, committed 14464K, reserved 1048576K
}
Event: 35.138 GC heap before
{Heap before GC invocations=42 (full 0):
 garbage-first heap   total 225280K, used 150528K [0x0000000080000000, 0x0000000100000000)
  region size 1024K, 11 young (11264K), 7 survivors (7168K)
 Metaspace       used 106517K, capacity 108957K, committed 109308K, reserved 1144832K
  class space    used 13437K, capacity 14380K, committed 14464K, reserved 1048576K
}

Deoptimization events (20 events):
Event: 34.837 Thread 0x0000019f9b2dd800 Uncommon trap: trap_request=0xffffffde fr.pc=0x0000019f882b0c64 relative=0x0000000000007c84
Event: 34.837 Thread 0x0000019f9b2dd800 Uncommon trap: reason=class_check action=maybe_recompile pc=0x0000019f882b0c64 method=com.android.tools.r8.internal.mH0.a(Lcom/android/tools/r8/internal/AH0;[Lcom/android/tools/r8/internal/CA0;I)V @ 4221 c2
Event: 34.837 Thread 0x0000019f9b2dd800 DEOPT PACKING pc=0x0000019f882b0c64 sp=0x0000009639af9d50
Event: 34.837 Thread 0x0000019f9b2dd800 DEOPT UNPACKING pc=0x0000019f800083af sp=0x0000009639af9d30 mode 2
Event: 34.838 Thread 0x0000019f9b2dd800 Uncommon trap: trap_request=0xffffffde fr.pc=0x0000019f882b0c64 relative=0x0000000000007c84
Event: 34.838 Thread 0x0000019f9b2dd800 Uncommon trap: reason=class_check action=maybe_recompile pc=0x0000019f882b0c64 method=com.android.tools.r8.internal.mH0.a(Lcom/android/tools/r8/internal/AH0;[Lcom/android/tools/r8/internal/CA0;I)V @ 4221 c2
Event: 34.838 Thread 0x0000019f9b2dd800 DEOPT PACKING pc=0x0000019f882b0c64 sp=0x0000009639af9d50
Event: 34.839 Thread 0x0000019f9b2dd800 DEOPT UNPACKING pc=0x0000019f800083af sp=0x0000009639af9d30 mode 2
Event: 34.840 Thread 0x0000019f9b2dd800 Uncommon trap: trap_request=0xffffffde fr.pc=0x0000019f882b0c64 relative=0x0000000000007c84
Event: 34.840 Thread 0x0000019f9b2dd800 Uncommon trap: reason=class_check action=maybe_recompile pc=0x0000019f882b0c64 method=com.android.tools.r8.internal.mH0.a(Lcom/android/tools/r8/internal/AH0;[Lcom/android/tools/r8/internal/CA0;I)V @ 4221 c2
Event: 34.840 Thread 0x0000019f9b2dd800 DEOPT PACKING pc=0x0000019f882b0c64 sp=0x0000009639af9d50
Event: 34.840 Thread 0x0000019f9b2dd800 DEOPT UNPACKING pc=0x0000019f800083af sp=0x0000009639af9d30 mode 2
Event: 34.893 Thread 0x0000019f9b2dd800 Uncommon trap: trap_request=0xffffff4d fr.pc=0x0000019f882b2f2c relative=0x0000000000009f4c
Event: 34.893 Thread 0x0000019f9b2dd800 Uncommon trap: reason=unstable_if action=reinterpret pc=0x0000019f882b2f2c method=com.android.tools.r8.internal.mH0.a(Lcom/android/tools/r8/internal/AH0;[Lcom/android/tools/r8/internal/CA0;I)V @ 3665 c2
Event: 34.893 Thread 0x0000019f9b2dd800 DEOPT PACKING pc=0x0000019f882b2f2c sp=0x0000009639af9d50
Event: 34.893 Thread 0x0000019f9b2dd800 DEOPT UNPACKING pc=0x0000019f800083af sp=0x0000009639af9d30 mode 2
Event: 35.046 Thread 0x0000019f99812800 Uncommon trap: trap_request=0xffffff4d fr.pc=0x0000019f88262bc4 relative=0x00000000000020a4
Event: 35.046 Thread 0x0000019f99812800 Uncommon trap: reason=unstable_if action=reinterpret pc=0x0000019f88262bc4 method=com.android.tools.r8.internal.KK0.e(Ljava/lang/String;)[Ljava/lang/String; @ 149 c2
Event: 35.046 Thread 0x0000019f99812800 DEOPT PACKING pc=0x0000019f88262bc4 sp=0x00000096388f9520
Event: 35.046 Thread 0x0000019f99812800 DEOPT UNPACKING pc=0x0000019f800083af sp=0x00000096388f9508 mode 2

Classes redefined (0 events):
No events

Internal exceptions (20 events):
Event: 32.148 Thread 0x0000019f9b2dd800 Exception <a 'java/lang/IncompatibleClassChangeError'{0x000000008d92b668}: Found class java.lang.Object, but interface was expected> (0x000000008d92b668) thrown at [./src/hotspot/share/interpreter/linkResolver.cpp, line 839]
Event: 32.238 Thread 0x0000019f9b22f000 Exception <a 'java/lang/NoSuchMethodError'{0x000000008d354d88}: 'java.lang.Object java.lang.invoke.DirectMethodHandle$Holder.invokeStatic(java.lang.Object, long)'> (0x000000008d354d88) thrown at [./src/hotspot/share/interpreter/linkResolver.cpp, line 773]
Event: 32.249 Thread 0x0000019f9b214800 Exception <a 'java/lang/NoSuchMethodError'{0x000000008d360080}: 'java.lang.Object java.lang.invoke.Invokers$Holder.linkToTargetMethod(long, java.lang.Object)'> (0x000000008d360080) thrown at [./src/hotspot/share/interpreter/linkResolver.cpp, line 773]
Event: 32.257 Thread 0x0000019f9b22f000 Exception <a 'java/lang/NoSuchMethodError'{0x000000008d359650}: 'java.lang.Object java.lang.invoke.DirectMethodHandle$Holder.invokeSpecial(java.lang.Object, java.lang.Object, long)'> (0x000000008d359650) thrown at [./src/hotspot/share/interpreter/linkResolver.cpp, line 773]
Event: 32.271 Thread 0x0000019f9b22f000 Exception <a 'java/lang/NoSuchMethodError'{0x000000008d37b438}: 'java.lang.Object java.lang.invoke.Invokers$Holder.linkToTargetMethod(long, java.lang.Object)'> (0x000000008d37b438) thrown at [./src/hotspot/share/interpreter/linkResolver.cpp, line 773]
Event: 32.522 Thread 0x0000019f9b214800 Exception <a 'java/lang/NoSuchMethodError'{0x000000008bc2a468}: 'int java.lang.invoke.DirectMethodHandle$Holder.invokeVirtual(java.lang.Object, java.lang.Object, java.lang.Object, java.lang.Object)'> (0x000000008bc2a468) thrown at [./src/hotspot/share/interpreter/linkResolver.cpp, line 773]
Event: 32.893 Thread 0x0000019f9b2d6000 Exception <a 'java/lang/IncompatibleClassChangeError'{0x000000008aaaa2a0}: Found class java.lang.Object, but interface was expected> (0x000000008aaaa2a0) thrown at [./src/hotspot/share/interpreter/linkResolver.cpp, line 839]
Event: 33.121 Thread 0x0000019f9b21e000 Implicit null exception at 0x0000019f8825ffb7 to 0x0000019f882602fc
Event: 33.121 Thread 0x0000019f9b21e000 Implicit null exception at 0x0000019f8825ffb7 to 0x0000019f882602fc
Event: 33.612 Thread 0x0000019f9b215000 Exception <a 'java/lang/NoSuchMethodError'{0x000000008c1fb130}: 'int java.lang.invoke.DirectMethodHandle$Holder.invokeVirtual(java.lang.Object, java.lang.Object, java.lang.Object)'> (0x000000008c1fb130) thrown at [./src/hotspot/share/interpreter/linkResolver.cpp, line 773]
Event: 34.192 Thread 0x0000019f9980a000 Exception <a 'java/lang/NoSuchMethodError'{0x000000008c4fef58}: 'java.lang.Object java.lang.invoke.DirectMethodHandle$Holder.invokeStatic(java.lang.Object, int, java.lang.Object, java.lang.Object)'> (0x000000008c4fef58) thrown at [./src/hotspot/share/interpreter/linkResolver.cpp, line 773]
Event: 34.192 Thread 0x0000019f9b21e000 Exception <a 'java/lang/NoSuchMethodError'{0x000000008c304738}: 'java.lang.Object java.lang.invoke.DirectMethodHandle$Holder.invokeStatic(java.lang.Object, int, java.lang.Object, java.lang.Object)'> (0x000000008c304738) thrown at [./src/hotspot/share/interpreter/linkResolver.cpp, line 773]
Event: 34.192 Thread 0x0000019f99812800 Exception <a 'java/lang/NoSuchMethodError'{0x000000008c56be50}: 'java.lang.Object java.lang.invoke.DirectMethodHandle$Holder.invokeStatic(java.lang.Object, int, java.lang.Object, java.lang.Object)'> (0x000000008c56be50) thrown at [./src/hotspot/share/interpreter/linkResolver.cpp, line 773]
Event: 34.198 Thread 0x0000019f9b2d6000 Exception <a 'java/lang/NoSuchMethodError'{0x000000008c313bf8}: 'java.lang.Object java.lang.invoke.DirectMethodHandle$Holder.invokeStatic(java.lang.Object, int, java.lang.Object, java.lang.Object)'> (0x000000008c313bf8) thrown at [./src/hotspot/share/interpreter/linkResolver.cpp, line 773]
Event: 34.198 Thread 0x0000019f9b215000 Exception <a 'java/lang/NoSuchMethodError'{0x000000008c3102e0}: 'java.lang.Object java.lang.invoke.DirectMethodHandle$Holder.invokeStatic(java.lang.Object, int, java.lang.Object, java.lang.Object)'> (0x000000008c3102e0) thrown at [./src/hotspot/share/interpreter/linkResolver.cpp, line 773]
Event: 34.203 Thread 0x0000019f9b22f000 Exception <a 'java/lang/NoSuchMethodError'{0x000000008c4cf7d8}: 'java.lang.Object java.lang.invoke.DirectMethodHandle$Holder.invokeStatic(java.lang.Object, int, java.lang.Object, java.lang.Object)'> (0x000000008c4cf7d8) thrown at [./src/hotspot/share/interpreter/linkResolver.cpp, line 773]
Event: 34.203 Thread 0x0000019f9b214800 Exception <a 'java/lang/NoSuchMethodError'{0x000000008c4b4758}: 'java.lang.Object java.lang.invoke.DirectMethodHandle$Holder.invokeStatic(java.lang.Object, int, java.lang.Object, java.lang.Object)'> (0x000000008c4b4758) thrown at [./src/hotspot/share/interpreter/linkResolver.cpp, line 773]
Event: 34.203 Thread 0x0000019f9b2dd800 Exception <a 'java/lang/NoSuchMethodError'{0x000000008c462a90}: 'java.lang.Object java.lang.invoke.DirectMethodHandle$Holder.invokeStatic(java.lang.Object, int, java.lang.Object, java.lang.Object)'> (0x000000008c462a90) thrown at [./src/hotspot/share/interpreter/linkResolver.cpp, line 773]
Event: 34.893 Thread 0x0000019f9b2dd800 Implicit null exception at 0x0000019f882ad144 to 0x0000019f882b2ea4
Event: 34.978 Thread 0x0000019f9980a000 Exception <a 'java/lang/NoSuchMethodError'{0x000000008c5a58b0}: 'int java.lang.invoke.DirectMethodHandle$Holder.invokeSpecial(java.lang.Object, java.lang.Object, java.lang.Object, java.lang.Object, java.lang.Object)'> (0x000000008c5a58b0) thrown at [./src/hotspot/share/interpreter/linkResolver.cpp, line 773]

Events (20 events):
Event: 35.118 Executing VM operation: G1CollectForAllocation done
Event: 35.119 loading class com/android/tools/r8/internal/eF0
Event: 35.119 loading class com/android/tools/r8/internal/eF0 done
Event: 35.121 loading class com/android/tools/r8/internal/WE0
Event: 35.121 loading class com/android/tools/r8/internal/WE0 done
Event: 35.121 loading class com/android/tools/r8/internal/dF0
Event: 35.121 loading class com/android/tools/r8/internal/dF0 done
Event: 35.122 loading class com/android/tools/r8/internal/JD0
Event: 35.122 loading class com/android/tools/r8/internal/JD0 done
Event: 35.122 loading class com/android/tools/r8/internal/JD0
Event: 35.122 loading class com/android/tools/r8/internal/JD0 done
Event: 35.122 loading class com/android/tools/r8/internal/Ms1
Event: 35.122 loading class com/android/tools/r8/internal/Ms1 done
Event: 35.123 loading class com/android/tools/r8/internal/JD0
Event: 35.123 loading class com/android/tools/r8/internal/JD0 done
Event: 35.123 loading class com/android/tools/r8/internal/JD0
Event: 35.123 loading class com/android/tools/r8/internal/JD0 done
Event: 35.123 loading class com/android/tools/r8/internal/JD0
Event: 35.123 loading class com/android/tools/r8/internal/JD0 done
Event: 35.137 Executing VM operation: G1CollectForAllocation


Dynamic libraries:
0x00007ff7c9a40000 - 0x00007ff7c9a4a000 	C:\Program Files\Android\Android Studio\jre\bin\java.exe
0x00007ffc15470000 - 0x00007ffc15665000 	C:\windows\SYSTEM32\ntdll.dll
0x00007ffc15270000 - 0x00007ffc1532d000 	C:\windows\System32\KERNEL32.DLL
0x00007ffc12da0000 - 0x00007ffc1306d000 	C:\windows\System32\KERNELBASE.dll
0x00007ffc13110000 - 0x00007ffc13210000 	C:\windows\System32\ucrtbase.dll
0x00007ffbf8c20000 - 0x00007ffbf8c39000 	C:\Program Files\Android\Android Studio\jre\bin\jli.dll
0x00007ffbf10d0000 - 0x00007ffbf10e7000 	C:\Program Files\Android\Android Studio\jre\bin\VCRUNTIME140.dll
0x00007ffc148d0000 - 0x00007ffc14a70000 	C:\windows\System32\USER32.dll
0x00007ffc12d70000 - 0x00007ffc12d92000 	C:\windows\System32\win32u.dll
0x00007ffc14830000 - 0x00007ffc1485a000 	C:\windows\System32\GDI32.dll
0x00007ffbf63a0000 - 0x00007ffbf663a000 	C:\windows\WinSxS\amd64_microsoft.windows.common-controls_6595b64144ccf1df_6.0.19041.1110_none_60b5254171f9507e\COMCTL32.dll
0x00007ffc15330000 - 0x00007ffc153ce000 	C:\windows\System32\msvcrt.dll
0x00007ffc133b0000 - 0x00007ffc134bb000 	C:\windows\System32\gdi32full.dll
0x00007ffc13210000 - 0x00007ffc132ad000 	C:\windows\System32\msvcp_win.dll
0x00007ffc14800000 - 0x00007ffc14830000 	C:\windows\System32\IMM32.DLL
0x00007ffbd9060000 - 0x00007ffbd90fd000 	C:\Program Files\Android\Android Studio\jre\bin\msvcp140.dll
0x00007ffbc2a40000 - 0x00007ffbc3515000 	C:\Program Files\Android\Android Studio\jre\bin\server\jvm.dll
0x00007ffc14200000 - 0x00007ffc142ae000 	C:\windows\System32\ADVAPI32.dll
0x00007ffc151d0000 - 0x00007ffc1526c000 	C:\windows\System32\sechost.dll
0x00007ffc150a0000 - 0x00007ffc151c5000 	C:\windows\System32\RPCRT4.dll
0x00007ffc14c80000 - 0x00007ffc14c88000 	C:\windows\System32\PSAPI.DLL
0x00007ffbf8280000 - 0x00007ffbf82a7000 	C:\windows\SYSTEM32\WINMM.dll
0x00007ffbf80c0000 - 0x00007ffbf80c9000 	C:\windows\SYSTEM32\WSOCK32.dll
0x00007ffc14860000 - 0x00007ffc148cb000 	C:\windows\System32\WS2_32.dll
0x00007ffc05180000 - 0x00007ffc0518a000 	C:\windows\SYSTEM32\VERSION.dll
0x00007ffc11410000 - 0x00007ffc11422000 	C:\windows\SYSTEM32\kernel.appcore.dll
0x00007ffc0b9f0000 - 0x00007ffc0ba01000 	C:\Program Files\Android\Android Studio\jre\bin\verify.dll
0x00007ffc107c0000 - 0x00007ffc109a4000 	C:\windows\SYSTEM32\DBGHELP.DLL
0x00007ffbfe690000 - 0x00007ffbfe6bc000 	C:\windows\SYSTEM32\dbgcore.DLL
0x00007ffc12b80000 - 0x00007ffc12c02000 	C:\windows\System32\bcryptPrimitives.dll
0x00007ffc06ee0000 - 0x00007ffc06f09000 	C:\Program Files\Android\Android Studio\jre\bin\java.dll
0x00007ffc0b9c0000 - 0x00007ffc0b9cb000 	C:\Program Files\Android\Android Studio\jre\bin\jimage.dll
0x00007ffbfd920000 - 0x00007ffbfd938000 	C:\Program Files\Android\Android Studio\jre\bin\zip.dll
0x00007ffc136e0000 - 0x00007ffc13e24000 	C:\windows\System32\SHELL32.dll
0x00007ffc109b0000 - 0x00007ffc11144000 	C:\windows\SYSTEM32\windows.storage.dll
0x00007ffc14d40000 - 0x00007ffc15094000 	C:\windows\System32\combase.dll
0x00007ffc125e0000 - 0x00007ffc1260c000 	C:\windows\SYSTEM32\Wldp.dll
0x00007ffc14730000 - 0x00007ffc147dd000 	C:\windows\System32\SHCORE.dll
0x00007ffc13680000 - 0x00007ffc136d5000 	C:\windows\System32\shlwapi.dll
0x00007ffc12ac0000 - 0x00007ffc12adf000 	C:\windows\SYSTEM32\profapi.dll
0x00007ffbfd8b0000 - 0x00007ffbfd8ca000 	C:\Program Files\Android\Android Studio\jre\bin\net.dll
0x00007ffc09a40000 - 0x00007ffc09b4a000 	C:\windows\SYSTEM32\WINHTTP.dll
0x00007ffc12340000 - 0x00007ffc123aa000 	C:\windows\system32\mswsock.dll
0x00007ffbfd890000 - 0x00007ffbfd8a4000 	C:\Program Files\Android\Android Studio\jre\bin\nio.dll
0x00007ffbfd690000 - 0x00007ffbfd6b7000 	C:\Users\ENVY\.gradle\native\e1d6ef7f7dcc3fd88c89a11ec53ec762bb8ba0a96d01ffa2cd45eb1d1d8dd5c5\windows-amd64\native-platform.dll
0x00007ffbd8ca0000 - 0x00007ffbd8de4000 	C:\Users\ENVY\.gradle\native\5664cfc778a61ccfe75a443a1ab52a65af34e5dc3c78e0209fed803814484fcb\windows-amd64\native-platform-file-events.dll
0x00007ffc06ed0000 - 0x00007ffc06eda000 	C:\Program Files\Android\Android Studio\jre\bin\management.dll
0x00007ffc06e70000 - 0x00007ffc06e7d000 	C:\Program Files\Android\Android Studio\jre\bin\management_ext.dll
0x00007ffc12530000 - 0x00007ffc12548000 	C:\windows\SYSTEM32\CRYPTSP.dll
0x00007ffc11c50000 - 0x00007ffc11c84000 	C:\windows\system32\rsaenh.dll
0x00007ffc13070000 - 0x00007ffc13097000 	C:\windows\System32\bcrypt.dll
0x00007ffc12a40000 - 0x00007ffc12a6e000 	C:\windows\SYSTEM32\USERENV.dll
0x00007ffc12550000 - 0x00007ffc1255c000 	C:\windows\SYSTEM32\CRYPTBASE.dll
0x00007ffc11fe0000 - 0x00007ffc1201b000 	C:\windows\SYSTEM32\IPHLPAPI.DLL
0x00007ffc13590000 - 0x00007ffc13598000 	C:\windows\System32\NSI.dll
0x00007ffc023a0000 - 0x00007ffc023b7000 	C:\windows\SYSTEM32\dhcpcsvc6.DLL
0x00007ffc070c0000 - 0x00007ffc070dd000 	C:\windows\SYSTEM32\dhcpcsvc.DLL
0x00007ffc12020000 - 0x00007ffc120eb000 	C:\windows\SYSTEM32\DNSAPI.dll
0x00007ffc11880000 - 0x00007ffc118b3000 	C:\windows\SYSTEM32\ntmarta.dll

dbghelp: loaded successfully - version: 4.0.5 - missing functions: none
symbol engine: initialized successfully - sym options: 0x614 - pdb path: .;C:\Program Files\Android\Android Studio\jre\bin;C:\windows\SYSTEM32;C:\windows\WinSxS\amd64_microsoft.windows.common-controls_6595b64144ccf1df_6.0.19041.1110_none_60b5254171f9507e;C:\Program Files\Android\Android Studio\jre\bin\server;C:\Users\ENVY\.gradle\native\e1d6ef7f7dcc3fd88c89a11ec53ec762bb8ba0a96d01ffa2cd45eb1d1d8dd5c5\windows-amd64;C:\Users\ENVY\.gradle\native\5664cfc778a61ccfe75a443a1ab52a65af34e5dc3c78e0209fed803814484fcb\windows-amd64

VM Arguments:
jvm_args: --add-opens=java.base/java.util=ALL-UNNAMED --add-opens=java.base/java.lang=ALL-UNNAMED --add-opens=java.base/java.lang.invoke=ALL-UNNAMED --add-opens=java.base/java.util=ALL-UNNAMED --add-opens=java.prefs/java.util.prefs=ALL-UNNAMED --add-opens=java.prefs/java.util.prefs=ALL-UNNAMED --add-opens=java.base/java.nio.charset=ALL-UNNAMED --add-opens=java.base/java.net=ALL-UNNAMED --add-opens=java.base/java.util.concurrent.atomic=ALL-UNNAMED -Xmx2048m -Dfile.encoding=UTF-8 -Duser.country=RU -Duser.language=ru -Duser.variant 
java_command: org.gradle.launcher.daemon.bootstrap.GradleDaemon 7.2
java_class_path (initial): C:\Users\ENVY\.gradle\wrapper\dists\gradle-7.2-bin\2dnblmf4td7x66yl1d74lt32g\gradle-7.2\lib\gradle-launcher-7.2.jar
Launcher Type: SUN_STANDARD

[Global flags]
     intx CICompilerCount                          = 4                                         {product} {ergonomic}
     uint ConcGCThreads                            = 2                                         {product} {ergonomic}
     uint G1ConcRefinementThreads                  = 8                                         {product} {ergonomic}
   size_t G1HeapRegionSize                         = 1048576                                   {product} {ergonomic}
    uintx GCDrainStackTargetSize                   = 64                                        {product} {ergonomic}
   size_t InitialHeapSize                          = 132120576                                 {product} {ergonomic}
   size_t MarkStackSize                            = 4194304                                   {product} {ergonomic}
   size_t MaxHeapSize                              = 2147483648                                {product} {command line}
   size_t MaxNewSize                               = 1287651328                                {product} {ergonomic}
   size_t MinHeapDeltaBytes                        = 1048576                                   {product} {ergonomic}
    uintx NonNMethodCodeHeapSize                   = 5836300                                {pd product} {ergonomic}
    uintx NonProfiledCodeHeapSize                  = 122910970                              {pd product} {ergonomic}
    uintx ProfiledCodeHeapSize                     = 122910970                              {pd product} {ergonomic}
    uintx ReservedCodeCacheSize                    = 251658240                              {pd product} {ergonomic}
     bool SegmentedCodeCache                       = true                                      {product} {ergonomic}
     bool UseCompressedClassPointers               = true                                 {lp64_product} {ergonomic}
     bool UseCompressedOops                        = true                                 {lp64_product} {ergonomic}
     bool UseG1GC                                  = true                                      {product} {ergonomic}
     bool UseLargePagesIndividualAllocation        = false                                  {pd product} {ergonomic}

Logging:
Log output configuration:
 #0: stdout all=warning uptime,level,tags
 #1: stderr all=off uptime,level,tags

Environment Variables:
PATH=C:\Program Files (x86)\Common Files\Oracle\Java\javapath;C:\windows\system32;C:\windows;C:\windows\System32\Wbem;C:\windows\System32\WindowsPowerShell\v1.0\;C:\windows\System32\OpenSSH\;C:\Program Files\dotnet\;C:\Program Files\7-Zip;C:\Program Files\Git\cmd;C:\Users\ENVY\AppData\Local\Microsoft\WindowsApps;
USERNAME=ENVY
OS=Windows_NT
PROCESSOR_IDENTIFIER=Intel64 Family 6 Model 140 Stepping 1, GenuineIntel



---------------  S Y S T E M  ---------------

OS: Windows 10 , 64 bit Build 19041 (10.0.19041.1706)
OS uptime: 23 days 22:16 hours

CPU:total 8 (initial active 8) (4 cores per cpu, 2 threads per core) family 6 model 140 stepping 1 microcode 0x86, cmov, cx8, fxsr, mmx, sse, sse2, sse3, ssse3, sse4.1, sse4.2, popcnt, avx, avx2, aes, clmul, erms, 3dnowpref, lzcnt, ht, tsc, tscinvbit, bmi1, bmi2, adx, evex, sha, fma

Memory: 4k page, system-wide physical 7953M (402M free)
TotalPageFile size 32529M (AvailPageFile size 83M)
current process WorkingSet (physical memory assigned to process): 434M, peak: 452M
current process commit charge ("private bytes"): 658M, peak: 755M

vm_info: OpenJDK 64-Bit Server VM (11.0.11+9-b60-7590822) for windows-amd64 JRE (11.0.11+9-b60-7590822), built on Jul 29 2021 21:43:44 by "builder" with MS VC++ 14.0 (VS2015)

END.
