#
# There is insufficient memory for the Java Runtime Environment to continue.
# Native memory allocation (mmap) failed to map 106954752 bytes for Failed to commit area from 0x0000000090f00000 to 0x0000000097500000 of length 106954752.
# Possible reasons:
#   The system is out of physical RAM or swap space
#   The process is running with CompressedOops enabled, and the Java Heap may be blocking the growth of the native heap
# Possible solutions:
#   Reduce memory load on the system
#   Increase physical memory or swap space
#   Check if swap backing store is full
#   Decrease Java heap size (-Xmx/-Xms)
#   Decrease number of Java threads
#   Decrease Java thread stack sizes (-Xss)
#   Set larger code cache with -XX:ReservedCodeCacheSize=
#   JVM is running with Unscaled Compressed Oops mode in which the Java heap is
#     placed in the first 4GB address space. The Java Heap base address is the
#     maximum limit for the native heap growth. Please use -XX:HeapBaseMinAddress
#     to set the Java Heap base and to place the Java Heap above 4GB virtual address.
# This output file may be truncated or incomplete.
#
#  Out of Memory Error (./src/hotspot/os/windows/os_windows.cpp:3301), pid=74308, tid=65616
#
# JRE version: OpenJDK Runtime Environment (11.0.11+9) (build 11.0.11+9-b60-7590822)
# Java VM: OpenJDK 64-Bit Server VM (11.0.11+9-b60-7590822, mixed mode, tiered, compressed oops, g1 gc, windows-amd64)
# No core dump will be written. Minidumps are not enabled by default on client versions of Windows
#

---------------  S U M M A R Y ------------

Command Line: --add-opens=java.base/java.util=ALL-UNNAMED --add-opens=java.base/java.lang=ALL-UNNAMED --add-opens=java.base/java.lang.invoke=ALL-UNNAMED --add-opens=java.base/java.util=ALL-UNNAMED --add-opens=java.prefs/java.util.prefs=ALL-UNNAMED --add-opens=java.prefs/java.util.prefs=ALL-UNNAMED --add-opens=java.base/java.nio.charset=ALL-UNNAMED --add-opens=java.base/java.net=ALL-UNNAMED --add-opens=java.base/java.util.concurrent.atomic=ALL-UNNAMED -Xmx2048m -Dfile.encoding=UTF-8 -Duser.country=RU -Duser.language=ru -Duser.variant org.gradle.launcher.daemon.bootstrap.GradleDaemon 7.2

Host: 11th Gen Intel(R) Core(TM) i5-1135G7 @ 2.40GHz, 8 cores, 7G,  Windows 10 , 64 bit Build 19041 (10.0.19041.1706)
Time: Sun Jun 12 16:04:56 2022 Центральная Азия (зима) elapsed time: 128.125503 seconds (0d 0h 2m 8s)

---------------  T H R E A D  ---------------

Current thread (0x0000016d2630e800):  VMThread "VM Thread" [stack: 0x00000015d6c00000,0x00000015d6d00000] [id=65616]

Stack: [0x00000015d6c00000,0x00000015d6d00000]
[error occurred during error reporting (printing stack bounds), id 0xc0000005, EXCEPTION_ACCESS_VIOLATION (0xc0000005) at pc=0x0000016d0f1e10e7]

Native frames: (J=compiled Java code, j=interpreted, Vv=VM code, C=native code)
V  [jvm.dll+0x5f214a]
V  [jvm.dll+0x726fb5]
V  [jvm.dll+0x7285cd]
V  [jvm.dll+0x728be5]
V  [jvm.dll+0x728b9b]
V  [jvm.dll+0x5f14e8]
V  [jvm.dll+0x5f1c78]
C  [ntdll.dll+0xa209f]
C  [ntdll.dll+0x51454]
C  [ntdll.dll+0xa0bce]
C  0x0000016d0f1e10e7

VM_Operation (0x00000015df6fcae0): G1CollectForAllocation, mode: safepoint, requested by thread 0x0000016d291c7800


---------------  P R O C E S S  ---------------

Threads class SMR info:
_java_thread_list=0x0000016d2713b750, length=140, elements={
0x0000016d0b6dc000, 0x0000016d26315000, 0x0000016d26316000, 0x0000016d26caa000,
0x0000016d26cb0000, 0x0000016d26cb1800, 0x0000016d26327800, 0x0000016d26335800,
0x0000016d26348800, 0x0000016d26e0d800, 0x0000016d286ac800, 0x0000016d284bc000,
0x0000016d28203800, 0x0000016d28640000, 0x0000016d29422000, 0x0000016d27519800,
0x0000016d27516800, 0x0000016d27518000, 0x0000016d2751b800, 0x0000016d27515800,
0x0000016d28e03000, 0x0000016d28e04000, 0x0000016d28e00800, 0x0000016d28dfe000,
0x0000016d28e06800, 0x0000016d293eb800, 0x0000016d293ec800, 0x0000016d293eb000,
0x0000016d293ea000, 0x0000016d29a5e800, 0x0000016d29a63000, 0x0000016d2ffc3000,
0x0000016d2ffc5800, 0x0000016d2ffc4800, 0x0000016d2ffc8800, 0x0000016d2ffc9800,
0x0000016d2ffc6000, 0x0000016d2ffc3800, 0x0000016d2ffcc800, 0x0000016d2ffc7800,
0x0000016d2ffc7000, 0x0000016d2ffcd800, 0x0000016d2ffcc000, 0x0000016d2ffce000,
0x0000016d2ffcf000, 0x0000016d2ffd0000, 0x0000016d2ffca000, 0x0000016d2ffd0800,
0x0000016d2ffcb000, 0x0000016d2ffd1800, 0x0000016d29a5f800, 0x0000016d29a63800,
0x0000016d29a64800, 0x0000016d29a66000, 0x0000016d29a61000, 0x0000016d29a60800,
0x0000016d29a67800, 0x0000016d29a67000, 0x0000016d29a62000, 0x0000016d29a68800,
0x0000016d29a6c800, 0x0000016d29a6c000, 0x0000016d29a6d800, 0x0000016d29a69800,
0x0000016d29a6a000, 0x0000016d293e5000, 0x0000016d293e3800, 0x0000016d293e4800,
0x0000016d293e1000, 0x0000016d293e6000, 0x0000016d293e0000, 0x0000016d293e2800,
0x0000016d293e6800, 0x0000016d293e2000, 0x0000016d293e7800, 0x0000016d293e9000,
0x0000016d293ed000, 0x0000016d293ee000, 0x0000016d293e8800, 0x0000016d293ef000,
0x0000016d28dff800, 0x0000016d28e02000, 0x0000016d28dfd800, 0x0000016d28e09800,
0x0000016d28e0a800, 0x0000016d28e08000, 0x0000016d28e05800, 0x0000016d28e08800,
0x0000016d28e04800, 0x0000016d28e0b000, 0x0000016d28e0c000, 0x0000016d28e07000,
0x0000016d27517800, 0x0000016d27519000, 0x0000016d2751a800, 0x0000016d2751c000,
0x0000016d337c1800, 0x0000016d337c2000, 0x0000016d337bf000, 0x0000016d337c0800,
0x0000016d337bd000, 0x0000016d337c3000, 0x0000016d337bf800, 0x0000016d337c3800,
0x0000016d337be000, 0x0000016d337c7000, 0x0000016d337c8000, 0x0000016d337c8800,
0x0000016d337ca800, 0x0000016d337c9800, 0x0000016d337c6000, 0x0000016d337c4800,
0x0000016d337cb000, 0x0000016d337c5800, 0x0000016d337cc000, 0x0000016d332bd000,
0x0000016d332bd800, 0x0000016d332c1000, 0x0000016d332be800, 0x0000016d332bb000,
0x0000016d332bf800, 0x0000016d332c1800, 0x0000016d332c0000, 0x0000016d291bd000,
0x0000016d291bd800, 0x0000016d291c1000, 0x0000016d291be800, 0x0000016d291bf800,
0x0000016d291c0000, 0x0000016d291bb000, 0x0000016d291c1800, 0x0000016d291bc000,
0x0000016d291c7800, 0x0000016d291c4000, 0x0000016d291c3800, 0x0000016d291c5000,
0x0000016d291c6000, 0x0000016d291c6800, 0x0000016d291c8000, 0x0000016d291c2800
}

Java Threads: ( => current thread )
  0x0000016d0b6dc000 JavaThread "main" [_thread_blocked, id=59268, stack(0x00000015d6600000,0x00000015d6700000)]
  0x0000016d26315000 JavaThread "Reference Handler" daemon [_thread_blocked, id=60640, stack(0x00000015d6d00000,0x00000015d6e00000)]
  0x0000016d26316000 JavaThread "Finalizer" daemon [_thread_blocked, id=73396, stack(0x00000015d6e00000,0x00000015d6f00000)]
  0x0000016d26caa000 JavaThread "Signal Dispatcher" daemon [_thread_blocked, id=36412, stack(0x00000015d6f00000,0x00000015d7000000)]
  0x0000016d26cb0000 JavaThread "Attach Listener" daemon [_thread_blocked, id=70612, stack(0x00000015d7000000,0x00000015d7100000)]
  0x0000016d26cb1800 JavaThread "Service Thread" daemon [_thread_blocked, id=72620, stack(0x00000015d7100000,0x00000015d7200000)]
  0x0000016d26327800 JavaThread "C2 CompilerThread0" daemon [_thread_blocked, id=75792, stack(0x00000015d7200000,0x00000015d7300000)]
  0x0000016d26335800 JavaThread "C1 CompilerThread0" daemon [_thread_blocked, id=74816, stack(0x00000015d7300000,0x00000015d7400000)]
  0x0000016d26348800 JavaThread "Sweeper thread" daemon [_thread_blocked, id=73992, stack(0x00000015d7400000,0x00000015d7500000)]
  0x0000016d26e0d800 JavaThread "Common-Cleaner" daemon [_thread_blocked, id=50084, stack(0x00000015d7500000,0x00000015d7600000)]
  0x0000016d286ac800 JavaThread "Daemon health stats" [_thread_blocked, id=48020, stack(0x00000015d7a00000,0x00000015d7b00000)]
  0x0000016d284bc000 JavaThread "Incoming local TCP Connector on port 58101" [_thread_in_native, id=29536, stack(0x00000015d7700000,0x00000015d7800000)]
  0x0000016d28203800 JavaThread "Daemon periodic checks" [_thread_blocked, id=69748, stack(0x00000015d7b00000,0x00000015d7c00000)]
  0x0000016d28640000 JavaThread "Daemon" [_thread_blocked, id=75008, stack(0x00000015d7c00000,0x00000015d7d00000)]
  0x0000016d29422000 JavaThread "Daemon worker" [_thread_blocked, id=53048, stack(0x00000015d7f00000,0x00000015d8000000)]
  0x0000016d27519800 JavaThread "Cache worker for journal cache (C:\Users\ENVY\.gradle\caches\journal-1)" [_thread_blocked, id=76920, stack(0x00000015d8800000,0x00000015d8900000)]
  0x0000016d27516800 JavaThread "File lock request listener" [_thread_in_native, id=62852, stack(0x00000015d8900000,0x00000015d8a00000)]
  0x0000016d27518000 JavaThread "Cache worker for file hash cache (C:\Users\ENVY\.gradle\caches\7.2\fileHashes)" [_thread_blocked, id=69084, stack(0x00000015d8a00000,0x00000015d8b00000)]
  0x0000016d2751b800 JavaThread "File watcher server" daemon [_thread_blocked, id=75936, stack(0x00000015d8e00000,0x00000015d8f00000)]
  0x0000016d27515800 JavaThread "File watcher consumer" daemon [_thread_blocked, id=75852, stack(0x00000015d8f00000,0x00000015d9000000)]
  0x0000016d28e03000 JavaThread "Cache worker for execution history cache (C:\Users\ENVY\.gradle\caches\7.2\executionHistory)" [_thread_blocked, id=67864, stack(0x00000015d9300000,0x00000015d9400000)]
  0x0000016d28e04000 JavaThread "jar transforms" [_thread_blocked, id=77300, stack(0x00000015d9400000,0x00000015d9500000)]
  0x0000016d28e00800 JavaThread "Cache worker for file content cache (C:\Users\ENVY\.gradle\caches\7.2\fileContent)" [_thread_blocked, id=53404, stack(0x00000015d9500000,0x00000015d9600000)]
  0x0000016d28dfe000 JavaThread "jar transforms Thread 2" [_thread_blocked, id=72236, stack(0x00000015d9600000,0x00000015d9700000)]
  0x0000016d28e06800 JavaThread "jar transforms Thread 3" [_thread_blocked, id=74240, stack(0x00000015d9800000,0x00000015d9900000)]
  0x0000016d293eb800 JavaThread "jar transforms Thread 4" [_thread_blocked, id=56624, stack(0x00000015de900000,0x00000015dea00000)]
  0x0000016d293ec800 JavaThread "jar transforms Thread 5" [_thread_blocked, id=67044, stack(0x00000015dea00000,0x00000015deb00000)]
  0x0000016d293eb000 JavaThread "jar transforms Thread 6" [_thread_blocked, id=77820, stack(0x00000015deb00000,0x00000015dec00000)]
  0x0000016d293ea000 JavaThread "jar transforms Thread 7" [_thread_blocked, id=77560, stack(0x00000015dec00000,0x00000015ded00000)]
  0x0000016d29a5e800 JavaThread "jar transforms Thread 8" [_thread_blocked, id=68356, stack(0x00000015ded00000,0x00000015dee00000)]
  0x0000016d29a63000 JavaThread "Memory manager" [_thread_blocked, id=62472, stack(0x00000015def00000,0x00000015df000000)]
  0x0000016d2ffc3000 JavaThread "Cache worker for Java compile cache (C:\Users\ENVY\.gradle\caches\7.2\javaCompile)" [_thread_blocked, id=75264, stack(0x00000015e0000000,0x00000015e0100000)]
  0x0000016d2ffc5800 JavaThread "Handler for socket connection from /127.0.0.1:58101 to /127.0.0.1:61349" [_thread_in_native, id=74044, stack(0x00000015d6300000,0x00000015d6400000)]
  0x0000016d2ffc4800 JavaThread "Cancel handler" [_thread_blocked, id=58968, stack(0x00000015d6400000,0x00000015d6500000)]
  0x0000016d2ffc8800 JavaThread "Asynchronous log dispatcher for DefaultDaemonConnection: socket connection from /127.0.0.1:58101 to /127.0.0.1:61349" [_thread_blocked, id=75580, stack(0x00000015d6500000,0x00000015d6600000)]
  0x0000016d2ffc9800 JavaThread "Stdin handler" [_thread_blocked, id=75440, stack(0x00000015d7d00000,0x00000015d7e00000)]
  0x0000016d2ffc6000 JavaThread "Daemon client event forwarder" [_thread_blocked, id=76072, stack(0x00000015d7e00000,0x00000015d7f00000)]
  0x0000016d2ffc3800 JavaThread "Cache worker for file hash cache (C:\Users\ENVY\Desktop\LoveCalculator42-master\.gradle\7.2\fileHashes)" [_thread_blocked, id=75740, stack(0x00000015d8000000,0x00000015d8100000)]
  0x0000016d2ffcc800 JavaThread "Cache worker for checksums cache (C:\Users\ENVY\Desktop\LoveCalculator42-master\.gradle\checksums)" [_thread_blocked, id=77328, stack(0x00000015d8100000,0x00000015d8200000)]
  0x0000016d2ffc7800 JavaThread "Cache worker for cache directory md-supplier (C:\Users\ENVY\.gradle\caches\7.2\md-supplier)" [_thread_blocked, id=74392, stack(0x00000015d8200000,0x00000015d8300000)]
  0x0000016d2ffc7000 JavaThread "Cache worker for cache directory md-rule (C:\Users\ENVY\.gradle\caches\7.2\md-rule)" [_thread_blocked, id=74032, stack(0x00000015d8c00000,0x00000015d8d00000)]
  0x0000016d2ffcd800 JavaThread "Cache worker for dependencies-accessors (C:\Users\ENVY\Desktop\LoveCalculator42-master\.gradle\7.2\dependencies-accessors)" [_thread_blocked, id=59344, stack(0x00000015d8d00000,0x00000015d8e00000)]
  0x0000016d2ffcc000 JavaThread "Cache worker for Build Output Cleanup Cache (C:\Users\ENVY\Desktop\LoveCalculator42-master\.gradle\buildOutputCleanup)" [_thread_blocked, id=69684, stack(0x00000015d9000000,0x00000015d9100000)]
  0x0000016d2ffce000 JavaThread "Unconstrained build operations" [_thread_blocked, id=71496, stack(0x00000015d9100000,0x00000015d9200000)]
  0x0000016d2ffcf000 JavaThread "Unconstrained build operations Thread 2" [_thread_blocked, id=43692, stack(0x00000015d9200000,0x00000015d9300000)]
  0x0000016d2ffd0000 JavaThread "Unconstrained build operations Thread 3" [_thread_blocked, id=14432, stack(0x00000015d9700000,0x00000015d9800000)]
  0x0000016d2ffca000 JavaThread "Unconstrained build operations Thread 4" [_thread_blocked, id=66816, stack(0x00000015d9900000,0x00000015d9a00000)]
  0x0000016d2ffd0800 JavaThread "Unconstrained build operations Thread 5" [_thread_blocked, id=75540, stack(0x00000015d9a00000,0x00000015d9b00000)]
  0x0000016d2ffcb000 JavaThread "Unconstrained build operations Thread 6" [_thread_blocked, id=59856, stack(0x00000015d9b00000,0x00000015d9c00000)]
  0x0000016d2ffd1800 JavaThread "Unconstrained build operations Thread 7" [_thread_blocked, id=45500, stack(0x00000015d9c00000,0x00000015d9d00000)]
  0x0000016d29a5f800 JavaThread "Unconstrained build operations Thread 8" [_thread_blocked, id=74648, stack(0x00000015d9d00000,0x00000015d9e00000)]
  0x0000016d29a63800 JavaThread "Unconstrained build operations Thread 9" [_thread_blocked, id=73016, stack(0x00000015d9e00000,0x00000015d9f00000)]
  0x0000016d29a64800 JavaThread "Unconstrained build operations Thread 10" [_thread_blocked, id=65240, stack(0x00000015d9f00000,0x00000015da000000)]
  0x0000016d29a66000 JavaThread "Unconstrained build operations Thread 11" [_thread_blocked, id=69400, stack(0x00000015da000000,0x00000015da100000)]
  0x0000016d29a61000 JavaThread "Unconstrained build operations Thread 12" [_thread_blocked, id=55680, stack(0x00000015da100000,0x00000015da200000)]
  0x0000016d29a60800 JavaThread "Unconstrained build operations Thread 13" [_thread_blocked, id=73776, stack(0x00000015da200000,0x00000015da300000)]
  0x0000016d29a67800 JavaThread "Unconstrained build operations Thread 14" [_thread_blocked, id=69256, stack(0x00000015da300000,0x00000015da400000)]
  0x0000016d29a67000 JavaThread "Unconstrained build operations Thread 15" [_thread_blocked, id=71592, stack(0x00000015da400000,0x00000015da500000)]
  0x0000016d29a62000 JavaThread "Unconstrained build operations Thread 16" [_thread_blocked, id=70808, stack(0x00000015da500000,0x00000015da600000)]
  0x0000016d29a68800 JavaThread "Unconstrained build operations Thread 17" [_thread_blocked, id=75764, stack(0x00000015da600000,0x00000015da700000)]
  0x0000016d29a6c800 JavaThread "Unconstrained build operations Thread 18" [_thread_blocked, id=76772, stack(0x00000015da700000,0x00000015da800000)]
  0x0000016d29a6c000 JavaThread "Unconstrained build operations Thread 19" [_thread_blocked, id=76312, stack(0x00000015da800000,0x00000015da900000)]
  0x0000016d29a6d800 JavaThread "Unconstrained build operations Thread 20" [_thread_blocked, id=35276, stack(0x00000015da900000,0x00000015daa00000)]
  0x0000016d29a69800 JavaThread "Unconstrained build operations Thread 21" [_thread_blocked, id=74744, stack(0x00000015daa00000,0x00000015dab00000)]
  0x0000016d29a6a000 JavaThread "Unconstrained build operations Thread 22" [_thread_blocked, id=55212, stack(0x00000015dab00000,0x00000015dac00000)]
  0x0000016d293e5000 JavaThread "Unconstrained build operations Thread 23" [_thread_blocked, id=74860, stack(0x00000015dac00000,0x00000015dad00000)]
  0x0000016d293e3800 JavaThread "Unconstrained build operations Thread 24" [_thread_blocked, id=13292, stack(0x00000015dad00000,0x00000015dae00000)]
  0x0000016d293e4800 JavaThread "Unconstrained build operations Thread 25" [_thread_blocked, id=76460, stack(0x00000015dae00000,0x00000015daf00000)]
  0x0000016d293e1000 JavaThread "Unconstrained build operations Thread 26" [_thread_blocked, id=74652, stack(0x00000015daf00000,0x00000015db000000)]
  0x0000016d293e6000 JavaThread "Unconstrained build operations Thread 27" [_thread_blocked, id=61348, stack(0x00000015db000000,0x00000015db100000)]
  0x0000016d293e0000 JavaThread "Unconstrained build operations Thread 28" [_thread_blocked, id=15116, stack(0x00000015db100000,0x00000015db200000)]
  0x0000016d293e2800 JavaThread "Unconstrained build operations Thread 29" [_thread_blocked, id=74448, stack(0x00000015db200000,0x00000015db300000)]
  0x0000016d293e6800 JavaThread "Unconstrained build operations Thread 30" [_thread_blocked, id=75428, stack(0x00000015db300000,0x00000015db400000)]
  0x0000016d293e2000 JavaThread "Unconstrained build operations Thread 31" [_thread_blocked, id=70428, stack(0x00000015db400000,0x00000015db500000)]
  0x0000016d293e7800 JavaThread "Unconstrained build operations Thread 32" [_thread_blocked, id=76012, stack(0x00000015db500000,0x00000015db600000)]
  0x0000016d293e9000 JavaThread "Unconstrained build operations Thread 33" [_thread_blocked, id=76476, stack(0x00000015db600000,0x00000015db700000)]
  0x0000016d293ed000 JavaThread "Unconstrained build operations Thread 34" [_thread_blocked, id=67892, stack(0x00000015db700000,0x00000015db800000)]
  0x0000016d293ee000 JavaThread "Unconstrained build operations Thread 35" [_thread_blocked, id=74112, stack(0x00000015db800000,0x00000015db900000)]
  0x0000016d293e8800 JavaThread "Unconstrained build operations Thread 36" [_thread_blocked, id=75280, stack(0x00000015db900000,0x00000015dba00000)]
  0x0000016d293ef000 JavaThread "Unconstrained build operations Thread 37" [_thread_blocked, id=73524, stack(0x00000015dba00000,0x00000015dbb00000)]
  0x0000016d28dff800 JavaThread "Unconstrained build operations Thread 38" [_thread_blocked, id=75088, stack(0x00000015dbb00000,0x00000015dbc00000)]
  0x0000016d28e02000 JavaThread "Unconstrained build operations Thread 39" [_thread_blocked, id=73900, stack(0x00000015dbc00000,0x00000015dbd00000)]
  0x0000016d28dfd800 JavaThread "Unconstrained build operations Thread 40" [_thread_blocked, id=69032, stack(0x00000015dbd00000,0x00000015dbe00000)]
  0x0000016d28e09800 JavaThread "Unconstrained build operations Thread 41" [_thread_blocked, id=74956, stack(0x00000015dbe00000,0x00000015dbf00000)]
  0x0000016d28e0a800 JavaThread "Unconstrained build operations Thread 42" [_thread_blocked, id=72540, stack(0x00000015dbf00000,0x00000015dc000000)]
  0x0000016d28e08000 JavaThread "Unconstrained build operations Thread 43" [_thread_blocked, id=75032, stack(0x00000015dc000000,0x00000015dc100000)]
  0x0000016d28e05800 JavaThread "Unconstrained build operations Thread 44" [_thread_blocked, id=75100, stack(0x00000015dc100000,0x00000015dc200000)]
  0x0000016d28e08800 JavaThread "Unconstrained build operations Thread 45" [_thread_blocked, id=50576, stack(0x00000015dc200000,0x00000015dc300000)]
  0x0000016d28e04800 JavaThread "Unconstrained build operations Thread 46" [_thread_blocked, id=68736, stack(0x00000015dc300000,0x00000015dc400000)]
  0x0000016d28e0b000 JavaThread "Unconstrained build operations Thread 47" [_thread_blocked, id=76420, stack(0x00000015dc400000,0x00000015dc500000)]
  0x0000016d28e0c000 JavaThread "Unconstrained build operations Thread 48" [_thread_blocked, id=61936, stack(0x00000015dc500000,0x00000015dc600000)]
  0x0000016d28e07000 JavaThread "Unconstrained build operations Thread 49" [_thread_blocked, id=72516, stack(0x00000015dc600000,0x00000015dc700000)]
  0x0000016d27517800 JavaThread "Unconstrained build operations Thread 50" [_thread_blocked, id=73572, stack(0x00000015dc700000,0x00000015dc800000)]
  0x0000016d27519000 JavaThread "Unconstrained build operations Thread 51" [_thread_blocked, id=74188, stack(0x00000015dc800000,0x00000015dc900000)]
  0x0000016d2751a800 JavaThread "Unconstrained build operations Thread 52" [_thread_blocked, id=74560, stack(0x00000015dc900000,0x00000015dca00000)]
  0x0000016d2751c000 JavaThread "Unconstrained build operations Thread 53" [_thread_blocked, id=45560, stack(0x00000015dca00000,0x00000015dcb00000)]
  0x0000016d337c1800 JavaThread "Unconstrained build operations Thread 54" [_thread_blocked, id=57768, stack(0x00000015dcb00000,0x00000015dcc00000)]
  0x0000016d337c2000 JavaThread "Unconstrained build operations Thread 55" [_thread_blocked, id=74836, stack(0x00000015dcc00000,0x00000015dcd00000)]
  0x0000016d337bf000 JavaThread "Unconstrained build operations Thread 56" [_thread_blocked, id=76808, stack(0x00000015dcd00000,0x00000015dce00000)]
  0x0000016d337c0800 JavaThread "Unconstrained build operations Thread 57" [_thread_blocked, id=53544, stack(0x00000015dce00000,0x00000015dcf00000)]
  0x0000016d337bd000 JavaThread "Unconstrained build operations Thread 58" [_thread_blocked, id=68040, stack(0x00000015dcf00000,0x00000015dd000000)]
  0x0000016d337c3000 JavaThread "Unconstrained build operations Thread 59" [_thread_blocked, id=71076, stack(0x00000015dd000000,0x00000015dd100000)]
  0x0000016d337bf800 JavaThread "Unconstrained build operations Thread 60" [_thread_blocked, id=16848, stack(0x00000015dd100000,0x00000015dd200000)]
  0x0000016d337c3800 JavaThread "Unconstrained build operations Thread 61" [_thread_blocked, id=76844, stack(0x00000015dd200000,0x00000015dd300000)]
  0x0000016d337be000 JavaThread "Unconstrained build operations Thread 62" [_thread_blocked, id=68188, stack(0x00000015dd300000,0x00000015dd400000)]
  0x0000016d337c7000 JavaThread "Unconstrained build operations Thread 63" [_thread_blocked, id=67988, stack(0x00000015dd400000,0x00000015dd500000)]
  0x0000016d337c8000 JavaThread "Unconstrained build operations Thread 64" [_thread_blocked, id=73288, stack(0x00000015dd500000,0x00000015dd600000)]
  0x0000016d337c8800 JavaThread "Unconstrained build operations Thread 65" [_thread_blocked, id=47780, stack(0x00000015dd600000,0x00000015dd700000)]
  0x0000016d337ca800 JavaThread "Unconstrained build operations Thread 66" [_thread_blocked, id=72924, stack(0x00000015dd700000,0x00000015dd800000)]
  0x0000016d337c9800 JavaThread "Unconstrained build operations Thread 67" [_thread_blocked, id=32696, stack(0x00000015dd800000,0x00000015dd900000)]
  0x0000016d337c6000 JavaThread "Unconstrained build operations Thread 68" [_thread_blocked, id=61592, stack(0x00000015dd900000,0x00000015dda00000)]
  0x0000016d337c4800 JavaThread "Unconstrained build operations Thread 69" [_thread_blocked, id=75496, stack(0x00000015dda00000,0x00000015ddb00000)]
  0x0000016d337cb000 JavaThread "Unconstrained build operations Thread 70" [_thread_blocked, id=77180, stack(0x00000015ddb00000,0x00000015ddc00000)]
  0x0000016d337c5800 JavaThread "Unconstrained build operations Thread 71" [_thread_blocked, id=55344, stack(0x00000015ddc00000,0x00000015ddd00000)]
  0x0000016d337cc000 JavaThread "Unconstrained build operations Thread 72" [_thread_blocked, id=76200, stack(0x00000015ddd00000,0x00000015dde00000)]
  0x0000016d332bd000 JavaThread "Unconstrained build operations Thread 73" [_thread_blocked, id=75312, stack(0x00000015dde00000,0x00000015ddf00000)]
  0x0000016d332bd800 JavaThread "Unconstrained build operations Thread 74" [_thread_blocked, id=71428, stack(0x00000015ddf00000,0x00000015de000000)]
  0x0000016d332c1000 JavaThread "Unconstrained build operations Thread 75" [_thread_blocked, id=77804, stack(0x00000015de000000,0x00000015de100000)]
  0x0000016d332be800 JavaThread "Unconstrained build operations Thread 76" [_thread_blocked, id=55132, stack(0x00000015de100000,0x00000015de200000)]
  0x0000016d332bb000 JavaThread "Unconstrained build operations Thread 77" [_thread_blocked, id=52292, stack(0x00000015de200000,0x00000015de300000)]
  0x0000016d332bf800 JavaThread "Unconstrained build operations Thread 78" [_thread_blocked, id=70260, stack(0x00000015de300000,0x00000015de400000)]
  0x0000016d332c1800 JavaThread "Unconstrained build operations Thread 79" [_thread_blocked, id=15384, stack(0x00000015de400000,0x00000015de500000)]
  0x0000016d332c0000 JavaThread "Unconstrained build operations Thread 80" [_thread_blocked, id=24792, stack(0x00000015de500000,0x00000015de600000)]
  0x0000016d291bd000 JavaThread "build event listener" [_thread_blocked, id=59216, stack(0x00000015de600000,0x00000015de700000)]
  0x0000016d291bd800 JavaThread "Execution worker for ':'" [_thread_blocked, id=66808, stack(0x00000015de700000,0x00000015de800000)]
  0x0000016d291c1000 JavaThread "Execution worker for ':' Thread 2" [_thread_blocked, id=75040, stack(0x00000015de800000,0x00000015de900000)]
  0x0000016d291be800 JavaThread "Execution worker for ':' Thread 3" [_thread_blocked, id=75488, stack(0x00000015df000000,0x00000015df100000)]
  0x0000016d291bf800 JavaThread "Execution worker for ':' Thread 4" [_thread_blocked, id=74164, stack(0x00000015df100000,0x00000015df200000)]
  0x0000016d291c0000 JavaThread "Execution worker for ':' Thread 5" [_thread_blocked, id=76444, stack(0x00000015df200000,0x00000015df300000)]
  0x0000016d291bb000 JavaThread "Execution worker for ':' Thread 6" [_thread_blocked, id=65572, stack(0x00000015df300000,0x00000015df400000)]
  0x0000016d291c1800 JavaThread "Execution worker for ':' Thread 7" [_thread_blocked, id=67292, stack(0x00000015df400000,0x00000015df500000)]
  0x0000016d291bc000 JavaThread "Cache worker for execution history cache (C:\Users\ENVY\Desktop\LoveCalculator42-master\.gradle\7.2\executionHistory)" [_thread_blocked, id=76604, stack(0x00000015df500000,0x00000015df600000)]
  0x0000016d291c7800 JavaThread "WorkerExecutor Queue" [_thread_blocked, id=60368, stack(0x00000015df600000,0x00000015df700000)]
  0x0000016d291c4000 JavaThread "WorkerExecutor Queue Thread 2" [_thread_blocked, id=76572, stack(0x00000015df700000,0x00000015df800000)]
  0x0000016d291c3800 JavaThread "WorkerExecutor Queue Thread 3" [_thread_blocked, id=41992, stack(0x00000015df800000,0x00000015df900000)]
  0x0000016d291c5000 JavaThread "WorkerExecutor Queue Thread 4" [_thread_blocked, id=57024, stack(0x00000015df900000,0x00000015dfa00000)]
  0x0000016d291c6000 JavaThread "WorkerExecutor Queue Thread 5" [_thread_blocked, id=32048, stack(0x00000015dfa00000,0x00000015dfb00000)]
  0x0000016d291c6800 JavaThread "WorkerExecutor Queue Thread 6" [_thread_blocked, id=67272, stack(0x00000015dfc00000,0x00000015dfd00000)]
  0x0000016d291c8000 JavaThread "WorkerExecutor Queue Thread 7" [_thread_blocked, id=68868, stack(0x00000015dfd00000,0x00000015dfe00000)]
  0x0000016d291c2800 JavaThread "WorkerExecutor Queue Thread 8" [_thread_blocked, id=46472, stack(0x00000015dfe00000,0x00000015dff00000)]

Other Threads:
=>0x0000016d2630e800 VMThread "VM Thread" [stack: 0x00000015d6c00000,0x00000015d6d00000] [id=65616]
  0x0000016d26e76800 WatcherThread [stack: 0x00000015d7600000,0x00000015d7700000] [id=73268]
  0x0000016d0b6f6800 GCTaskThread "GC Thread#0" [stack: 0x00000015d6700000,0x00000015d6800000] [id=53316]
  0x0000016d27de3800 GCTaskThread "GC Thread#1" [stack: 0x00000015d7800000,0x00000015d7900000] [id=75960]
  0x0000016d272a7800 GCTaskThread "GC Thread#2" [stack: 0x00000015d7900000,0x00000015d7a00000] [id=62904]
  0x0000016d28078800 GCTaskThread "GC Thread#3" [stack: 0x00000015d8300000,0x00000015d8400000] [id=50156]
  0x0000016d28294800 GCTaskThread "GC Thread#4" [stack: 0x00000015d8400000,0x00000015d8500000] [id=76376]
  0x0000016d2870f000 GCTaskThread "GC Thread#5" [stack: 0x00000015d8500000,0x00000015d8600000] [id=72768]
  0x0000016d2877c800 GCTaskThread "GC Thread#6" [stack: 0x00000015d8600000,0x00000015d8700000] [id=70388]
  0x0000016d27f10000 GCTaskThread "GC Thread#7" [stack: 0x00000015d8700000,0x00000015d8800000] [id=65004]
  0x0000016d0b726800 ConcurrentGCThread "G1 Main Marker" [stack: 0x00000015d6800000,0x00000015d6900000] [id=77384]
  0x0000016d0b727800 ConcurrentGCThread "G1 Conc#0" [stack: 0x00000015d6900000,0x00000015d6a00000] [id=76536]
  0x0000016d27c69800 ConcurrentGCThread "G1 Conc#1" [stack: 0x00000015d8b00000,0x00000015d8c00000] [id=67784]
  0x0000016d26160800 ConcurrentGCThread "G1 Refine#0" [stack: 0x00000015d6a00000,0x00000015d6b00000] [id=47672]
  0x0000016d26161800 ConcurrentGCThread "G1 Young RemSet Sampling" [stack: 0x00000015d6b00000,0x00000015d6c00000] [id=76996]

Threads with active compile tasks:
C2 CompilerThread0 128172 24729       4       java.io.ObjectInputStream::defaultReadFields (188 bytes)

VM state:at safepoint (normal execution)

VM Mutex/Monitor currently owned by a thread:  ([mutex/lock_event])
[0x0000016d0b6d79f0] Threads_lock - owner thread: 0x0000016d2630e800
[0x0000016d0b6d81d0] Heap_lock - owner thread: 0x0000016d291c7800

Heap address: 0x0000000080000000, size: 2048 MB, Compressed Oops mode: 32-bit
Narrow klass base: 0x0000000000000000, Narrow klass shift: 3
Compressed class space size: 1073741824 Address: 0x0000000100000000

Heap:
 garbage-first heap   total 381952K, used 205194K [0x0000000080000000, 0x0000000100000000)
  region size 1024K, 1 young (1024K), 1 survivors (1024K)
 Metaspace       used 151797K, capacity 156164K, committed 156324K, reserved 1185792K
  class space    used 18842K, capacity 20455K, committed 20556K, reserved 1048576K
Heap Regions: E=young(eden), S=young(survivor), O=old, HS=humongous(starts), HC=humongous(continues), CS=collection set, F=free, A=archive, TAMS=top-at-mark-start (previous, next)
|   0|0x0000000080000000, 0x0000000080100000, 0x0000000080100000|100%| O|  |TAMS 0x0000000080100000, 0x0000000080000000| Untracked 
|   1|0x0000000080100000, 0x0000000080200000, 0x0000000080200000|100%| O|  |TAMS 0x0000000080200000, 0x0000000080100000| Untracked 
|   2|0x0000000080200000, 0x0000000080300000, 0x0000000080300000|100%| O|  |TAMS 0x0000000080300000, 0x0000000080200000| Untracked 
|   3|0x0000000080300000, 0x0000000080400000, 0x0000000080400000|100%|HS|  |TAMS 0x0000000080400000, 0x0000000080300000| Complete 
|   4|0x0000000080400000, 0x0000000080500000, 0x0000000080500000|100%|HC|  |TAMS 0x0000000080500000, 0x0000000080400000| Complete 
|   5|0x0000000080500000, 0x0000000080600000, 0x0000000080600000|100%|HC|  |TAMS 0x0000000080600000, 0x0000000080500000| Complete 
|   6|0x0000000080600000, 0x0000000080700000, 0x0000000080700000|100%| O|  |TAMS 0x0000000080700000, 0x0000000080600000| Untracked 
|   7|0x0000000080700000, 0x0000000080800000, 0x0000000080800000|100%| O|  |TAMS 0x0000000080800000, 0x0000000080700000| Untracked 
|   8|0x0000000080800000, 0x0000000080900000, 0x0000000080900000|100%| O|  |TAMS 0x0000000080900000, 0x0000000080800000| Untracked 
|   9|0x0000000080900000, 0x0000000080a00000, 0x0000000080a00000|100%| O|  |TAMS 0x0000000080a00000, 0x0000000080900000| Untracked 
|  10|0x0000000080a00000, 0x0000000080b00000, 0x0000000080b00000|100%| O|  |TAMS 0x0000000080b00000, 0x0000000080a00000| Untracked 
|  11|0x0000000080b00000, 0x0000000080c00000, 0x0000000080c00000|100%| O|  |TAMS 0x0000000080c00000, 0x0000000080b00000| Untracked 
|  12|0x0000000080c00000, 0x0000000080d00000, 0x0000000080d00000|100%| O|  |TAMS 0x0000000080d00000, 0x0000000080c00000| Untracked 
|  13|0x0000000080d00000, 0x0000000080e00000, 0x0000000080e00000|100%| O|  |TAMS 0x0000000080e00000, 0x0000000080d00000| Untracked 
|  14|0x0000000080e00000, 0x0000000080f00000, 0x0000000080f00000|100%| O|  |TAMS 0x0000000080f00000, 0x0000000080e00000| Untracked 
|  15|0x0000000080f00000, 0x0000000081000000, 0x0000000081000000|100%| O|  |TAMS 0x0000000081000000, 0x0000000080f00000| Untracked 
|  16|0x0000000081000000, 0x0000000081100000, 0x0000000081100000|100%| O|  |TAMS 0x0000000081100000, 0x0000000081000000| Untracked 
|  17|0x0000000081100000, 0x0000000081200000, 0x0000000081200000|100%| O|  |TAMS 0x0000000081200000, 0x0000000081100000| Untracked 
|  18|0x0000000081200000, 0x0000000081300000, 0x0000000081300000|100%| O|  |TAMS 0x0000000081300000, 0x0000000081200000| Untracked 
|  19|0x0000000081300000, 0x0000000081400000, 0x0000000081400000|100%|HS|  |TAMS 0x0000000081400000, 0x0000000081300000| Complete 
|  20|0x0000000081400000, 0x0000000081500000, 0x0000000081500000|100%| O|  |TAMS 0x0000000081500000, 0x0000000081400000| Untracked 
|  21|0x0000000081500000, 0x0000000081600000, 0x0000000081600000|100%| O|  |TAMS 0x0000000081600000, 0x0000000081500000| Untracked 
|  22|0x0000000081600000, 0x0000000081700000, 0x0000000081700000|100%| O|  |TAMS 0x0000000081700000, 0x0000000081600000| Untracked 
|  23|0x0000000081700000, 0x0000000081800000, 0x0000000081800000|100%| O|  |TAMS 0x0000000081800000, 0x0000000081700000| Untracked 
|  24|0x0000000081800000, 0x0000000081900000, 0x0000000081900000|100%| O|  |TAMS 0x0000000081900000, 0x0000000081800000| Untracked 
|  25|0x0000000081900000, 0x0000000081a00000, 0x0000000081a00000|100%| O|  |TAMS 0x0000000081a00000, 0x0000000081900000| Untracked 
|  26|0x0000000081a00000, 0x0000000081b00000, 0x0000000081b00000|100%| O|  |TAMS 0x0000000081b00000, 0x0000000081a00000| Untracked 
|  27|0x0000000081b00000, 0x0000000081c00000, 0x0000000081c00000|100%|HS|  |TAMS 0x0000000081c00000, 0x0000000081b00000| Complete 
|  28|0x0000000081c00000, 0x0000000081d00000, 0x0000000081d00000|100%|HS|  |TAMS 0x0000000081d00000, 0x0000000081c00000| Complete 
|  29|0x0000000081d00000, 0x0000000081e00000, 0x0000000081e00000|100%|HS|  |TAMS 0x0000000081e00000, 0x0000000081d00000| Complete 
|  30|0x0000000081e00000, 0x0000000081f00000, 0x0000000081f00000|100%|HC|  |TAMS 0x0000000081f00000, 0x0000000081e00000| Complete 
|  31|0x0000000081f00000, 0x0000000082000000, 0x0000000082000000|100%| O|  |TAMS 0x0000000082000000, 0x0000000081f00000| Untracked 
|  32|0x0000000082000000, 0x0000000082100000, 0x0000000082100000|100%| O|  |TAMS 0x0000000082100000, 0x0000000082000000| Untracked 
|  33|0x0000000082100000, 0x0000000082200000, 0x0000000082200000|100%| O|  |TAMS 0x0000000082200000, 0x0000000082100000| Untracked 
|  34|0x0000000082200000, 0x0000000082300000, 0x0000000082300000|100%| O|  |TAMS 0x0000000082300000, 0x0000000082200000| Untracked 
|  35|0x0000000082300000, 0x0000000082400000, 0x0000000082400000|100%| O|  |TAMS 0x0000000082400000, 0x0000000082300000| Untracked 
|  36|0x0000000082400000, 0x0000000082500000, 0x0000000082500000|100%| O|  |TAMS 0x0000000082500000, 0x0000000082400000| Untracked 
|  37|0x0000000082500000, 0x0000000082600000, 0x0000000082600000|100%| O|  |TAMS 0x0000000082600000, 0x0000000082500000| Untracked 
|  38|0x0000000082600000, 0x0000000082700000, 0x0000000082700000|100%| O|  |TAMS 0x0000000082700000, 0x0000000082600000| Untracked 
|  39|0x0000000082700000, 0x0000000082800000, 0x0000000082800000|100%| O|  |TAMS 0x0000000082800000, 0x0000000082700000| Untracked 
|  40|0x0000000082800000, 0x0000000082900000, 0x0000000082900000|100%| O|  |TAMS 0x0000000082900000, 0x0000000082800000| Untracked 
|  41|0x0000000082900000, 0x0000000082a00000, 0x0000000082a00000|100%| O|  |TAMS 0x0000000082a00000, 0x0000000082900000| Untracked 
|  42|0x0000000082a00000, 0x0000000082b00000, 0x0000000082b00000|100%| O|  |TAMS 0x0000000082b00000, 0x0000000082a00000| Untracked 
|  43|0x0000000082b00000, 0x0000000082c00000, 0x0000000082c00000|100%| O|  |TAMS 0x0000000082c00000, 0x0000000082b00000| Untracked 
|  44|0x0000000082c00000, 0x0000000082d00000, 0x0000000082d00000|100%| O|  |TAMS 0x0000000082d00000, 0x0000000082c00000| Untracked 
|  45|0x0000000082d00000, 0x0000000082e00000, 0x0000000082e00000|100%| O|  |TAMS 0x0000000082e00000, 0x0000000082d00000| Untracked 
|  46|0x0000000082e00000, 0x0000000082f00000, 0x0000000082f00000|100%| O|  |TAMS 0x0000000082f00000, 0x0000000082e00000| Untracked 
|  47|0x0000000082f00000, 0x0000000083000000, 0x0000000083000000|100%| O|  |TAMS 0x0000000083000000, 0x0000000082f00000| Untracked 
|  48|0x0000000083000000, 0x0000000083100000, 0x0000000083100000|100%| O|  |TAMS 0x0000000083100000, 0x0000000083000000| Untracked 
|  49|0x0000000083100000, 0x0000000083200000, 0x0000000083200000|100%| O|  |TAMS 0x0000000083200000, 0x0000000083100000| Untracked 
|  50|0x0000000083200000, 0x0000000083300000, 0x0000000083300000|100%| O|  |TAMS 0x0000000083300000, 0x0000000083200000| Untracked 
|  51|0x0000000083300000, 0x0000000083400000, 0x0000000083400000|100%| O|  |TAMS 0x0000000083400000, 0x0000000083300000| Untracked 
|  52|0x0000000083400000, 0x0000000083500000, 0x0000000083500000|100%| O|  |TAMS 0x0000000083500000, 0x0000000083400000| Untracked 
|  53|0x0000000083500000, 0x0000000083600000, 0x0000000083600000|100%| O|  |TAMS 0x0000000083600000, 0x0000000083500000| Untracked 
|  54|0x0000000083600000, 0x0000000083700000, 0x0000000083700000|100%| O|  |TAMS 0x0000000083700000, 0x0000000083600000| Untracked 
|  55|0x0000000083700000, 0x0000000083800000, 0x0000000083800000|100%| O|  |TAMS 0x0000000083800000, 0x0000000083700000| Untracked 
|  56|0x0000000083800000, 0x0000000083900000, 0x0000000083900000|100%| O|  |TAMS 0x0000000083900000, 0x0000000083800000| Untracked 
|  57|0x0000000083900000, 0x0000000083a00000, 0x0000000083a00000|100%| O|  |TAMS 0x0000000083a00000, 0x0000000083900000| Untracked 
|  58|0x0000000083a00000, 0x0000000083b00000, 0x0000000083b00000|100%| O|  |TAMS 0x0000000083a00000, 0x0000000083a00000| Untracked 
|  59|0x0000000083b00000, 0x0000000083c00000, 0x0000000083c00000|100%| O|  |TAMS 0x0000000083c00000, 0x0000000083b00000| Untracked 
|  60|0x0000000083c00000, 0x0000000083d00000, 0x0000000083d00000|100%| O|  |TAMS 0x0000000083d00000, 0x0000000083c00000| Untracked 
|  61|0x0000000083d00000, 0x0000000083e00000, 0x0000000083e00000|100%| O|  |TAMS 0x0000000083e00000, 0x0000000083d00000| Untracked 
|  62|0x0000000083e00000, 0x0000000083f00000, 0x0000000083f00000|100%| O|  |TAMS 0x0000000083f00000, 0x0000000083e00000| Untracked 
|  63|0x0000000083f00000, 0x0000000084000000, 0x0000000084000000|100%| O|  |TAMS 0x0000000084000000, 0x0000000083f00000| Untracked 
|  64|0x0000000084000000, 0x0000000084100000, 0x0000000084100000|100%| O|  |TAMS 0x0000000084100000, 0x0000000084000000| Untracked 
|  65|0x0000000084100000, 0x0000000084200000, 0x0000000084200000|100%| O|  |TAMS 0x0000000084200000, 0x0000000084100000| Untracked 
|  66|0x0000000084200000, 0x0000000084300000, 0x0000000084300000|100%| O|  |TAMS 0x0000000084300000, 0x0000000084200000| Untracked 
|  67|0x0000000084300000, 0x0000000084400000, 0x0000000084400000|100%| O|  |TAMS 0x0000000084400000, 0x0000000084300000| Untracked 
|  68|0x0000000084400000, 0x0000000084500000, 0x0000000084500000|100%| O|  |TAMS 0x0000000084500000, 0x0000000084400000| Untracked 
|  69|0x0000000084500000, 0x0000000084600000, 0x0000000084600000|100%| O|  |TAMS 0x000000008457ee00, 0x0000000084500000| Untracked 
|  70|0x0000000084600000, 0x0000000084700000, 0x0000000084700000|100%| O|  |TAMS 0x0000000084700000, 0x0000000084600000| Untracked 
|  71|0x0000000084700000, 0x0000000084800000, 0x0000000084800000|100%| O|  |TAMS 0x0000000084700000, 0x0000000084700000| Untracked 
|  72|0x0000000084800000, 0x0000000084900000, 0x0000000084900000|100%| O|  |TAMS 0x0000000084900000, 0x0000000084800000| Untracked 
|  73|0x0000000084900000, 0x0000000084a00000, 0x0000000084a00000|100%| O|  |TAMS 0x0000000084a00000, 0x0000000084900000| Untracked 
|  74|0x0000000084a00000, 0x0000000084b00000, 0x0000000084b00000|100%| O|  |TAMS 0x0000000084a00000, 0x0000000084a00000| Untracked 
|  75|0x0000000084b00000, 0x0000000084c00000, 0x0000000084c00000|100%| O|  |TAMS 0x0000000084c00000, 0x0000000084b00000| Untracked 
|  76|0x0000000084c00000, 0x0000000084d00000, 0x0000000084d00000|100%| O|  |TAMS 0x0000000084c00000, 0x0000000084c00000| Untracked 
|  77|0x0000000084d00000, 0x0000000084e00000, 0x0000000084e00000|100%| O|  |TAMS 0x0000000084e00000, 0x0000000084d00000| Untracked 
|  78|0x0000000084e00000, 0x0000000084f00000, 0x0000000084f00000|100%| O|  |TAMS 0x0000000084e00000, 0x0000000084e00000| Untracked 
|  79|0x0000000084f00000, 0x0000000085000000, 0x0000000085000000|100%| O|  |TAMS 0x0000000085000000, 0x0000000084f00000| Untracked 
|  80|0x0000000085000000, 0x0000000085100000, 0x0000000085100000|100%| O|  |TAMS 0x0000000085100000, 0x0000000085000000| Untracked 
|  81|0x0000000085100000, 0x0000000085200000, 0x0000000085200000|100%| O|  |TAMS 0x0000000085100000, 0x0000000085100000| Untracked 
|  82|0x0000000085200000, 0x0000000085300000, 0x0000000085300000|100%| O|  |TAMS 0x0000000085300000, 0x0000000085200000| Untracked 
|  83|0x0000000085300000, 0x0000000085400000, 0x0000000085400000|100%| O|  |TAMS 0x0000000085400000, 0x0000000085300000| Untracked 
|  84|0x0000000085400000, 0x0000000085500000, 0x0000000085500000|100%| O|  |TAMS 0x0000000085400000, 0x0000000085400000| Untracked 
|  85|0x0000000085500000, 0x0000000085600000, 0x0000000085600000|100%| O|  |TAMS 0x0000000085600000, 0x0000000085500000| Untracked 
|  86|0x0000000085600000, 0x0000000085700000, 0x0000000085700000|100%| O|  |TAMS 0x0000000085700000, 0x0000000085600000| Untracked 
|  87|0x0000000085700000, 0x0000000085800000, 0x0000000085800000|100%| O|  |TAMS 0x0000000085800000, 0x0000000085700000| Untracked 
|  88|0x0000000085800000, 0x0000000085900000, 0x0000000085900000|100%| O|  |TAMS 0x0000000085900000, 0x0000000085800000| Untracked 
|  89|0x0000000085900000, 0x0000000085a00000, 0x0000000085a00000|100%| O|  |TAMS 0x0000000085a00000, 0x0000000085900000| Untracked 
|  90|0x0000000085a00000, 0x0000000085b00000, 0x0000000085b00000|100%| O|  |TAMS 0x0000000085b00000, 0x0000000085a00000| Untracked 
|  91|0x0000000085b00000, 0x0000000085c00000, 0x0000000085c00000|100%| O|  |TAMS 0x0000000085c00000, 0x0000000085b00000| Untracked 
|  92|0x0000000085c00000, 0x0000000085d00000, 0x0000000085d00000|100%| O|  |TAMS 0x0000000085c00000, 0x0000000085c00000| Untracked 
|  93|0x0000000085d00000, 0x0000000085e00000, 0x0000000085e00000|100%| O|  |TAMS 0x0000000085d00000, 0x0000000085d00000| Untracked 
|  94|0x0000000085e00000, 0x0000000085f00000, 0x0000000085f00000|100%|HS|  |TAMS 0x0000000085f00000, 0x0000000085e00000| Complete 
|  95|0x0000000085f00000, 0x0000000086000000, 0x0000000086000000|100%|HC|  |TAMS 0x0000000086000000, 0x0000000085f00000| Complete 
|  96|0x0000000086000000, 0x0000000086100000, 0x0000000086100000|100%|HC|  |TAMS 0x0000000086100000, 0x0000000086000000| Complete 
|  97|0x0000000086100000, 0x0000000086200000, 0x0000000086200000|100%|HC|  |TAMS 0x0000000086200000, 0x0000000086100000| Complete 
|  98|0x0000000086200000, 0x0000000086300000, 0x0000000086300000|100%| O|  |TAMS 0x0000000086300000, 0x0000000086200000| Untracked 
|  99|0x0000000086300000, 0x0000000086400000, 0x0000000086400000|100%| O|  |TAMS 0x0000000086400000, 0x0000000086300000| Untracked 
| 100|0x0000000086400000, 0x0000000086500000, 0x0000000086500000|100%| O|  |TAMS 0x0000000086500000, 0x0000000086400000| Untracked 
| 101|0x0000000086500000, 0x0000000086600000, 0x0000000086600000|100%|HS|  |TAMS 0x0000000086600000, 0x0000000086500000| Complete 
| 102|0x0000000086600000, 0x0000000086700000, 0x0000000086700000|100%|HC|  |TAMS 0x0000000086700000, 0x0000000086600000| Complete 
| 103|0x0000000086700000, 0x0000000086800000, 0x0000000086800000|100%| O|  |TAMS 0x0000000086700000, 0x0000000086700000| Untracked 
| 104|0x0000000086800000, 0x0000000086900000, 0x0000000086900000|100%| O|  |TAMS 0x0000000086800000, 0x0000000086800000| Untracked 
| 105|0x0000000086900000, 0x0000000086a00000, 0x0000000086a00000|100%| O|  |TAMS 0x0000000086a00000, 0x0000000086900000| Untracked 
| 106|0x0000000086a00000, 0x0000000086b00000, 0x0000000086b00000|100%| O|  |TAMS 0x0000000086b00000, 0x0000000086a00000| Untracked 
| 107|0x0000000086b00000, 0x0000000086c00000, 0x0000000086c00000|100%| O|  |TAMS 0x0000000086b00000, 0x0000000086b00000| Untracked 
| 108|0x0000000086c00000, 0x0000000086d00000, 0x0000000086d00000|100%| O|  |TAMS 0x0000000086c00000, 0x0000000086c00000| Untracked 
| 109|0x0000000086d00000, 0x0000000086e00000, 0x0000000086e00000|100%| O|  |TAMS 0x0000000086e00000, 0x0000000086d00000| Untracked 
| 110|0x0000000086e00000, 0x0000000086f00000, 0x0000000086f00000|100%| O|  |TAMS 0x0000000086f00000, 0x0000000086e00000| Untracked 
| 111|0x0000000086f00000, 0x0000000087000000, 0x0000000087000000|100%| O|  |TAMS 0x0000000087000000, 0x0000000086f00000| Untracked 
| 112|0x0000000087000000, 0x0000000087100000, 0x0000000087100000|100%| O|  |TAMS 0x0000000087000000, 0x0000000087000000| Untracked 
| 113|0x0000000087100000, 0x0000000087200000, 0x0000000087200000|100%| O|  |TAMS 0x0000000087100000, 0x0000000087100000| Untracked 
| 114|0x0000000087200000, 0x0000000087300000, 0x0000000087300000|100%| O|  |TAMS 0x0000000087300000, 0x0000000087200000| Untracked 
| 115|0x0000000087300000, 0x0000000087400000, 0x0000000087400000|100%| O|  |TAMS 0x0000000087400000, 0x0000000087300000| Untracked 
| 116|0x0000000087400000, 0x0000000087500000, 0x0000000087500000|100%| O|  |TAMS 0x0000000087500000, 0x0000000087400000| Untracked 
| 117|0x0000000087500000, 0x0000000087600000, 0x0000000087600000|100%|HS|  |TAMS 0x0000000087600000, 0x0000000087500000| Complete 
| 118|0x0000000087600000, 0x0000000087700000, 0x0000000087700000|100%|HC|  |TAMS 0x0000000087700000, 0x0000000087600000| Complete 
| 119|0x0000000087700000, 0x0000000087800000, 0x0000000087800000|100%|HC|  |TAMS 0x0000000087800000, 0x0000000087700000| Complete 
| 120|0x0000000087800000, 0x0000000087900000, 0x0000000087900000|100%| O|  |TAMS 0x0000000087900000, 0x0000000087800000| Untracked 
| 121|0x0000000087900000, 0x0000000087a00000, 0x0000000087a00000|100%| O|  |TAMS 0x0000000087a00000, 0x0000000087900000| Untracked 
| 122|0x0000000087a00000, 0x0000000087b00000, 0x0000000087b00000|100%| O|  |TAMS 0x0000000087b00000, 0x0000000087a00000| Untracked 
| 123|0x0000000087b00000, 0x0000000087c00000, 0x0000000087c00000|100%| O|  |TAMS 0x0000000087c00000, 0x0000000087b00000| Untracked 
| 124|0x0000000087c00000, 0x0000000087d00000, 0x0000000087d00000|100%| O|  |TAMS 0x0000000087d00000, 0x0000000087c00000| Untracked 
| 125|0x0000000087d00000, 0x0000000087e00000, 0x0000000087e00000|100%| O|  |TAMS 0x0000000087e00000, 0x0000000087d00000| Untracked 
| 126|0x0000000087e00000, 0x0000000087f00000, 0x0000000087f00000|100%| O|  |TAMS 0x0000000087f00000, 0x0000000087e00000| Untracked 
| 127|0x0000000087f00000, 0x0000000088000000, 0x0000000088000000|100%| O|  |TAMS 0x0000000088000000, 0x0000000087f00000| Untracked 
| 128|0x0000000088000000, 0x0000000088100000, 0x0000000088100000|100%| O|  |TAMS 0x0000000088100000, 0x0000000088000000| Untracked 
| 129|0x0000000088100000, 0x0000000088200000, 0x0000000088200000|100%| O|  |TAMS 0x0000000088200000, 0x0000000088100000| Untracked 
| 130|0x0000000088200000, 0x0000000088300000, 0x0000000088300000|100%| O|  |TAMS 0x0000000088300000, 0x0000000088200000| Untracked 
| 131|0x0000000088300000, 0x0000000088400000, 0x0000000088400000|100%| O|  |TAMS 0x0000000088400000, 0x0000000088300000| Untracked 
| 132|0x0000000088400000, 0x0000000088500000, 0x0000000088500000|100%| O|  |TAMS 0x0000000088500000, 0x0000000088400000| Untracked 
| 133|0x0000000088500000, 0x0000000088600000, 0x0000000088600000|100%| O|  |TAMS 0x0000000088600000, 0x0000000088500000| Untracked 
| 134|0x0000000088600000, 0x0000000088700000, 0x0000000088700000|100%| O|  |TAMS 0x0000000088700000, 0x0000000088600000| Untracked 
| 135|0x0000000088700000, 0x0000000088800000, 0x0000000088800000|100%| O|  |TAMS 0x0000000088800000, 0x0000000088700000| Untracked 
| 136|0x0000000088800000, 0x0000000088900000, 0x0000000088900000|100%| O|  |TAMS 0x0000000088900000, 0x0000000088800000| Untracked 
| 137|0x0000000088900000, 0x0000000088a00000, 0x0000000088a00000|100%|HS|  |TAMS 0x0000000088a00000, 0x0000000088900000| Complete 
| 138|0x0000000088a00000, 0x0000000088b00000, 0x0000000088b00000|100%|HC|  |TAMS 0x0000000088b00000, 0x0000000088a00000| Complete 
| 139|0x0000000088b00000, 0x0000000088c00000, 0x0000000088c00000|100%|HS|  |TAMS 0x0000000088c00000, 0x0000000088b00000| Complete 
| 140|0x0000000088c00000, 0x0000000088d00000, 0x0000000088d00000|100%|HC|  |TAMS 0x0000000088d00000, 0x0000000088c00000| Complete 
| 141|0x0000000088d00000, 0x0000000088e00000, 0x0000000088e00000|100%|HC|  |TAMS 0x0000000088e00000, 0x0000000088d00000| Complete 
| 142|0x0000000088e00000, 0x0000000088f00000, 0x0000000088f00000|100%|HS|  |TAMS 0x0000000088f00000, 0x0000000088e00000| Complete 
| 143|0x0000000088f00000, 0x0000000089000000, 0x0000000089000000|100%|HC|  |TAMS 0x0000000089000000, 0x0000000088f00000| Complete 
| 144|0x0000000089000000, 0x0000000089100000, 0x0000000089100000|100%|HC|  |TAMS 0x0000000089100000, 0x0000000089000000| Complete 
| 145|0x0000000089100000, 0x0000000089200000, 0x0000000089200000|100%|HC|  |TAMS 0x0000000089200000, 0x0000000089100000| Complete 
| 146|0x0000000089200000, 0x00000000892d2c00, 0x0000000089300000| 82%| O|  |TAMS 0x0000000089200000, 0x0000000089200000| Untracked 
| 147|0x0000000089300000, 0x0000000089400000, 0x0000000089400000|100%| O|  |TAMS 0x0000000089400000, 0x0000000089300000| Untracked 
| 148|0x0000000089400000, 0x0000000089500000, 0x0000000089500000|100%|HS|  |TAMS 0x0000000089500000, 0x0000000089400000| Complete 
| 149|0x0000000089500000, 0x0000000089600000, 0x0000000089600000|100%|HC|  |TAMS 0x0000000089600000, 0x0000000089500000| Complete 
| 150|0x0000000089600000, 0x0000000089700000, 0x0000000089700000|100%|HC|  |TAMS 0x0000000089700000, 0x0000000089600000| Complete 
| 151|0x0000000089700000, 0x0000000089800000, 0x0000000089800000|100%| O|  |TAMS 0x0000000089800000, 0x0000000089700000| Untracked 
| 152|0x0000000089800000, 0x0000000089900000, 0x0000000089900000|100%| O|  |TAMS 0x0000000089900000, 0x0000000089800000| Untracked 
| 153|0x0000000089900000, 0x0000000089a00000, 0x0000000089a00000|100%| O|  |TAMS 0x0000000089a00000, 0x0000000089900000| Untracked 
| 154|0x0000000089a00000, 0x0000000089b00000, 0x0000000089b00000|100%| O|  |TAMS 0x0000000089b00000, 0x0000000089a00000| Untracked 
| 155|0x0000000089b00000, 0x0000000089b00000, 0x0000000089c00000|  0%| F|  |TAMS 0x0000000089b00000, 0x0000000089b00000| Untracked 
| 156|0x0000000089c00000, 0x0000000089d00000, 0x0000000089d00000|100%| O|  |TAMS 0x0000000089d00000, 0x0000000089c00000| Untracked 
| 157|0x0000000089d00000, 0x0000000089e00000, 0x0000000089e00000|100%|HS|  |TAMS 0x0000000089e00000, 0x0000000089d00000| Complete 
| 158|0x0000000089e00000, 0x0000000089f00000, 0x0000000089f00000|100%|HC|  |TAMS 0x0000000089f00000, 0x0000000089e00000| Complete 
| 159|0x0000000089f00000, 0x000000008a000000, 0x000000008a000000|100%|HC|  |TAMS 0x000000008a000000, 0x0000000089f00000| Complete 
| 160|0x000000008a000000, 0x000000008a100000, 0x000000008a100000|100%|HC|  |TAMS 0x000000008a100000, 0x000000008a000000| Complete 
| 161|0x000000008a100000, 0x000000008a200000, 0x000000008a200000|100%| O|  |TAMS 0x000000008a200000, 0x000000008a100000| Untracked 
| 162|0x000000008a200000, 0x000000008a300000, 0x000000008a300000|100%| O|  |TAMS 0x000000008a300000, 0x000000008a200000| Untracked 
| 163|0x000000008a300000, 0x000000008a400000, 0x000000008a400000|100%| O|  |TAMS 0x000000008a400000, 0x000000008a300000| Untracked 
| 164|0x000000008a400000, 0x000000008a500000, 0x000000008a500000|100%| O|  |TAMS 0x000000008a500000, 0x000000008a400000| Untracked 
| 165|0x000000008a500000, 0x000000008a600000, 0x000000008a600000|100%| O|  |TAMS 0x000000008a600000, 0x000000008a500000| Untracked 
| 166|0x000000008a600000, 0x000000008a700000, 0x000000008a700000|100%| O|  |TAMS 0x000000008a700000, 0x000000008a600000| Untracked 
| 167|0x000000008a700000, 0x000000008a800000, 0x000000008a800000|100%| O|  |TAMS 0x000000008a800000, 0x000000008a700000| Untracked 
| 168|0x000000008a800000, 0x000000008a800000, 0x000000008a900000|  0%| F|  |TAMS 0x000000008a800000, 0x000000008a800000| Untracked 
| 169|0x000000008a900000, 0x000000008aa00000, 0x000000008aa00000|100%| O|  |TAMS 0x000000008aa00000, 0x000000008a900000| Untracked 
| 170|0x000000008aa00000, 0x000000008ab00000, 0x000000008ab00000|100%| O|  |TAMS 0x000000008ab00000, 0x000000008aa00000| Untracked 
| 171|0x000000008ab00000, 0x000000008ac00000, 0x000000008ac00000|100%| O|  |TAMS 0x000000008ac00000, 0x000000008ab00000| Untracked 
| 172|0x000000008ac00000, 0x000000008ad00000, 0x000000008ad00000|100%| O|  |TAMS 0x000000008ad00000, 0x000000008ac00000| Untracked 
| 173|0x000000008ad00000, 0x000000008ae00000, 0x000000008ae00000|100%| O|  |TAMS 0x000000008ae00000, 0x000000008ad00000| Untracked 
| 174|0x000000008ae00000, 0x000000008af00000, 0x000000008af00000|100%| O|  |TAMS 0x000000008af00000, 0x000000008ae00000| Untracked 
| 175|0x000000008af00000, 0x000000008b000000, 0x000000008b000000|100%| O|  |TAMS 0x000000008b000000, 0x000000008af00000| Untracked 
| 176|0x000000008b000000, 0x000000008b100000, 0x000000008b100000|100%| O|  |TAMS 0x000000008b100000, 0x000000008b000000| Untracked 
| 177|0x000000008b100000, 0x000000008b200000, 0x000000008b200000|100%|HS|  |TAMS 0x000000008b200000, 0x000000008b100000| Complete 
| 178|0x000000008b200000, 0x000000008b300000, 0x000000008b300000|100%| O|  |TAMS 0x000000008b300000, 0x000000008b200000| Untracked 
| 179|0x000000008b300000, 0x000000008b400000, 0x000000008b400000|100%| O|  |TAMS 0x000000008b400000, 0x000000008b300000| Untracked 
| 180|0x000000008b400000, 0x000000008b500000, 0x000000008b500000|100%| O|  |TAMS 0x000000008b500000, 0x000000008b400000| Untracked 
| 181|0x000000008b500000, 0x000000008b600000, 0x000000008b600000|100%| O|  |TAMS 0x000000008b600000, 0x000000008b500000| Untracked 
| 182|0x000000008b600000, 0x000000008b700000, 0x000000008b700000|100%| O|  |TAMS 0x000000008b700000, 0x000000008b600000| Untracked 
| 183|0x000000008b700000, 0x000000008b700000, 0x000000008b800000|  0%| F|  |TAMS 0x000000008b700000, 0x000000008b700000| Untracked 
| 184|0x000000008b800000, 0x000000008b900000, 0x000000008b900000|100%| O|  |TAMS 0x000000008b900000, 0x000000008b800000| Untracked 
| 185|0x000000008b900000, 0x000000008b900000, 0x000000008ba00000|  0%| F|  |TAMS 0x000000008b900000, 0x000000008b900000| Untracked 
| 186|0x000000008ba00000, 0x000000008bb00000, 0x000000008bb00000|100%| O|  |TAMS 0x000000008bb00000, 0x000000008ba00000| Untracked 
| 187|0x000000008bb00000, 0x000000008bc00000, 0x000000008bc00000|100%| O|  |TAMS 0x000000008bc00000, 0x000000008bb00000| Untracked 
| 188|0x000000008bc00000, 0x000000008bd00000, 0x000000008bd00000|100%| O|  |TAMS 0x000000008bd00000, 0x000000008bc00000| Untracked 
| 189|0x000000008bd00000, 0x000000008be00000, 0x000000008be00000|100%| O|  |TAMS 0x000000008be00000, 0x000000008bd00000| Untracked 
| 190|0x000000008be00000, 0x000000008bf00000, 0x000000008bf00000|100%| O|  |TAMS 0x000000008bf00000, 0x000000008be00000| Untracked 
| 191|0x000000008bf00000, 0x000000008bf00000, 0x000000008c000000|  0%| F|  |TAMS 0x000000008bf00000, 0x000000008bf00000| Untracked 
| 192|0x000000008c000000, 0x000000008c000000, 0x000000008c100000|  0%| F|  |TAMS 0x000000008c000000, 0x000000008c000000| Untracked 
| 193|0x000000008c100000, 0x000000008c100000, 0x000000008c200000|  0%| F|  |TAMS 0x000000008c100000, 0x000000008c100000| Untracked 
| 194|0x000000008c200000, 0x000000008c200000, 0x000000008c300000|  0%| F|  |TAMS 0x000000008c200000, 0x000000008c200000| Untracked 
| 195|0x000000008c300000, 0x000000008c300000, 0x000000008c400000|  0%| F|  |TAMS 0x000000008c300000, 0x000000008c300000| Untracked 
| 196|0x000000008c400000, 0x000000008c400000, 0x000000008c500000|  0%| F|  |TAMS 0x000000008c400000, 0x000000008c400000| Untracked 
| 197|0x000000008c500000, 0x000000008c500000, 0x000000008c600000|  0%| F|  |TAMS 0x000000008c500000, 0x000000008c500000| Untracked 
| 198|0x000000008c600000, 0x000000008c600000, 0x000000008c700000|  0%| F|  |TAMS 0x000000008c600000, 0x000000008c600000| Untracked 
| 199|0x000000008c700000, 0x000000008c800000, 0x000000008c800000|100%| O|  |TAMS 0x000000008c800000, 0x000000008c700000| Untracked 
| 200|0x000000008c800000, 0x000000008c900000, 0x000000008c900000|100%| O|  |TAMS 0x000000008c900000, 0x000000008c800000| Untracked 
| 201|0x000000008c900000, 0x000000008ca00000, 0x000000008ca00000|100%| O|  |TAMS 0x000000008ca00000, 0x000000008c900000| Untracked 
| 202|0x000000008ca00000, 0x000000008cb00000, 0x000000008cb00000|100%| O|  |TAMS 0x000000008cb00000, 0x000000008ca00000| Untracked 
| 203|0x000000008cb00000, 0x000000008cc00000, 0x000000008cc00000|100%| O|  |TAMS 0x000000008cc00000, 0x000000008cb00000| Untracked 
| 204|0x000000008cc00000, 0x000000008cd00000, 0x000000008cd00000|100%| O|  |TAMS 0x000000008cd00000, 0x000000008cc00000| Untracked 
| 205|0x000000008cd00000, 0x000000008ce00000, 0x000000008ce00000|100%| O|  |TAMS 0x000000008ce00000, 0x000000008cd00000| Untracked 
| 206|0x000000008ce00000, 0x000000008cf00000, 0x000000008cf00000|100%| O|  |TAMS 0x000000008cf00000, 0x000000008ce00000| Untracked 
| 207|0x000000008cf00000, 0x000000008cf00000, 0x000000008d000000|  0%| F|  |TAMS 0x000000008cf00000, 0x000000008cf00000| Untracked 
| 208|0x000000008d000000, 0x000000008d000000, 0x000000008d100000|  0%| F|  |TAMS 0x000000008d000000, 0x000000008d000000| Untracked 
| 209|0x000000008d100000, 0x000000008d100000, 0x000000008d200000|  0%| F|  |TAMS 0x000000008d100000, 0x000000008d100000| Untracked 
| 210|0x000000008d200000, 0x000000008d200000, 0x000000008d300000|  0%| F|  |TAMS 0x000000008d200000, 0x000000008d200000| Untracked 
| 211|0x000000008d300000, 0x000000008d300000, 0x000000008d400000|  0%| F|  |TAMS 0x000000008d300000, 0x000000008d300000| Untracked 
| 212|0x000000008d400000, 0x000000008d400000, 0x000000008d500000|  0%| F|  |TAMS 0x000000008d400000, 0x000000008d400000| Untracked 
| 213|0x000000008d500000, 0x000000008d500000, 0x000000008d600000|  0%| F|  |TAMS 0x000000008d500000, 0x000000008d500000| Untracked 
| 214|0x000000008d600000, 0x000000008d600000, 0x000000008d700000|  0%| F|  |TAMS 0x000000008d600000, 0x000000008d600000| Untracked 
| 215|0x000000008d700000, 0x000000008d700000, 0x000000008d800000|  0%| F|  |TAMS 0x000000008d700000, 0x000000008d700000| Untracked 
| 216|0x000000008d800000, 0x000000008d800000, 0x000000008d900000|  0%| F|  |TAMS 0x000000008d800000, 0x000000008d800000| Untracked 
| 217|0x000000008d900000, 0x000000008d900000, 0x000000008da00000|  0%| F|  |TAMS 0x000000008d900000, 0x000000008d900000| Untracked 
| 218|0x000000008da00000, 0x000000008da00000, 0x000000008db00000|  0%| F|  |TAMS 0x000000008da00000, 0x000000008da00000| Untracked 
| 219|0x000000008db00000, 0x000000008db00000, 0x000000008dc00000|  0%| F|  |TAMS 0x000000008db00000, 0x000000008db00000| Untracked 
| 220|0x000000008dc00000, 0x000000008dd00000, 0x000000008dd00000|100%| O|  |TAMS 0x000000008dd00000, 0x000000008dc00000| Untracked 
| 221|0x000000008dd00000, 0x000000008de00000, 0x000000008de00000|100%| O|  |TAMS 0x000000008de00000, 0x000000008dd00000| Untracked 
| 222|0x000000008de00000, 0x000000008df00000, 0x000000008df00000|100%| O|  |TAMS 0x000000008df00000, 0x000000008de00000| Untracked 
| 223|0x000000008df00000, 0x000000008e000000, 0x000000008e000000|100%| O|  |TAMS 0x000000008e000000, 0x000000008df00000| Untracked 
| 224|0x000000008e000000, 0x000000008e100000, 0x000000008e100000|100%| O|  |TAMS 0x000000008e100000, 0x000000008e000000| Untracked 
| 225|0x000000008e100000, 0x000000008e100000, 0x000000008e200000|  0%| F|  |TAMS 0x000000008e100000, 0x000000008e100000| Untracked 
| 226|0x000000008e200000, 0x000000008e200000, 0x000000008e300000|  0%| F|  |TAMS 0x000000008e200000, 0x000000008e200000| Untracked 
| 227|0x000000008e300000, 0x000000008e300000, 0x000000008e400000|  0%| F|  |TAMS 0x000000008e300000, 0x000000008e300000| Untracked 
| 228|0x000000008e400000, 0x000000008e400000, 0x000000008e500000|  0%| F|  |TAMS 0x000000008e400000, 0x000000008e400000| Untracked 
| 229|0x000000008e500000, 0x000000008e500000, 0x000000008e600000|  0%| F|  |TAMS 0x000000008e500000, 0x000000008e500000| Untracked 
| 230|0x000000008e600000, 0x000000008e600000, 0x000000008e700000|  0%| F|  |TAMS 0x000000008e600000, 0x000000008e600000| Untracked 
| 231|0x000000008e700000, 0x000000008e700000, 0x000000008e800000|  0%| F|  |TAMS 0x000000008e700000, 0x000000008e700000| Untracked 
| 232|0x000000008e800000, 0x000000008e800000, 0x000000008e900000|  0%| F|  |TAMS 0x000000008e800000, 0x000000008e800000| Untracked 
| 233|0x000000008e900000, 0x000000008e900000, 0x000000008ea00000|  0%| F|  |TAMS 0x000000008e900000, 0x000000008e900000| Untracked 
| 234|0x000000008ea00000, 0x000000008ea00000, 0x000000008eb00000|  0%| F|  |TAMS 0x000000008ea00000, 0x000000008ea00000| Untracked 
| 235|0x000000008eb00000, 0x000000008eb00000, 0x000000008ec00000|  0%| F|  |TAMS 0x000000008eb00000, 0x000000008eb00000| Untracked 
| 236|0x000000008ec00000, 0x000000008ec00000, 0x000000008ed00000|  0%| F|  |TAMS 0x000000008ec00000, 0x000000008ec00000| Untracked 
| 237|0x000000008ed00000, 0x000000008ed00000, 0x000000008ee00000|  0%| F|  |TAMS 0x000000008ed00000, 0x000000008ed00000| Untracked 
| 238|0x000000008ee00000, 0x000000008ee00000, 0x000000008ef00000|  0%| F|  |TAMS 0x000000008ee00000, 0x000000008ee00000| Untracked 
| 239|0x000000008ef00000, 0x000000008ef00000, 0x000000008f000000|  0%| F|  |TAMS 0x000000008ef00000, 0x000000008ef00000| Untracked 
| 240|0x000000008f000000, 0x000000008f000000, 0x000000008f100000|  0%| F|  |TAMS 0x000000008f000000, 0x000000008f000000| Untracked 
| 241|0x000000008f100000, 0x000000008f100000, 0x000000008f200000|  0%| F|  |TAMS 0x000000008f100000, 0x000000008f100000| Untracked 
| 242|0x000000008f200000, 0x000000008f200000, 0x000000008f300000|  0%| F|  |TAMS 0x000000008f200000, 0x000000008f200000| Untracked 
| 243|0x000000008f300000, 0x000000008f300000, 0x000000008f400000|  0%| F|  |TAMS 0x000000008f300000, 0x000000008f300000| Untracked 
| 244|0x000000008f400000, 0x000000008f400000, 0x000000008f500000|  0%| F|  |TAMS 0x000000008f400000, 0x000000008f400000| Untracked 
| 245|0x000000008f500000, 0x000000008f500000, 0x000000008f600000|  0%| F|  |TAMS 0x000000008f500000, 0x000000008f500000| Untracked 
| 246|0x000000008f600000, 0x000000008f600000, 0x000000008f700000|  0%| F|  |TAMS 0x000000008f600000, 0x000000008f600000| Untracked 
| 247|0x000000008f700000, 0x000000008f700000, 0x000000008f800000|  0%| F|  |TAMS 0x000000008f700000, 0x000000008f700000| Untracked 
| 248|0x000000008f800000, 0x000000008f800000, 0x000000008f900000|  0%| F|  |TAMS 0x000000008f800000, 0x000000008f800000| Untracked 
| 249|0x000000008f900000, 0x000000008f98feb0, 0x000000008fa00000| 56%| S|CS|TAMS 0x000000008f900000, 0x000000008f900000| Complete 
| 250|0x000000008fa00000, 0x000000008fa00000, 0x000000008fb00000|  0%| F|  |TAMS 0x000000008fa00000, 0x000000008fa00000| Untracked 
| 251|0x000000008fb00000, 0x000000008fb00000, 0x000000008fc00000|  0%| F|  |TAMS 0x000000008fb00000, 0x000000008fb00000| Untracked 
| 252|0x000000008fc00000, 0x000000008fc00000, 0x000000008fd00000|  0%| F|  |TAMS 0x000000008fc00000, 0x000000008fc00000| Untracked 
| 253|0x000000008fd00000, 0x000000008fd00000, 0x000000008fe00000|  0%| F|  |TAMS 0x000000008fd00000, 0x000000008fd00000| Untracked 
| 254|0x000000008fe00000, 0x000000008fe00000, 0x000000008ff00000|  0%| F|  |TAMS 0x000000008fe00000, 0x000000008fe00000| Untracked 
| 255|0x000000008ff00000, 0x000000008ff00000, 0x0000000090000000|  0%| F|  |TAMS 0x000000008ff00000, 0x000000008ff00000| Untracked 
| 256|0x0000000090000000, 0x0000000090000000, 0x0000000090100000|  0%| F|  |TAMS 0x0000000090000000, 0x0000000090000000| Untracked 
| 257|0x0000000090100000, 0x0000000090100000, 0x0000000090200000|  0%| F|  |TAMS 0x0000000090100000, 0x0000000090100000| Untracked 
| 258|0x0000000090200000, 0x0000000090200000, 0x0000000090300000|  0%| F|  |TAMS 0x0000000090200000, 0x0000000090200000| Untracked 
| 259|0x0000000090300000, 0x0000000090300000, 0x0000000090400000|  0%| F|  |TAMS 0x0000000090300000, 0x0000000090300000| Untracked 
| 260|0x0000000090400000, 0x0000000090400000, 0x0000000090500000|  0%| F|  |TAMS 0x0000000090400000, 0x0000000090400000| Untracked 
| 261|0x0000000090500000, 0x0000000090500000, 0x0000000090600000|  0%| F|  |TAMS 0x0000000090500000, 0x0000000090500000| Untracked 
| 262|0x0000000090600000, 0x0000000090600000, 0x0000000090700000|  0%| F|  |TAMS 0x0000000090600000, 0x0000000090600000| Untracked 
| 263|0x0000000090700000, 0x0000000090700000, 0x0000000090800000|  0%| F|  |TAMS 0x0000000090700000, 0x0000000090700000| Untracked 
| 264|0x0000000090800000, 0x0000000090800000, 0x0000000090900000|  0%| F|  |TAMS 0x0000000090800000, 0x0000000090800000| Untracked 
| 265|0x0000000090900000, 0x0000000090900000, 0x0000000090a00000|  0%| F|  |TAMS 0x0000000090900000, 0x0000000090900000| Untracked 
| 266|0x0000000090a00000, 0x0000000090a00000, 0x0000000090b00000|  0%| F|  |TAMS 0x0000000090a00000, 0x0000000090a00000| Untracked 
| 267|0x0000000090b00000, 0x0000000090b00000, 0x0000000090c00000|  0%| F|  |TAMS 0x0000000090b00000, 0x0000000090b00000| Untracked 
| 268|0x0000000090c00000, 0x0000000090c00000, 0x0000000090d00000|  0%| F|  |TAMS 0x0000000090c00000, 0x0000000090c00000| Untracked 
| 269|0x0000000090d00000, 0x0000000090d00000, 0x0000000090e00000|  0%| F|  |TAMS 0x0000000090d00000, 0x0000000090d00000| Untracked 
| 270|0x0000000090e00000, 0x0000000090e00000, 0x0000000090f00000|  0%| F|  |TAMS 0x0000000090e00000, 0x0000000090e00000| Untracked 

Card table byte_map: [0x0000016d1f040000,0x0000016d1f440000] _byte_map_base: 0x0000016d1ec40000

Marking Bits (Prev, Next): (CMBitMap*) 0x0000016d0b71d7f8, (CMBitMap*) 0x0000016d0b71d830
 Prev Bits: [0x0000016d1f840000, 0x0000016d21840000)
 Next Bits: [0x0000016d21840000, 0x0000016d23840000)

Polling page: 0x0000016d09eb0000

Metaspace:

Usage:
  Non-class:    132.53 MB capacity,   129.84 MB ( 98%) used,     2.19 MB (  2%) free+waste,   507.31 KB ( <1%) overhead. 
      Class:     19.98 MB capacity,    18.40 MB ( 92%) used,     1.35 MB (  7%) free+waste,   227.00 KB (  1%) overhead. 
       Both:    152.50 MB capacity,   148.24 MB ( 97%) used,     3.55 MB (  2%) free+waste,   734.31 KB ( <1%) overhead. 

Virtual space:
  Non-class space:      134.00 MB reserved,     132.59 MB ( 99%) committed 
      Class space:        1.00 GB reserved,      20.07 MB (  2%) committed 
             Both:        1.13 GB reserved,     152.66 MB ( 13%) committed 

Chunk freelists:
   Non-Class:  3.00 KB
       Class:  25.00 KB
        Both:  28.00 KB

MaxMetaspaceSize: 17179869184.00 GB
CompressedClassSpaceSize: 1.00 GB

CodeHeap 'non-profiled nmethods': size=120000Kb used=13107Kb max_used=13107Kb free=106892Kb
 bounds [0x0000016d16cb0000, 0x0000016d17990000, 0x0000016d1e1e0000]
CodeHeap 'profiled nmethods': size=120000Kb used=49137Kb max_used=49137Kb free=70862Kb
 bounds [0x0000016d0f780000, 0x0000016d127a0000, 0x0000016d16cb0000]
CodeHeap 'non-nmethods': size=5760Kb used=2429Kb max_used=2484Kb free=3331Kb
 bounds [0x0000016d0f1e0000, 0x0000016d0f460000, 0x0000016d0f780000]
 total_blobs=23186 nmethods=22131 adapters=964
 compilation: enabled
              stopped_count=0, restarted_count=0
 full_count=0

Compilation events (20 events):
Event: 128.053 Thread 0x0000016d26327800 nmethod 24942 0x0000016d173ffe90 code [0x0000016d17400020, 0x0000016d17400198]
Event: 128.053 Thread 0x0000016d26327800 24727 %     4       java.io.ObjectStreamClass$FieldReflector::setObjFieldValues @ 18 (259 bytes)
Event: 128.057 Thread 0x0000016d26335800 25003       2       org.codehaus.stax2.ri.evt.StartDocumentEventImpl::<init> (107 bytes)
Event: 128.058 Thread 0x0000016d26335800 nmethod 25003 0x0000016d12798490 code [0x0000016d127986a0, 0x0000016d12798aa8]
Event: 128.058 Thread 0x0000016d26335800 25004       2       kotlin.collections.MapsKt__MapsKt::putAll (64 bytes)
Event: 128.058 Thread 0x0000016d26335800 nmethod 25004 0x0000016d12798c90 code [0x0000016d12798ee0, 0x0000016d127993a8]
Event: 128.065 Thread 0x0000016d26335800 25006       2       org.gradle.internal.logging.slf4j.OutputEventListenerBackedLogger::isEnabled (6 bytes)
Event: 128.065 Thread 0x0000016d26335800 nmethod 25006 0x0000016d12799710 code [0x0000016d127998c0, 0x0000016d12799a48]
Event: 128.077 Thread 0x0000016d26335800 25008       2       com.android.aapt.Resources$Plural::getSerializedSize (72 bytes)
Event: 128.077 Thread 0x0000016d26335800 nmethod 25008 0x0000016d12799b90 code [0x0000016d12799da0, 0x0000016d1279a0b8]
Event: 128.082 Thread 0x0000016d26327800 nmethod 24727% 0x0000016d17408410 code [0x0000016d174085c0, 0x0000016d17409038]
Event: 128.082 Thread 0x0000016d26327800 25005       4       com.ctc.wstx.sr.BasicStreamReader::readEndElem (537 bytes)
Event: 128.103 Thread 0x0000016d26335800 25009       2       com.ctc.wstx.sr.BasicStreamReader::readTextSecondary (610 bytes)
Event: 128.105 Thread 0x0000016d26335800 nmethod 25009 0x0000016d1279a290 code [0x0000016d1279a540, 0x0000016d1279b2d8]
Event: 128.105 Thread 0x0000016d26335800 25010       2       com.android.build.gradle.internal.res.ResourceCompilerRunnable$Companion::compileSingleResource (71 bytes)
Event: 128.106 Thread 0x0000016d26335800 nmethod 25010 0x0000016d1279bb90 code [0x0000016d1279be00, 0x0000016d1279c3e8]
Event: 128.110 Thread 0x0000016d26335800 25012  s    2       com.android.manifmerger.XmlDocument::getRootNode (40 bytes)
Event: 128.111 Thread 0x0000016d26335800 nmethod 25012 0x0000016d1279c790 code [0x0000016d1279c960, 0x0000016d1279cd48]
Event: 128.113 Thread 0x0000016d26327800 nmethod 25005 0x0000016d17432710 code [0x0000016d17432940, 0x0000016d17433728]
Event: 128.113 Thread 0x0000016d26327800 24729       4       java.io.ObjectInputStream::defaultReadFields (188 bytes)

GC Heap History (20 events):
Event: 125.907 GC heap after
{Heap after GC invocations=122 (full 0):
 garbage-first heap   total 230400K, used 190646K [0x0000000080000000, 0x0000000100000000)
  region size 1024K, 1 young (1024K), 1 survivors (1024K)
 Metaspace       used 151575K, capacity 155945K, committed 156068K, reserved 1185792K
  class space    used 18838K, capacity 20450K, committed 20556K, reserved 1048576K
}
Event: 126.116 GC heap before
{Heap before GC invocations=122 (full 0):
 garbage-first heap   total 230400K, used 199862K [0x0000000080000000, 0x0000000100000000)
  region size 1024K, 11 young (11264K), 1 survivors (1024K)
 Metaspace       used 151575K, capacity 155945K, committed 156068K, reserved 1185792K
  class space    used 18838K, capacity 20450K, committed 20556K, reserved 1048576K
}
Event: 126.119 GC heap after
{Heap after GC invocations=123 (full 0):
 garbage-first heap   total 230400K, used 190679K [0x0000000080000000, 0x0000000100000000)
  region size 1024K, 1 young (1024K), 1 survivors (1024K)
 Metaspace       used 151575K, capacity 155945K, committed 156068K, reserved 1185792K
  class space    used 18838K, capacity 20450K, committed 20556K, reserved 1048576K
}
Event: 126.224 GC heap before
{Heap before GC invocations=123 (full 0):
 garbage-first heap   total 230400K, used 200919K [0x0000000080000000, 0x0000000100000000)
  region size 1024K, 11 young (11264K), 1 survivors (1024K)
 Metaspace       used 151576K, capacity 155945K, committed 156068K, reserved 1185792K
  class space    used 18838K, capacity 20450K, committed 20556K, reserved 1048576K
}
Event: 126.228 GC heap after
{Heap after GC invocations=124 (full 0):
 garbage-first heap   total 230400K, used 190659K [0x0000000080000000, 0x0000000100000000)
  region size 1024K, 1 young (1024K), 1 survivors (1024K)
 Metaspace       used 151576K, capacity 155945K, committed 156068K, reserved 1185792K
  class space    used 18838K, capacity 20450K, committed 20556K, reserved 1048576K
}
Event: 126.291 GC heap before
{Heap before GC invocations=124 (full 0):
 garbage-first heap   total 230400K, used 200899K [0x0000000080000000, 0x0000000100000000)
  region size 1024K, 11 young (11264K), 1 survivors (1024K)
 Metaspace       used 151576K, capacity 155945K, committed 156068K, reserved 1185792K
  class space    used 18838K, capacity 20450K, committed 20556K, reserved 1048576K
}
Event: 126.293 GC heap after
{Heap after GC invocations=125 (full 0):
 garbage-first heap   total 230400K, used 190664K [0x0000000080000000, 0x0000000100000000)
  region size 1024K, 1 young (1024K), 1 survivors (1024K)
 Metaspace       used 151576K, capacity 155945K, committed 156068K, reserved 1185792K
  class space    used 18838K, capacity 20450K, committed 20556K, reserved 1048576K
}
Event: 126.345 GC heap before
{Heap before GC invocations=125 (full 0):
 garbage-first heap   total 230400K, used 200904K [0x0000000080000000, 0x0000000100000000)
  region size 1024K, 11 young (11264K), 1 survivors (1024K)
 Metaspace       used 151576K, capacity 155945K, committed 156068K, reserved 1185792K
  class space    used 18838K, capacity 20450K, committed 20556K, reserved 1048576K
}
Event: 126.349 GC heap after
{Heap after GC invocations=126 (full 0):
 garbage-first heap   total 230400K, used 190644K [0x0000000080000000, 0x0000000100000000)
  region size 1024K, 1 young (1024K), 1 survivors (1024K)
 Metaspace       used 151576K, capacity 155945K, committed 156068K, reserved 1185792K
  class space    used 18838K, capacity 20450K, committed 20556K, reserved 1048576K
}
Event: 126.557 GC heap before
{Heap before GC invocations=127 (full 0):
 garbage-first heap   total 230400K, used 200884K [0x0000000080000000, 0x0000000100000000)
  region size 1024K, 11 young (11264K), 1 survivors (1024K)
 Metaspace       used 151591K, capacity 155945K, committed 156068K, reserved 1185792K
  class space    used 18838K, capacity 20450K, committed 20556K, reserved 1048576K
}
Event: 126.563 GC heap after
{Heap after GC invocations=128 (full 0):
 garbage-first heap   total 230400K, used 194010K [0x0000000080000000, 0x0000000100000000)
  region size 1024K, 2 young (2048K), 2 survivors (2048K)
 Metaspace       used 151591K, capacity 155945K, committed 156068K, reserved 1185792K
  class space    used 18838K, capacity 20450K, committed 20556K, reserved 1048576K
}
Event: 126.796 GC heap before
{Heap before GC invocations=128 (full 0):
 garbage-first heap   total 230400K, used 217562K [0x0000000080000000, 0x0000000100000000)
  region size 1024K, 11 young (11264K), 2 survivors (2048K)
 Metaspace       used 151640K, capacity 156009K, committed 156324K, reserved 1185792K
  class space    used 18838K, capacity 20450K, committed 20556K, reserved 1048576K
}
Event: 126.811 GC heap after
{Heap after GC invocations=129 (full 0):
 garbage-first heap   total 277504K, used 195296K [0x0000000080000000, 0x0000000100000000)
  region size 1024K, 2 young (2048K), 2 survivors (2048K)
 Metaspace       used 151640K, capacity 156009K, committed 156324K, reserved 1185792K
  class space    used 18838K, capacity 20450K, committed 20556K, reserved 1048576K
}
Event: 127.120 GC heap before
{Heap before GC invocations=129 (full 0):
 garbage-first heap   total 277504K, used 219872K [0x0000000080000000, 0x0000000100000000)
  region size 1024K, 26 young (26624K), 2 survivors (2048K)
 Metaspace       used 151678K, capacity 156080K, committed 156324K, reserved 1185792K
  class space    used 18839K, capacity 20451K, committed 20556K, reserved 1048576K
}
Event: 127.126 GC heap after
{Heap after GC invocations=130 (full 0):
 garbage-first heap   total 277504K, used 199269K [0x0000000080000000, 0x0000000100000000)
  region size 1024K, 4 young (4096K), 4 survivors (4096K)
 Metaspace       used 151678K, capacity 156080K, committed 156324K, reserved 1185792K
  class space    used 18839K, capacity 20451K, committed 20556K, reserved 1048576K
}
Event: 127.452 GC heap before
{Heap before GC invocations=130 (full 0):
 garbage-first heap   total 277504K, used 223845K [0x0000000080000000, 0x0000000100000000)
  region size 1024K, 28 young (28672K), 4 survivors (4096K)
 Metaspace       used 151706K, capacity 156087K, committed 156324K, reserved 1185792K
  class space    used 18841K, capacity 20453K, committed 20556K, reserved 1048576K
}
Event: 127.460 GC heap after
{Heap after GC invocations=131 (full 0):
 garbage-first heap   total 277504K, used 202629K [0x0000000080000000, 0x0000000100000000)
  region size 1024K, 4 young (4096K), 4 survivors (4096K)
 Metaspace       used 151706K, capacity 156087K, committed 156324K, reserved 1185792K
  class space    used 18841K, capacity 20453K, committed 20556K, reserved 1048576K
}
Event: 127.623 GC heap before
{Heap before GC invocations=131 (full 0):
 garbage-first heap   total 277504K, used 226181K [0x0000000080000000, 0x0000000100000000)
  region size 1024K, 27 young (27648K), 4 survivors (4096K)
 Metaspace       used 151726K, capacity 156151K, committed 156324K, reserved 1185792K
  class space    used 18841K, capacity 20453K, committed 20556K, reserved 1048576K
}
Event: 127.635 GC heap after
{Heap after GC invocations=132 (full 0):
 garbage-first heap   total 277504K, used 208277K [0x0000000080000000, 0x0000000100000000)
  region size 1024K, 4 young (4096K), 4 survivors (4096K)
 Metaspace       used 151726K, capacity 156151K, committed 156324K, reserved 1185792K
  class space    used 18841K, capacity 20453K, committed 20556K, reserved 1048576K
}
Event: 128.115 GC heap before
{Heap before GC invocations=132 (full 0):
 garbage-first heap   total 277504K, used 229781K [0x0000000080000000, 0x0000000100000000)
  region size 1024K, 25 young (25600K), 4 survivors (4096K)
 Metaspace       used 151797K, capacity 156164K, committed 156324K, reserved 1185792K
  class space    used 18842K, capacity 20455K, committed 20556K, reserved 1048576K
}

Deoptimization events (20 events):
Event: 127.987 Thread 0x0000016d291c4000 DEOPT PACKING pc=0x0000016d12643f48 sp=0x00000015df7fca40
Event: 127.987 Thread 0x0000016d291c4000 DEOPT UNPACKING pc=0x0000016d0f207c0e sp=0x00000015df7fbf28 mode 0
Event: 127.990 Thread 0x0000016d291c8000 DEOPT PACKING pc=0x0000016d12643f48 sp=0x00000015dfdfd210
Event: 127.990 Thread 0x0000016d291c8000 DEOPT UNPACKING pc=0x0000016d0f207c0e sp=0x00000015dfdfc6f8 mode 0
Event: 127.992 Thread 0x0000016d291c8000 DEOPT PACKING pc=0x0000016d12643f48 sp=0x00000015dfdfcdd0
Event: 127.992 Thread 0x0000016d291c8000 DEOPT UNPACKING pc=0x0000016d0f207c0e sp=0x00000015dfdfc2b8 mode 0
Event: 127.994 Thread 0x0000016d291c8000 DEOPT PACKING pc=0x0000016d12643f48 sp=0x00000015dfdfc740
Event: 127.994 Thread 0x0000016d291c8000 DEOPT UNPACKING pc=0x0000016d0f207c0e sp=0x00000015dfdfbc28 mode 0
Event: 127.995 Thread 0x0000016d291c8000 DEOPT PACKING pc=0x0000016d12643f48 sp=0x00000015dfdfc370
Event: 127.995 Thread 0x0000016d291c8000 DEOPT UNPACKING pc=0x0000016d0f207c0e sp=0x00000015dfdfb858 mode 0
Event: 127.998 Thread 0x0000016d291c6800 DEOPT PACKING pc=0x0000016d12643f48 sp=0x00000015dfcfd590
Event: 127.998 Thread 0x0000016d291c6800 DEOPT UNPACKING pc=0x0000016d0f207c0e sp=0x00000015dfcfca78 mode 0
Event: 128.008 Thread 0x0000016d291c6800 DEOPT PACKING pc=0x0000016d12643f48 sp=0x00000015dfcfd590
Event: 128.008 Thread 0x0000016d291c6800 DEOPT UNPACKING pc=0x0000016d0f207c0e sp=0x00000015dfcfca78 mode 0
Event: 128.025 Thread 0x0000016d291c8000 DEOPT PACKING pc=0x0000016d12643f48 sp=0x00000015dfdfd210
Event: 128.025 Thread 0x0000016d291c8000 DEOPT UNPACKING pc=0x0000016d0f207c0e sp=0x00000015dfdfc6f8 mode 0
Event: 128.027 Thread 0x0000016d291c6800 DEOPT PACKING pc=0x0000016d12643f48 sp=0x00000015dfcfd130
Event: 128.027 Thread 0x0000016d291c6800 DEOPT UNPACKING pc=0x0000016d0f207c0e sp=0x00000015dfcfc618 mode 0
Event: 128.037 Thread 0x0000016d291c8000 DEOPT PACKING pc=0x0000016d12643f48 sp=0x00000015dfdfc530
Event: 128.037 Thread 0x0000016d291c8000 DEOPT UNPACKING pc=0x0000016d0f207c0e sp=0x00000015dfdfba18 mode 0

Classes redefined (0 events):
No events

Internal exceptions (20 events):
Event: 114.725 Thread 0x0000016d29422000 Exception <a 'java/lang/ClassNotFoundException'{0x000000008d559d90}: java/util/HashMapCustomizer> (0x000000008d559d90) thrown at [./src/hotspot/share/classfile/systemDictionary.cpp, line 231]
Event: 114.726 Thread 0x0000016d29422000 Exception <a 'java/lang/ClassNotFoundException'{0x000000008d57b7a0}: java/util/LinkedHashMapCustomizer> (0x000000008d57b7a0) thrown at [./src/hotspot/share/classfile/systemDictionary.cpp, line 231]
Event: 114.730 Thread 0x0000016d29422000 Exception <a 'java/lang/ClassNotFoundException'{0x000000008d5e96f8}: org/gradle/api/plugins/internal/DefaultJavaPluginConventionBeanInfo> (0x000000008d5e96f8) thrown at [./src/hotspot/share/classfile/systemDictionary.cpp, line 231]
Event: 114.730 Thread 0x0000016d29422000 Exception <a 'java/lang/ClassNotFoundException'{0x000000008d40bf70}: org/gradle/api/plugins/JavaPluginConventionBeanInfo> (0x000000008d40bf70) thrown at [./src/hotspot/share/classfile/systemDictionary.cpp, line 231]
Event: 114.731 Thread 0x0000016d29422000 Exception <a 'java/lang/ClassNotFoundException'{0x000000008d42e460}: org/gradle/api/plugins/JavaPluginConventionCustomizer> (0x000000008d42e460) thrown at [./src/hotspot/share/classfile/systemDictionary.cpp, line 231]
Event: 114.732 Thread 0x0000016d29422000 Exception <a 'java/lang/ClassNotFoundException'{0x000000008d468f28}: org/gradle/api/plugins/internal/DefaultJavaPluginConventionCustomizer> (0x000000008d468f28) thrown at [./src/hotspot/share/classfile/systemDictionary.cpp, line 231]
Event: 114.735 Thread 0x0000016d29422000 Exception <a 'java/lang/ClassNotFoundException'{0x000000008d4df290}: org/gradle/api/plugins/internal/DefaultBasePluginConventionBeanInfo> (0x000000008d4df290) thrown at [./src/hotspot/share/classfile/systemDictionary.cpp, line 231]
Event: 114.736 Thread 0x0000016d29422000 Exception <a 'java/lang/ClassNotFoundException'{0x000000008d301db8}: org/gradle/api/plugins/BasePluginConventionBeanInfo> (0x000000008d301db8) thrown at [./src/hotspot/share/classfile/systemDictionary.cpp, line 231]
Event: 114.736 Thread 0x0000016d29422000 Exception <a 'java/lang/ClassNotFoundException'{0x000000008d3242a8}: org/gradle/api/plugins/BasePluginConventionCustomizer> (0x000000008d3242a8) thrown at [./src/hotspot/share/classfile/systemDictionary.cpp, line 231]
Event: 114.737 Thread 0x0000016d29422000 Exception <a 'java/lang/ClassNotFoundException'{0x000000008d355110}: org/gradle/api/plugins/internal/DefaultBasePluginConventionCustomizer> (0x000000008d355110) thrown at [./src/hotspot/share/classfile/systemDictionary.cpp, line 231]
Event: 114.876 Thread 0x0000016d2ffc5800 Exception <a 'java/lang/NoSuchMethodError'{0x000000008c89b8a0}: <clinit>> (0x000000008c89b8a0) thrown at [./src/hotspot/share/prims/jni.cpp, line 1362]
Event: 114.877 Thread 0x0000016d2ffc5800 Exception <a 'java/lang/NoSuchMethodError'{0x000000008c701898}: <clinit>> (0x000000008c701898) thrown at [./src/hotspot/share/prims/jni.cpp, line 1362]
Event: 114.936 Thread 0x0000016d29422000 Implicit null exception at 0x0000016d178a69c8 to 0x0000016d178a6dd0
Event: 120.099 Thread 0x0000016d29422000 Exception <a 'sun/nio/fs/WindowsException'{0x000000008ce37738}> (0x000000008ce37738) thrown at [./src/hotspot/share/prims/jni.cpp, line 615]
Event: 120.185 Thread 0x0000016d29422000 Exception <a 'java/lang/NoClassDefFoundError'{0x000000008cb68000}: org/jetbrains/kotlin/gradle/plugin/KotlinBasePluginWrapper> (0x000000008cb68000) thrown at [./src/hotspot/share/oops/constantPool.cpp, line 775]
Event: 120.217 Thread 0x0000016d29422000 Exception <a 'sun/nio/fs/WindowsException'{0x000000008caa3b18}> (0x000000008caa3b18) thrown at [./src/hotspot/share/prims/jni.cpp, line 615]
Event: 120.230 Thread 0x0000016d29422000 Exception <a 'sun/nio/fs/WindowsException'{0x000000008c946648}> (0x000000008c946648) thrown at [./src/hotspot/share/prims/jni.cpp, line 615]
Event: 120.230 Thread 0x0000016d29422000 Exception <a 'sun/nio/fs/WindowsException'{0x000000008c9479c0}> (0x000000008c9479c0) thrown at [./src/hotspot/share/prims/jni.cpp, line 615]
Event: 120.231 Thread 0x0000016d29422000 Exception <a 'sun/nio/fs/WindowsException'{0x000000008c948d88}> (0x000000008c948d88) thrown at [./src/hotspot/share/prims/jni.cpp, line 615]
Event: 120.231 Thread 0x0000016d29422000 Exception <a 'sun/nio/fs/WindowsException'{0x000000008c94a150}> (0x000000008c94a150) thrown at [./src/hotspot/share/prims/jni.cpp, line 615]

Events (20 events):
Event: 127.259 Executing VM operation: RevokeBias done
Event: 127.310 Executing VM operation: RevokeBias
Event: 127.310 Executing VM operation: RevokeBias done
Event: 127.377 Executing VM operation: RevokeBias
Event: 127.378 Executing VM operation: RevokeBias done
Event: 127.379 Executing VM operation: RevokeBias
Event: 127.379 Executing VM operation: RevokeBias done
Event: 127.379 Executing VM operation: RevokeBias
Event: 127.379 Executing VM operation: RevokeBias done
Event: 127.384 Executing VM operation: RevokeBias
Event: 127.385 Executing VM operation: RevokeBias done
Event: 127.388 Executing VM operation: BulkRevokeBias
Event: 127.391 Executing VM operation: BulkRevokeBias done
Event: 127.396 loading class org/gradle/api/internal/changedetection/changes/ChangesOnlyIncrementalTaskInputs
Event: 127.396 loading class org/gradle/api/internal/changedetection/changes/ChangesOnlyIncrementalTaskInputs done
Event: 127.452 Executing VM operation: G1CollectForAllocation
Event: 127.460 Executing VM operation: G1CollectForAllocation done
Event: 127.620 Executing VM operation: G1CollectForAllocation
Event: 127.635 Executing VM operation: G1CollectForAllocation done
Event: 128.114 Executing VM operation: G1CollectForAllocation


Dynamic libraries:
0x00007ff7d36c0000 - 0x00007ff7d36ca000 	C:\Program Files\Android\Android Studio\jre\bin\java.exe
0x00007ffc15470000 - 0x00007ffc15665000 	C:\windows\SYSTEM32\ntdll.dll
0x00007ffc15270000 - 0x00007ffc1532d000 	C:\windows\System32\KERNEL32.DLL
0x00007ffc12da0000 - 0x00007ffc1306d000 	C:\windows\System32\KERNELBASE.dll
0x00007ffc13110000 - 0x00007ffc13210000 	C:\windows\System32\ucrtbase.dll
0x00007ffbedf60000 - 0x00007ffbedf77000 	C:\Program Files\Android\Android Studio\jre\bin\VCRUNTIME140.dll
0x00007ffbe7170000 - 0x00007ffbe7189000 	C:\Program Files\Android\Android Studio\jre\bin\jli.dll
0x00007ffc148d0000 - 0x00007ffc14a70000 	C:\windows\System32\USER32.dll
0x00007ffc12d70000 - 0x00007ffc12d92000 	C:\windows\System32\win32u.dll
0x00007ffbf63a0000 - 0x00007ffbf663a000 	C:\windows\WinSxS\amd64_microsoft.windows.common-controls_6595b64144ccf1df_6.0.19041.1110_none_60b5254171f9507e\COMCTL32.dll
0x00007ffc14830000 - 0x00007ffc1485a000 	C:\windows\System32\GDI32.dll
0x00007ffc15330000 - 0x00007ffc153ce000 	C:\windows\System32\msvcrt.dll
0x00007ffc133b0000 - 0x00007ffc134bb000 	C:\windows\System32\gdi32full.dll
0x00007ffc13210000 - 0x00007ffc132ad000 	C:\windows\System32\msvcp_win.dll
0x00007ffc14800000 - 0x00007ffc14830000 	C:\windows\System32\IMM32.DLL
0x00007ffbd8760000 - 0x00007ffbd87fd000 	C:\Program Files\Android\Android Studio\jre\bin\msvcp140.dll
0x00007ffbc2a40000 - 0x00007ffbc3515000 	C:\Program Files\Android\Android Studio\jre\bin\server\jvm.dll
0x00007ffc14200000 - 0x00007ffc142ae000 	C:\windows\System32\ADVAPI32.dll
0x00007ffc151d0000 - 0x00007ffc1526c000 	C:\windows\System32\sechost.dll
0x00007ffc150a0000 - 0x00007ffc151c5000 	C:\windows\System32\RPCRT4.dll
0x00007ffc14c80000 - 0x00007ffc14c88000 	C:\windows\System32\PSAPI.DLL
0x00007ffbf80c0000 - 0x00007ffbf80c9000 	C:\windows\SYSTEM32\WSOCK32.dll
0x00007ffc05180000 - 0x00007ffc0518a000 	C:\windows\SYSTEM32\VERSION.dll
0x00007ffbf8280000 - 0x00007ffbf82a7000 	C:\windows\SYSTEM32\WINMM.dll
0x00007ffc14860000 - 0x00007ffc148cb000 	C:\windows\System32\WS2_32.dll
0x00007ffc11410000 - 0x00007ffc11422000 	C:\windows\SYSTEM32\kernel.appcore.dll
0x00007ffc0b9f0000 - 0x00007ffc0ba01000 	C:\Program Files\Android\Android Studio\jre\bin\verify.dll
0x00007ffc107c0000 - 0x00007ffc109a4000 	C:\windows\SYSTEM32\DBGHELP.DLL
0x00007ffbfe690000 - 0x00007ffbfe6bc000 	C:\windows\SYSTEM32\dbgcore.DLL
0x00007ffc12b80000 - 0x00007ffc12c02000 	C:\windows\System32\bcryptPrimitives.dll
0x00007ffc06ee0000 - 0x00007ffc06f09000 	C:\Program Files\Android\Android Studio\jre\bin\java.dll
0x00007ffc0b9c0000 - 0x00007ffc0b9cb000 	C:\Program Files\Android\Android Studio\jre\bin\jimage.dll
0x00007ffbfd920000 - 0x00007ffbfd938000 	C:\Program Files\Android\Android Studio\jre\bin\zip.dll
0x00007ffc136e0000 - 0x00007ffc13e24000 	C:\windows\System32\SHELL32.dll
0x00007ffc109b0000 - 0x00007ffc11144000 	C:\windows\SYSTEM32\windows.storage.dll
0x00007ffc14d40000 - 0x00007ffc15094000 	C:\windows\System32\combase.dll
0x00007ffc125e0000 - 0x00007ffc1260c000 	C:\windows\SYSTEM32\Wldp.dll
0x00007ffc14730000 - 0x00007ffc147dd000 	C:\windows\System32\SHCORE.dll
0x00007ffc13680000 - 0x00007ffc136d5000 	C:\windows\System32\shlwapi.dll
0x00007ffc12ac0000 - 0x00007ffc12adf000 	C:\windows\SYSTEM32\profapi.dll
0x00007ffbfd8b0000 - 0x00007ffbfd8ca000 	C:\Program Files\Android\Android Studio\jre\bin\net.dll
0x00007ffc09a40000 - 0x00007ffc09b4a000 	C:\windows\SYSTEM32\WINHTTP.dll
0x00007ffc12340000 - 0x00007ffc123aa000 	C:\windows\system32\mswsock.dll
0x00007ffbfd890000 - 0x00007ffbfd8a4000 	C:\Program Files\Android\Android Studio\jre\bin\nio.dll
0x00007ffbfd690000 - 0x00007ffbfd6b7000 	C:\Users\ENVY\.gradle\native\e1d6ef7f7dcc3fd88c89a11ec53ec762bb8ba0a96d01ffa2cd45eb1d1d8dd5c5\windows-amd64\native-platform.dll
0x00007ffbc8bc0000 - 0x00007ffbc8d04000 	C:\Users\ENVY\.gradle\native\5664cfc778a61ccfe75a443a1ab52a65af34e5dc3c78e0209fed803814484fcb\windows-amd64\native-platform-file-events.dll
0x00007ffc06ed0000 - 0x00007ffc06eda000 	C:\Program Files\Android\Android Studio\jre\bin\management.dll
0x00007ffc06e70000 - 0x00007ffc06e7d000 	C:\Program Files\Android\Android Studio\jre\bin\management_ext.dll
0x00007ffc12530000 - 0x00007ffc12548000 	C:\windows\SYSTEM32\CRYPTSP.dll
0x00007ffc11c50000 - 0x00007ffc11c84000 	C:\windows\system32\rsaenh.dll
0x00007ffc13070000 - 0x00007ffc13097000 	C:\windows\System32\bcrypt.dll
0x00007ffc12a40000 - 0x00007ffc12a6e000 	C:\windows\SYSTEM32\USERENV.dll
0x00007ffc12550000 - 0x00007ffc1255c000 	C:\windows\SYSTEM32\CRYPTBASE.dll
0x00007ffc11fe0000 - 0x00007ffc1201b000 	C:\windows\SYSTEM32\IPHLPAPI.DLL
0x00007ffc13590000 - 0x00007ffc13598000 	C:\windows\System32\NSI.dll
0x00007ffc023a0000 - 0x00007ffc023b7000 	C:\windows\SYSTEM32\dhcpcsvc6.DLL
0x00007ffc070c0000 - 0x00007ffc070dd000 	C:\windows\SYSTEM32\dhcpcsvc.DLL
0x00007ffc12020000 - 0x00007ffc120eb000 	C:\windows\SYSTEM32\DNSAPI.dll
0x00007ffc11880000 - 0x00007ffc118b3000 	C:\windows\SYSTEM32\ntmarta.dll
0x00007ffbfd700000 - 0x00007ffbfd727000 	C:\Program Files\Android\Android Studio\jre\bin\sunec.dll
0x000000006a370000 - 0x000000006a396000 	C:\Program Files\Bonjour\mdnsNSP.dll
0x00007ffc06c70000 - 0x00007ffc06c7a000 	C:\Windows\System32\rasadhlp.dll
0x00007ffc05870000 - 0x00007ffc058f0000 	C:\windows\System32\fwpuclnt.dll

dbghelp: loaded successfully - version: 4.0.5 - missing functions: none
symbol engine: initialized successfully - sym options: 0x614 - pdb path: .;C:\Program Files\Android\Android Studio\jre\bin;C:\windows\SYSTEM32;C:\windows\WinSxS\amd64_microsoft.windows.common-controls_6595b64144ccf1df_6.0.19041.1110_none_60b5254171f9507e;C:\Program Files\Android\Android Studio\jre\bin\server;C:\Users\ENVY\.gradle\native\e1d6ef7f7dcc3fd88c89a11ec53ec762bb8ba0a96d01ffa2cd45eb1d1d8dd5c5\windows-amd64;C:\Users\ENVY\.gradle\native\5664cfc778a61ccfe75a443a1ab52a65af34e5dc3c78e0209fed803814484fcb\windows-amd64;C:\Program Files\Bonjour

VM Arguments:
jvm_args: --add-opens=java.base/java.util=ALL-UNNAMED --add-opens=java.base/java.lang=ALL-UNNAMED --add-opens=java.base/java.lang.invoke=ALL-UNNAMED --add-opens=java.base/java.util=ALL-UNNAMED --add-opens=java.prefs/java.util.prefs=ALL-UNNAMED --add-opens=java.prefs/java.util.prefs=ALL-UNNAMED --add-opens=java.base/java.nio.charset=ALL-UNNAMED --add-opens=java.base/java.net=ALL-UNNAMED --add-opens=java.base/java.util.concurrent.atomic=ALL-UNNAMED -Xmx2048m -Dfile.encoding=UTF-8 -Duser.country=RU -Duser.language=ru -Duser.variant 
java_command: org.gradle.launcher.daemon.bootstrap.GradleDaemon 7.2
java_class_path (initial): C:\Users\ENVY\.gradle\wrapper\dists\gradle-7.2-bin\2dnblmf4td7x66yl1d74lt32g\gradle-7.2\lib\gradle-launcher-7.2.jar
Launcher Type: SUN_STANDARD

[Global flags]
     intx CICompilerCount                          = 4                                         {product} {ergonomic}
     uint ConcGCThreads                            = 2                                         {product} {ergonomic}
     uint G1ConcRefinementThreads                  = 8                                         {product} {ergonomic}
   size_t G1HeapRegionSize                         = 1048576                                   {product} {ergonomic}
    uintx GCDrainStackTargetSize                   = 64                                        {product} {ergonomic}
   size_t InitialHeapSize                          = 132120576                                 {product} {ergonomic}
   size_t MarkStackSize                            = 4194304                                   {product} {ergonomic}
   size_t MaxHeapSize                              = 2147483648                                {product} {command line}
   size_t MaxNewSize                               = 1287651328                                {product} {ergonomic}
   size_t MinHeapDeltaBytes                        = 1048576                                   {product} {ergonomic}
    uintx NonNMethodCodeHeapSize                   = 5836300                                {pd product} {ergonomic}
    uintx NonProfiledCodeHeapSize                  = 122910970                              {pd product} {ergonomic}
    uintx ProfiledCodeHeapSize                     = 122910970                              {pd product} {ergonomic}
    uintx ReservedCodeCacheSize                    = 251658240                              {pd product} {ergonomic}
     bool SegmentedCodeCache                       = true                                      {product} {ergonomic}
     bool UseCompressedClassPointers               = true                                 {lp64_product} {ergonomic}
     bool UseCompressedOops                        = true                                 {lp64_product} {ergonomic}
     bool UseG1GC                                  = true                                      {product} {ergonomic}
     bool UseLargePagesIndividualAllocation        = false                                  {pd product} {ergonomic}

Logging:
Log output configuration:
 #0: stdout all=warning uptime,level,tags
 #1: stderr all=off uptime,level,tags

Environment Variables:
PATH=C:\Program Files (x86)\Common Files\Oracle\Java\javapath;C:\windows\system32;C:\windows;C:\windows\System32\Wbem;C:\windows\System32\WindowsPowerShell\v1.0\;C:\windows\System32\OpenSSH\;C:\Program Files\dotnet\;C:\Program Files\7-Zip;C:\Program Files\Git\cmd;C:\Users\ENVY\AppData\Local\Microsoft\WindowsApps;
USERNAME=ENVY
OS=Windows_NT
PROCESSOR_IDENTIFIER=Intel64 Family 6 Model 140 Stepping 1, GenuineIntel



---------------  S Y S T E M  ---------------

OS: Windows 10 , 64 bit Build 19041 (10.0.19041.1706)
OS uptime: 23 days 22:10 hours

CPU:total 8 (initial active 8) (4 cores per cpu, 2 threads per core) family 6 model 140 stepping 1 microcode 0x86, cmov, cx8, fxsr, mmx, sse, sse2, sse3, ssse3, sse4.1, sse4.2, popcnt, avx, avx2, aes, clmul, erms, 3dnowpref, lzcnt, ht, tsc, tscinvbit, bmi1, bmi2, adx, evex, sha, fma

Memory: 4k page, system-wide physical 7953M (300M free)
TotalPageFile size 32529M (AvailPageFile size 60M)
current process WorkingSet (physical memory assigned to process): 395M, peak: 470M
current process commit charge ("private bytes"): 694M, peak: 796M

vm_info: OpenJDK 64-Bit Server VM (11.0.11+9-b60-7590822) for windows-amd64 JRE (11.0.11+9-b60-7590822), built on Jul 29 2021 21:43:44 by "builder" with MS VC++ 14.0 (VS2015)

END.
